<?xml version="1.0" encoding="UTF-8"?>
<!-- Generated by org.testng.reporters.JUnitXMLReporter -->
<testsuite ignored="20" hostname="T14s" failures="30" tests="138" name="firefox" time="1269.421" errors="0" timestamp="2024-03-02T14:28:23 ICT">
  <testcase classname="testclass.client.sesweb.AdministratorTest" name="createANewAdminUser" time="16.912">
    <skipped/>
  </testcase> <!-- createANewAdminUser -->
  <testcase classname="testclass.client.sesweb.FolderTest" name="AddNewFolder" time="17.003">
    <skipped/>
  </testcase> <!-- AddNewFolder -->
  <testcase classname="testclass.client.sesweb.FolderTest" name="AddNewFolder" time="3.503">
    <skipped/>
  </testcase> <!-- AddNewFolder -->
  <testcase classname="testclass.client.sesweb.AdministratorTest" name="createANewAdminUser" time="3.761">
    <skipped/>
  </testcase> <!-- createANewAdminUser -->
  <testcase classname="testclass.client.sesweb.FolderTest" name="AddNewFolder" time="3.717">
    <failure type="org.openqa.selenium.ElementClickInterceptedException" message="Element &amp;lt;button class=&amp;quot;submit&amp;quot; name=&amp;quot;save&amp;quot;&amp;gt; is not clickable at point (1275,351) because another element &amp;lt;html class=&amp;quot;k-ff k-ff124&amp;quot;&amp;gt; obscures it
Build info: version: &amp;apos;4.13.0&amp;apos;, revision: &amp;apos;ba948ece5b*&amp;apos;
System info: os.name: &amp;apos;Windows 11&amp;apos;, os.arch: &amp;apos;amd64&amp;apos;, os.version: &amp;apos;10.0&amp;apos;, java.version: &amp;apos;21.0.1&amp;apos;
Driver info: org.openqa.selenium.remote.RemoteWebDriver
Command: [84a68c61-e28c-4732-ba59-80fe881f0713, clickElement {id=ab2d0201-a0fe-4758-af3e-a541c515af80}]
Capabilities {acceptInsecureCerts: false, browserName: firefox, browserVersion: 124.0, moz:accessibilityChecks: false, moz:buildID: 20240221091558, moz:geckodriverVersion: 0.34.0, moz:headless: false, moz:platformVersion: 10.0, moz:processID: 20612, moz:profile: C:\Users\T14S-C~1\AppData\L..., moz:shutdownTimeout: 60000, moz:webdriverClick: true, moz:windowless: false, pageLoadStrategy: normal, platformName: Windows 11, proxy: Proxy(), se:bidiEnabled: false, se:cdp: ws://192.168.2.15:4444/sess..., setWindowRect: true, strictFileInteractability: false, timeouts: {implicit: 0, pageLoad: 300000, script: 30000}, unhandledPromptBehavior: dismiss and notify}
Element: [[RemoteWebDriver: firefox on Windows 11 (84a68c61-e28c-4732-ba59-80fe881f0713)] -&amp;gt; css selector: [class=&amp;apos;submit&amp;apos;]]
Session ID: 84a68c61-e28c-4732-ba59-80fe881f0713">
      <![CDATA[org.openqa.selenium.ElementClickInterceptedException: Element <button class="submit" name="save"> is not clickable at point (1275,351) because another element <html class="k-ff k-ff124"> obscures it
Build info: version: '4.13.0', revision: 'ba948ece5b*'
System info: os.name: 'Windows 11', os.arch: 'amd64', os.version: '10.0', java.version: '21.0.1'
Driver info: org.openqa.selenium.remote.RemoteWebDriver
Command: [84a68c61-e28c-4732-ba59-80fe881f0713, clickElement {id=ab2d0201-a0fe-4758-af3e-a541c515af80}]
Capabilities {acceptInsecureCerts: false, browserName: firefox, browserVersion: 124.0, moz:accessibilityChecks: false, moz:buildID: 20240221091558, moz:geckodriverVersion: 0.34.0, moz:headless: false, moz:platformVersion: 10.0, moz:processID: 20612, moz:profile: C:\Users\T14S-C~1\AppData\L..., moz:shutdownTimeout: 60000, moz:webdriverClick: true, moz:windowless: false, pageLoadStrategy: normal, platformName: Windows 11, proxy: Proxy(), se:bidiEnabled: false, se:cdp: ws://192.168.2.15:4444/sess..., setWindowRect: true, strictFileInteractability: false, timeouts: {implicit: 0, pageLoad: 300000, script: 30000}, unhandledPromptBehavior: dismiss and notify}
Element: [[RemoteWebDriver: firefox on Windows 11 (84a68c61-e28c-4732-ba59-80fe881f0713)] -> css selector: [class='submit']]
Session ID: 84a68c61-e28c-4732-ba59-80fe881f0713
at org.openqa.selenium.remote.codec.w3c.W3CHttpResponseCodec.createException(W3CHttpResponseCodec.java:200)
at org.openqa.selenium.remote.codec.w3c.W3CHttpResponseCodec.decode(W3CHttpResponseCodec.java:133)
at org.openqa.selenium.remote.codec.w3c.W3CHttpResponseCodec.decode(W3CHttpResponseCodec.java:52)
at org.openqa.selenium.remote.HttpCommandExecutor.execute(HttpCommandExecutor.java:191)
at org.openqa.selenium.remote.TracedCommandExecutor.execute(TracedCommandExecutor.java:51)
at org.openqa.selenium.remote.RemoteWebDriver.execute(RemoteWebDriver.java:602)
at org.openqa.selenium.remote.RemoteWebElement.execute(RemoteWebElement.java:224)
at org.openqa.selenium.remote.RemoteWebElement.click(RemoteWebElement.java:77)
at org.openqa.selenium.support.pagefactory.internal.LocatingElementHandler.invoke(LocatingElementHandler.java:51)
at jdk.proxy2/jdk.proxy2.$Proxy39.click(Unknown Source)
at com.clean.ults.ElementController.click(ElementController.java:48)
at com.clean.pages.users.addfolder.AddFolderController.clickOnSaveBtn(AddFolderController.java:33)
at testclass.client.sesweb.FolderTest.AddNewFolder(FolderTest.java:40)
at java.base/java.util.concurrent.ThreadPoolExecutor.runWorker(ThreadPoolExecutor.java:1144)
at java.base/java.util.concurrent.ThreadPoolExecutor$Worker.run(ThreadPoolExecutor.java:642)
at java.base/java.lang.Thread.run(Thread.java:1583)
... Removed 15 stack frames]]>
    </failure>
  </testcase> <!-- AddNewFolder -->
  <testcase classname="testclass.client.sesweb.AdministratorTest" name="createANewAdminUser" time="3.581">
    <failure type="org.openqa.selenium.ElementClickInterceptedException" message="Element &amp;lt;button id=&amp;quot;new-user-submit&amp;quot; name=&amp;quot;save&amp;quot;&amp;gt; is not clickable at point (1275,570) because another element &amp;lt;html class=&amp;quot;k-ff k-ff124&amp;quot;&amp;gt; obscures it
Build info: version: &amp;apos;4.13.0&amp;apos;, revision: &amp;apos;ba948ece5b*&amp;apos;
System info: os.name: &amp;apos;Windows 11&amp;apos;, os.arch: &amp;apos;amd64&amp;apos;, os.version: &amp;apos;10.0&amp;apos;, java.version: &amp;apos;21.0.1&amp;apos;
Driver info: org.openqa.selenium.remote.RemoteWebDriver
Command: [c24afbaa-c5a1-4561-ad8c-5d4af2f73bd9, clickElement {id=f20c1728-c042-401c-8f00-f972f8f26e61}]
Capabilities {acceptInsecureCerts: false, browserName: firefox, browserVersion: 124.0, moz:accessibilityChecks: false, moz:buildID: 20240221091558, moz:geckodriverVersion: 0.34.0, moz:headless: false, moz:platformVersion: 10.0, moz:processID: 8880, moz:profile: C:\Users\T14S-C~1\AppData\L..., moz:shutdownTimeout: 60000, moz:webdriverClick: true, moz:windowless: false, pageLoadStrategy: normal, platformName: Windows 11, proxy: Proxy(), se:bidiEnabled: false, se:cdp: ws://192.168.2.15:4444/sess..., setWindowRect: true, strictFileInteractability: false, timeouts: {implicit: 0, pageLoad: 300000, script: 30000}, unhandledPromptBehavior: dismiss and notify}
Element: [[RemoteWebDriver: firefox on Windows 11 (c24afbaa-c5a1-4561-ad8c-5d4af2f73bd9)] -&amp;gt; id: new-user-submit]
Session ID: c24afbaa-c5a1-4561-ad8c-5d4af2f73bd9">
      <![CDATA[org.openqa.selenium.ElementClickInterceptedException: Element <button id="new-user-submit" name="save"> is not clickable at point (1275,570) because another element <html class="k-ff k-ff124"> obscures it
Build info: version: '4.13.0', revision: 'ba948ece5b*'
System info: os.name: 'Windows 11', os.arch: 'amd64', os.version: '10.0', java.version: '21.0.1'
Driver info: org.openqa.selenium.remote.RemoteWebDriver
Command: [c24afbaa-c5a1-4561-ad8c-5d4af2f73bd9, clickElement {id=f20c1728-c042-401c-8f00-f972f8f26e61}]
Capabilities {acceptInsecureCerts: false, browserName: firefox, browserVersion: 124.0, moz:accessibilityChecks: false, moz:buildID: 20240221091558, moz:geckodriverVersion: 0.34.0, moz:headless: false, moz:platformVersion: 10.0, moz:processID: 8880, moz:profile: C:\Users\T14S-C~1\AppData\L..., moz:shutdownTimeout: 60000, moz:webdriverClick: true, moz:windowless: false, pageLoadStrategy: normal, platformName: Windows 11, proxy: Proxy(), se:bidiEnabled: false, se:cdp: ws://192.168.2.15:4444/sess..., setWindowRect: true, strictFileInteractability: false, timeouts: {implicit: 0, pageLoad: 300000, script: 30000}, unhandledPromptBehavior: dismiss and notify}
Element: [[RemoteWebDriver: firefox on Windows 11 (c24afbaa-c5a1-4561-ad8c-5d4af2f73bd9)] -> id: new-user-submit]
Session ID: c24afbaa-c5a1-4561-ad8c-5d4af2f73bd9
at org.openqa.selenium.remote.codec.w3c.W3CHttpResponseCodec.createException(W3CHttpResponseCodec.java:200)
at org.openqa.selenium.remote.codec.w3c.W3CHttpResponseCodec.decode(W3CHttpResponseCodec.java:133)
at org.openqa.selenium.remote.codec.w3c.W3CHttpResponseCodec.decode(W3CHttpResponseCodec.java:52)
at org.openqa.selenium.remote.HttpCommandExecutor.execute(HttpCommandExecutor.java:191)
at org.openqa.selenium.remote.TracedCommandExecutor.execute(TracedCommandExecutor.java:51)
at org.openqa.selenium.remote.RemoteWebDriver.execute(RemoteWebDriver.java:602)
at org.openqa.selenium.remote.RemoteWebElement.execute(RemoteWebElement.java:224)
at org.openqa.selenium.remote.RemoteWebElement.click(RemoteWebElement.java:77)
at org.openqa.selenium.support.pagefactory.internal.LocatingElementHandler.invoke(LocatingElementHandler.java:51)
at jdk.proxy2/jdk.proxy2.$Proxy39.click(Unknown Source)
at com.clean.ults.ElementController.click(ElementController.java:48)
at com.clean.pages.users.adduser.AddUserController.clickOnSaveBtn(AddUserController.java:84)
at testclass.client.sesweb.AdministratorTest.createANewAdminUser(AdministratorTest.java:42)
at java.base/java.util.concurrent.ThreadPoolExecutor.runWorker(ThreadPoolExecutor.java:1144)
at java.base/java.util.concurrent.ThreadPoolExecutor$Worker.run(ThreadPoolExecutor.java:642)
at java.base/java.lang.Thread.run(Thread.java:1583)
... Removed 15 stack frames]]>
    </failure>
  </testcase> <!-- createANewAdminUser -->
  <testcase classname="testclass.client.sesweb.AdministratorTest" name="addNewAdministratorUser" time="3.13">
    <skipped/>
  </testcase> <!-- addNewAdministratorUser -->
  <testcase classname="testclass.client.sesweb.FolderTest" name="AddNewFolderWithOneChar" time="3.633">
    <skipped/>
  </testcase> <!-- AddNewFolderWithOneChar -->
  <testcase classname="testclass.client.sesweb.AdministratorTest" name="addNewAdministratorUser" time="2.954">
    <skipped/>
  </testcase> <!-- addNewAdministratorUser -->
  <testcase classname="testclass.client.sesweb.FolderTest" name="AddNewFolderWithOneChar" time="4.429">
    <skipped/>
  </testcase> <!-- AddNewFolderWithOneChar -->
  <testcase classname="testclass.client.sesweb.AdministratorTest" name="addNewAdministratorUser" time="3.821">
    <failure type="org.openqa.selenium.ElementClickInterceptedException" message="Element &amp;lt;a class=&amp;quot;navigationnode helpitem&amp;quot; href=&amp;quot;/Configuration/ViewConfigSettings&amp;quot;&amp;gt; is not clickable at point (100,579) because another element &amp;lt;html class=&amp;quot;k-ff k-ff124&amp;quot;&amp;gt; obscures it
Build info: version: &amp;apos;4.13.0&amp;apos;, revision: &amp;apos;ba948ece5b*&amp;apos;
System info: os.name: &amp;apos;Windows 11&amp;apos;, os.arch: &amp;apos;amd64&amp;apos;, os.version: &amp;apos;10.0&amp;apos;, java.version: &amp;apos;21.0.1&amp;apos;
Driver info: org.openqa.selenium.remote.RemoteWebDriver
Command: [c24afbaa-c5a1-4561-ad8c-5d4af2f73bd9, clickElement {id=c07c40ee-d00f-496c-8422-eea7741f6faf}]
Capabilities {acceptInsecureCerts: false, browserName: firefox, browserVersion: 124.0, moz:accessibilityChecks: false, moz:buildID: 20240221091558, moz:geckodriverVersion: 0.34.0, moz:headless: false, moz:platformVersion: 10.0, moz:processID: 8880, moz:profile: C:\Users\T14S-C~1\AppData\L..., moz:shutdownTimeout: 60000, moz:webdriverClick: true, moz:windowless: false, pageLoadStrategy: normal, platformName: Windows 11, proxy: Proxy(), se:bidiEnabled: false, se:cdp: ws://192.168.2.15:4444/sess..., setWindowRect: true, strictFileInteractability: false, timeouts: {implicit: 0, pageLoad: 300000, script: 30000}, unhandledPromptBehavior: dismiss and notify}
Element: [[RemoteWebDriver: firefox on Windows 11 (c24afbaa-c5a1-4561-ad8c-5d4af2f73bd9)] -&amp;gt; link text: Configuration]
Session ID: c24afbaa-c5a1-4561-ad8c-5d4af2f73bd9">
      <![CDATA[org.openqa.selenium.ElementClickInterceptedException: Element <a class="navigationnode helpitem" href="/Configuration/ViewConfigSettings"> is not clickable at point (100,579) because another element <html class="k-ff k-ff124"> obscures it
Build info: version: '4.13.0', revision: 'ba948ece5b*'
System info: os.name: 'Windows 11', os.arch: 'amd64', os.version: '10.0', java.version: '21.0.1'
Driver info: org.openqa.selenium.remote.RemoteWebDriver
Command: [c24afbaa-c5a1-4561-ad8c-5d4af2f73bd9, clickElement {id=c07c40ee-d00f-496c-8422-eea7741f6faf}]
Capabilities {acceptInsecureCerts: false, browserName: firefox, browserVersion: 124.0, moz:accessibilityChecks: false, moz:buildID: 20240221091558, moz:geckodriverVersion: 0.34.0, moz:headless: false, moz:platformVersion: 10.0, moz:processID: 8880, moz:profile: C:\Users\T14S-C~1\AppData\L..., moz:shutdownTimeout: 60000, moz:webdriverClick: true, moz:windowless: false, pageLoadStrategy: normal, platformName: Windows 11, proxy: Proxy(), se:bidiEnabled: false, se:cdp: ws://192.168.2.15:4444/sess..., setWindowRect: true, strictFileInteractability: false, timeouts: {implicit: 0, pageLoad: 300000, script: 30000}, unhandledPromptBehavior: dismiss and notify}
Element: [[RemoteWebDriver: firefox on Windows 11 (c24afbaa-c5a1-4561-ad8c-5d4af2f73bd9)] -> link text: Configuration]
Session ID: c24afbaa-c5a1-4561-ad8c-5d4af2f73bd9
at org.openqa.selenium.remote.codec.w3c.W3CHttpResponseCodec.createException(W3CHttpResponseCodec.java:200)
at org.openqa.selenium.remote.codec.w3c.W3CHttpResponseCodec.decode(W3CHttpResponseCodec.java:133)
at org.openqa.selenium.remote.codec.w3c.W3CHttpResponseCodec.decode(W3CHttpResponseCodec.java:52)
at org.openqa.selenium.remote.HttpCommandExecutor.execute(HttpCommandExecutor.java:191)
at org.openqa.selenium.remote.TracedCommandExecutor.execute(TracedCommandExecutor.java:51)
at org.openqa.selenium.remote.RemoteWebDriver.execute(RemoteWebDriver.java:602)
at org.openqa.selenium.remote.RemoteWebElement.execute(RemoteWebElement.java:224)
at org.openqa.selenium.remote.RemoteWebElement.click(RemoteWebElement.java:77)
at org.openqa.selenium.support.pagefactory.internal.LocatingElementHandler.invoke(LocatingElementHandler.java:51)
at jdk.proxy2/jdk.proxy2.$Proxy39.click(Unknown Source)
at com.clean.ults.ElementController.click(ElementController.java:48)
at com.clean.pages.configuration.ConfigurationController.clickOnConfiguration(ConfigurationController.java:17)
at testclass.client.sesweb.AdministratorTest.addNewAdministratorUser(AdministratorTest.java:56)
at java.base/java.util.concurrent.ThreadPoolExecutor.runWorker(ThreadPoolExecutor.java:1144)
at java.base/java.util.concurrent.ThreadPoolExecutor$Worker.run(ThreadPoolExecutor.java:642)
at java.base/java.lang.Thread.run(Thread.java:1583)
... Removed 15 stack frames]]>
    </failure>
  </testcase> <!-- addNewAdministratorUser -->
  <testcase classname="testclass.client.sesweb.AdministratorTest" name="assignAdminRoleToAdminUser" time="0.0">
    <skipped/>
  </testcase> <!-- assignAdminRoleToAdminUser -->
  <testcase classname="testclass.client.sesweb.FolderTest" name="AssignKeyToFolder" time="0.0">
    <skipped/>
  </testcase> <!-- AssignKeyToFolder -->
  <testcase classname="testclass.client.sesweb.FolderTest" name="AddNewFolderWithOneChar" time="3.594">
    <failure type="org.openqa.selenium.ElementClickInterceptedException" message="Element &amp;lt;button class=&amp;quot;submit&amp;quot; name=&amp;quot;save&amp;quot;&amp;gt; is not clickable at point (1275,351) because another element &amp;lt;html class=&amp;quot;k-ff k-ff124&amp;quot;&amp;gt; obscures it
Build info: version: &amp;apos;4.13.0&amp;apos;, revision: &amp;apos;ba948ece5b*&amp;apos;
System info: os.name: &amp;apos;Windows 11&amp;apos;, os.arch: &amp;apos;amd64&amp;apos;, os.version: &amp;apos;10.0&amp;apos;, java.version: &amp;apos;21.0.1&amp;apos;
Driver info: org.openqa.selenium.remote.RemoteWebDriver
Command: [84a68c61-e28c-4732-ba59-80fe881f0713, clickElement {id=e6fff987-dd2d-4371-a6eb-6e44ba73f7b8}]
Capabilities {acceptInsecureCerts: false, browserName: firefox, browserVersion: 124.0, moz:accessibilityChecks: false, moz:buildID: 20240221091558, moz:geckodriverVersion: 0.34.0, moz:headless: false, moz:platformVersion: 10.0, moz:processID: 20612, moz:profile: C:\Users\T14S-C~1\AppData\L..., moz:shutdownTimeout: 60000, moz:webdriverClick: true, moz:windowless: false, pageLoadStrategy: normal, platformName: Windows 11, proxy: Proxy(), se:bidiEnabled: false, se:cdp: ws://192.168.2.15:4444/sess..., setWindowRect: true, strictFileInteractability: false, timeouts: {implicit: 0, pageLoad: 300000, script: 30000}, unhandledPromptBehavior: dismiss and notify}
Element: [[RemoteWebDriver: firefox on Windows 11 (84a68c61-e28c-4732-ba59-80fe881f0713)] -&amp;gt; css selector: [class=&amp;apos;submit&amp;apos;]]
Session ID: 84a68c61-e28c-4732-ba59-80fe881f0713">
      <![CDATA[org.openqa.selenium.ElementClickInterceptedException: Element <button class="submit" name="save"> is not clickable at point (1275,351) because another element <html class="k-ff k-ff124"> obscures it
Build info: version: '4.13.0', revision: 'ba948ece5b*'
System info: os.name: 'Windows 11', os.arch: 'amd64', os.version: '10.0', java.version: '21.0.1'
Driver info: org.openqa.selenium.remote.RemoteWebDriver
Command: [84a68c61-e28c-4732-ba59-80fe881f0713, clickElement {id=e6fff987-dd2d-4371-a6eb-6e44ba73f7b8}]
Capabilities {acceptInsecureCerts: false, browserName: firefox, browserVersion: 124.0, moz:accessibilityChecks: false, moz:buildID: 20240221091558, moz:geckodriverVersion: 0.34.0, moz:headless: false, moz:platformVersion: 10.0, moz:processID: 20612, moz:profile: C:\Users\T14S-C~1\AppData\L..., moz:shutdownTimeout: 60000, moz:webdriverClick: true, moz:windowless: false, pageLoadStrategy: normal, platformName: Windows 11, proxy: Proxy(), se:bidiEnabled: false, se:cdp: ws://192.168.2.15:4444/sess..., setWindowRect: true, strictFileInteractability: false, timeouts: {implicit: 0, pageLoad: 300000, script: 30000}, unhandledPromptBehavior: dismiss and notify}
Element: [[RemoteWebDriver: firefox on Windows 11 (84a68c61-e28c-4732-ba59-80fe881f0713)] -> css selector: [class='submit']]
Session ID: 84a68c61-e28c-4732-ba59-80fe881f0713
at org.openqa.selenium.remote.codec.w3c.W3CHttpResponseCodec.createException(W3CHttpResponseCodec.java:200)
at org.openqa.selenium.remote.codec.w3c.W3CHttpResponseCodec.decode(W3CHttpResponseCodec.java:133)
at org.openqa.selenium.remote.codec.w3c.W3CHttpResponseCodec.decode(W3CHttpResponseCodec.java:52)
at org.openqa.selenium.remote.HttpCommandExecutor.execute(HttpCommandExecutor.java:191)
at org.openqa.selenium.remote.TracedCommandExecutor.execute(TracedCommandExecutor.java:51)
at org.openqa.selenium.remote.RemoteWebDriver.execute(RemoteWebDriver.java:602)
at org.openqa.selenium.remote.RemoteWebElement.execute(RemoteWebElement.java:224)
at org.openqa.selenium.remote.RemoteWebElement.click(RemoteWebElement.java:77)
at org.openqa.selenium.support.pagefactory.internal.LocatingElementHandler.invoke(LocatingElementHandler.java:51)
at jdk.proxy2/jdk.proxy2.$Proxy39.click(Unknown Source)
at com.clean.ults.ElementController.click(ElementController.java:48)
at com.clean.pages.users.addfolder.AddFolderController.clickOnSaveBtn(AddFolderController.java:33)
at testclass.client.sesweb.FolderTest.AddNewFolderWithOneChar(FolderTest.java:74)
at java.base/java.util.concurrent.ThreadPoolExecutor.runWorker(ThreadPoolExecutor.java:1144)
at java.base/java.util.concurrent.ThreadPoolExecutor$Worker.run(ThreadPoolExecutor.java:642)
at java.base/java.lang.Thread.run(Thread.java:1583)
... Removed 15 stack frames]]>
    </failure>
  </testcase> <!-- AddNewFolderWithOneChar -->
  <testcase classname="testclass.client.sesweb.FolderTest" name="CheckExtendIconOnFolderTree" time="2.981"/>
  <testcase classname="testclass.client.sesweb.FolderTest" name="CreateNewFolderWith64Character" time="3.48">
    <skipped/>
  </testcase> <!-- CreateNewFolderWith64Character -->
  <testcase classname="testclass.client.sesweb.FolderTest" name="DeleteFolderInFolderP" time="3.957">
    <skipped/>
  </testcase> <!-- DeleteFolderInFolderP -->
  <testcase classname="testclass.client.sesweb.FolderTest" name="CreateNewFolderWith64Character" time="4.754">
    <skipped/>
  </testcase> <!-- CreateNewFolderWith64Character -->
  <testcase classname="testclass.client.sesweb.FolderTest" name="DeleteFolderInFolderP" time="3.979">
    <skipped/>
  </testcase> <!-- DeleteFolderInFolderP -->
  <testcase classname="testclass.client.sesweb.FolderTest" name="CreateNewFolderWith64Character" time="3.469">
    <failure type="org.openqa.selenium.ElementClickInterceptedException" message="Element &amp;lt;button class=&amp;quot;submit&amp;quot; name=&amp;quot;save&amp;quot;&amp;gt; is not clickable at point (1275,351) because another element &amp;lt;html class=&amp;quot;k-ff k-ff124&amp;quot;&amp;gt; obscures it
Build info: version: &amp;apos;4.13.0&amp;apos;, revision: &amp;apos;ba948ece5b*&amp;apos;
System info: os.name: &amp;apos;Windows 11&amp;apos;, os.arch: &amp;apos;amd64&amp;apos;, os.version: &amp;apos;10.0&amp;apos;, java.version: &amp;apos;21.0.1&amp;apos;
Driver info: org.openqa.selenium.remote.RemoteWebDriver
Command: [84a68c61-e28c-4732-ba59-80fe881f0713, clickElement {id=235acfb7-5faa-41dd-84f5-d6f3169d8e3d}]
Capabilities {acceptInsecureCerts: false, browserName: firefox, browserVersion: 124.0, moz:accessibilityChecks: false, moz:buildID: 20240221091558, moz:geckodriverVersion: 0.34.0, moz:headless: false, moz:platformVersion: 10.0, moz:processID: 20612, moz:profile: C:\Users\T14S-C~1\AppData\L..., moz:shutdownTimeout: 60000, moz:webdriverClick: true, moz:windowless: false, pageLoadStrategy: normal, platformName: Windows 11, proxy: Proxy(), se:bidiEnabled: false, se:cdp: ws://192.168.2.15:4444/sess..., setWindowRect: true, strictFileInteractability: false, timeouts: {implicit: 0, pageLoad: 300000, script: 30000}, unhandledPromptBehavior: dismiss and notify}
Element: [[RemoteWebDriver: firefox on Windows 11 (84a68c61-e28c-4732-ba59-80fe881f0713)] -&amp;gt; css selector: [class=&amp;apos;submit&amp;apos;]]
Session ID: 84a68c61-e28c-4732-ba59-80fe881f0713">
      <![CDATA[org.openqa.selenium.ElementClickInterceptedException: Element <button class="submit" name="save"> is not clickable at point (1275,351) because another element <html class="k-ff k-ff124"> obscures it
Build info: version: '4.13.0', revision: 'ba948ece5b*'
System info: os.name: 'Windows 11', os.arch: 'amd64', os.version: '10.0', java.version: '21.0.1'
Driver info: org.openqa.selenium.remote.RemoteWebDriver
Command: [84a68c61-e28c-4732-ba59-80fe881f0713, clickElement {id=235acfb7-5faa-41dd-84f5-d6f3169d8e3d}]
Capabilities {acceptInsecureCerts: false, browserName: firefox, browserVersion: 124.0, moz:accessibilityChecks: false, moz:buildID: 20240221091558, moz:geckodriverVersion: 0.34.0, moz:headless: false, moz:platformVersion: 10.0, moz:processID: 20612, moz:profile: C:\Users\T14S-C~1\AppData\L..., moz:shutdownTimeout: 60000, moz:webdriverClick: true, moz:windowless: false, pageLoadStrategy: normal, platformName: Windows 11, proxy: Proxy(), se:bidiEnabled: false, se:cdp: ws://192.168.2.15:4444/sess..., setWindowRect: true, strictFileInteractability: false, timeouts: {implicit: 0, pageLoad: 300000, script: 30000}, unhandledPromptBehavior: dismiss and notify}
Element: [[RemoteWebDriver: firefox on Windows 11 (84a68c61-e28c-4732-ba59-80fe881f0713)] -> css selector: [class='submit']]
Session ID: 84a68c61-e28c-4732-ba59-80fe881f0713
at org.openqa.selenium.remote.codec.w3c.W3CHttpResponseCodec.createException(W3CHttpResponseCodec.java:200)
at org.openqa.selenium.remote.codec.w3c.W3CHttpResponseCodec.decode(W3CHttpResponseCodec.java:133)
at org.openqa.selenium.remote.codec.w3c.W3CHttpResponseCodec.decode(W3CHttpResponseCodec.java:52)
at org.openqa.selenium.remote.HttpCommandExecutor.execute(HttpCommandExecutor.java:191)
at org.openqa.selenium.remote.TracedCommandExecutor.execute(TracedCommandExecutor.java:51)
at org.openqa.selenium.remote.RemoteWebDriver.execute(RemoteWebDriver.java:602)
at org.openqa.selenium.remote.RemoteWebElement.execute(RemoteWebElement.java:224)
at org.openqa.selenium.remote.RemoteWebElement.click(RemoteWebElement.java:77)
at org.openqa.selenium.support.pagefactory.internal.LocatingElementHandler.invoke(LocatingElementHandler.java:51)
at jdk.proxy2/jdk.proxy2.$Proxy39.click(Unknown Source)
at com.clean.ults.ElementController.click(ElementController.java:48)
at com.clean.pages.users.addfolder.AddFolderController.clickOnSaveBtn(AddFolderController.java:33)
at testclass.client.sesweb.FolderTest.CreateNewFolderWith64Character(FolderTest.java:108)
at java.base/java.util.concurrent.ThreadPoolExecutor.runWorker(ThreadPoolExecutor.java:1144)
at java.base/java.util.concurrent.ThreadPoolExecutor$Worker.run(ThreadPoolExecutor.java:642)
at java.base/java.lang.Thread.run(Thread.java:1583)
... Removed 15 stack frames]]>
    </failure>
  </testcase> <!-- CreateNewFolderWith64Character -->
  <testcase classname="testclass.client.sesweb.FolderTest" name="RemoveKeyInFolder" time="0.0">
    <skipped/>
  </testcase> <!-- RemoveKeyInFolder -->
  <testcase classname="testclass.client.sesweb.FolderTest" name="SelectFolderAndGotoFolderProperties" time="0.0">
    <skipped/>
  </testcase> <!-- SelectFolderAndGotoFolderProperties -->
  <testcase classname="testclass.client.sesweb.FolderTest" name="VerifyBackFeatureAtGroupTab" time="0.0">
    <skipped/>
  </testcase> <!-- VerifyBackFeatureAtGroupTab -->
  <testcase classname="testclass.client.sesweb.FolderTest" name="VerifyBackFeatureInKeyTab" time="0.0">
    <skipped/>
  </testcase> <!-- VerifyBackFeatureInKeyTab -->
  <testcase classname="testclass.client.sesweb.FolderTest" name="VerifyBackFeatureInUserTab" time="0.001">
    <skipped/>
  </testcase> <!-- VerifyBackFeatureInUserTab -->
  <testcase classname="testclass.client.sesweb.FolderTest" name="DeleteFolderInFolderP" time="3.486">
    <failure type="org.openqa.selenium.ElementClickInterceptedException" message="Element &amp;lt;button class=&amp;quot;submit&amp;quot; name=&amp;quot;save&amp;quot;&amp;gt; is not clickable at point (1275,351) because another element &amp;lt;html class=&amp;quot;k-ff k-ff124&amp;quot;&amp;gt; obscures it
Build info: version: &amp;apos;4.13.0&amp;apos;, revision: &amp;apos;ba948ece5b*&amp;apos;
System info: os.name: &amp;apos;Windows 11&amp;apos;, os.arch: &amp;apos;amd64&amp;apos;, os.version: &amp;apos;10.0&amp;apos;, java.version: &amp;apos;21.0.1&amp;apos;
Driver info: org.openqa.selenium.remote.RemoteWebDriver
Command: [c24afbaa-c5a1-4561-ad8c-5d4af2f73bd9, clickElement {id=6715fd81-61d2-4be8-be5d-df8121d9a18a}]
Capabilities {acceptInsecureCerts: false, browserName: firefox, browserVersion: 124.0, moz:accessibilityChecks: false, moz:buildID: 20240221091558, moz:geckodriverVersion: 0.34.0, moz:headless: false, moz:platformVersion: 10.0, moz:processID: 8880, moz:profile: C:\Users\T14S-C~1\AppData\L..., moz:shutdownTimeout: 60000, moz:webdriverClick: true, moz:windowless: false, pageLoadStrategy: normal, platformName: Windows 11, proxy: Proxy(), se:bidiEnabled: false, se:cdp: ws://192.168.2.15:4444/sess..., setWindowRect: true, strictFileInteractability: false, timeouts: {implicit: 0, pageLoad: 300000, script: 30000}, unhandledPromptBehavior: dismiss and notify}
Element: [[RemoteWebDriver: firefox on Windows 11 (c24afbaa-c5a1-4561-ad8c-5d4af2f73bd9)] -&amp;gt; css selector: [class=&amp;apos;submit&amp;apos;]]
Session ID: c24afbaa-c5a1-4561-ad8c-5d4af2f73bd9">
      <![CDATA[org.openqa.selenium.ElementClickInterceptedException: Element <button class="submit" name="save"> is not clickable at point (1275,351) because another element <html class="k-ff k-ff124"> obscures it
Build info: version: '4.13.0', revision: 'ba948ece5b*'
System info: os.name: 'Windows 11', os.arch: 'amd64', os.version: '10.0', java.version: '21.0.1'
Driver info: org.openqa.selenium.remote.RemoteWebDriver
Command: [c24afbaa-c5a1-4561-ad8c-5d4af2f73bd9, clickElement {id=6715fd81-61d2-4be8-be5d-df8121d9a18a}]
Capabilities {acceptInsecureCerts: false, browserName: firefox, browserVersion: 124.0, moz:accessibilityChecks: false, moz:buildID: 20240221091558, moz:geckodriverVersion: 0.34.0, moz:headless: false, moz:platformVersion: 10.0, moz:processID: 8880, moz:profile: C:\Users\T14S-C~1\AppData\L..., moz:shutdownTimeout: 60000, moz:webdriverClick: true, moz:windowless: false, pageLoadStrategy: normal, platformName: Windows 11, proxy: Proxy(), se:bidiEnabled: false, se:cdp: ws://192.168.2.15:4444/sess..., setWindowRect: true, strictFileInteractability: false, timeouts: {implicit: 0, pageLoad: 300000, script: 30000}, unhandledPromptBehavior: dismiss and notify}
Element: [[RemoteWebDriver: firefox on Windows 11 (c24afbaa-c5a1-4561-ad8c-5d4af2f73bd9)] -> css selector: [class='submit']]
Session ID: c24afbaa-c5a1-4561-ad8c-5d4af2f73bd9
at org.openqa.selenium.remote.codec.w3c.W3CHttpResponseCodec.createException(W3CHttpResponseCodec.java:200)
at org.openqa.selenium.remote.codec.w3c.W3CHttpResponseCodec.decode(W3CHttpResponseCodec.java:133)
at org.openqa.selenium.remote.codec.w3c.W3CHttpResponseCodec.decode(W3CHttpResponseCodec.java:52)
at org.openqa.selenium.remote.HttpCommandExecutor.execute(HttpCommandExecutor.java:191)
at org.openqa.selenium.remote.TracedCommandExecutor.execute(TracedCommandExecutor.java:51)
at org.openqa.selenium.remote.RemoteWebDriver.execute(RemoteWebDriver.java:602)
at org.openqa.selenium.remote.RemoteWebElement.execute(RemoteWebElement.java:224)
at org.openqa.selenium.remote.RemoteWebElement.click(RemoteWebElement.java:77)
at org.openqa.selenium.support.pagefactory.internal.LocatingElementHandler.invoke(LocatingElementHandler.java:51)
at jdk.proxy2/jdk.proxy2.$Proxy39.click(Unknown Source)
at com.clean.ults.ElementController.click(ElementController.java:48)
at com.clean.pages.users.addfolder.AddFolderController.clickOnSaveBtn(AddFolderController.java:33)
at testclass.client.sesweb.FolderTest.DeleteFolderInFolderP(FolderTest.java:268)
at java.base/java.util.concurrent.ThreadPoolExecutor.runWorker(ThreadPoolExecutor.java:1144)
at java.base/java.util.concurrent.ThreadPoolExecutor$Worker.run(ThreadPoolExecutor.java:642)
at java.base/java.lang.Thread.run(Thread.java:1583)
... Removed 15 stack frames]]>
    </failure>
  </testcase> <!-- DeleteFolderInFolderP -->
  <testcase classname="testclass.client.sesweb.FolderTest" name="VerifyRenameFolder" time="3.065">
    <skipped/>
  </testcase> <!-- VerifyRenameFolder -->
  <testcase classname="testclass.client.sesweb.FolderTest" name="VerifyRenameFolder" time="3.29">
    <skipped/>
  </testcase> <!-- VerifyRenameFolder -->
  <testcase classname="testclass.client.sesweb.FolderTest" name="VerifyRenameFolder" time="3.26">
    <failure type="org.openqa.selenium.ElementClickInterceptedException" message="Element &amp;lt;button class=&amp;quot;submit&amp;quot; name=&amp;quot;save&amp;quot;&amp;gt; is not clickable at point (1275,351) because another element &amp;lt;html class=&amp;quot;k-ff k-ff124&amp;quot;&amp;gt; obscures it
Build info: version: &amp;apos;4.13.0&amp;apos;, revision: &amp;apos;ba948ece5b*&amp;apos;
System info: os.name: &amp;apos;Windows 11&amp;apos;, os.arch: &amp;apos;amd64&amp;apos;, os.version: &amp;apos;10.0&amp;apos;, java.version: &amp;apos;21.0.1&amp;apos;
Driver info: org.openqa.selenium.remote.RemoteWebDriver
Command: [84a68c61-e28c-4732-ba59-80fe881f0713, clickElement {id=3bd0ee9b-49c5-4670-b628-619120c07b4e}]
Capabilities {acceptInsecureCerts: false, browserName: firefox, browserVersion: 124.0, moz:accessibilityChecks: false, moz:buildID: 20240221091558, moz:geckodriverVersion: 0.34.0, moz:headless: false, moz:platformVersion: 10.0, moz:processID: 20612, moz:profile: C:\Users\T14S-C~1\AppData\L..., moz:shutdownTimeout: 60000, moz:webdriverClick: true, moz:windowless: false, pageLoadStrategy: normal, platformName: Windows 11, proxy: Proxy(), se:bidiEnabled: false, se:cdp: ws://192.168.2.15:4444/sess..., setWindowRect: true, strictFileInteractability: false, timeouts: {implicit: 0, pageLoad: 300000, script: 30000}, unhandledPromptBehavior: dismiss and notify}
Element: [[RemoteWebDriver: firefox on Windows 11 (84a68c61-e28c-4732-ba59-80fe881f0713)] -&amp;gt; css selector: [class=&amp;apos;submit&amp;apos;]]
Session ID: 84a68c61-e28c-4732-ba59-80fe881f0713">
      <![CDATA[org.openqa.selenium.ElementClickInterceptedException: Element <button class="submit" name="save"> is not clickable at point (1275,351) because another element <html class="k-ff k-ff124"> obscures it
Build info: version: '4.13.0', revision: 'ba948ece5b*'
System info: os.name: 'Windows 11', os.arch: 'amd64', os.version: '10.0', java.version: '21.0.1'
Driver info: org.openqa.selenium.remote.RemoteWebDriver
Command: [84a68c61-e28c-4732-ba59-80fe881f0713, clickElement {id=3bd0ee9b-49c5-4670-b628-619120c07b4e}]
Capabilities {acceptInsecureCerts: false, browserName: firefox, browserVersion: 124.0, moz:accessibilityChecks: false, moz:buildID: 20240221091558, moz:geckodriverVersion: 0.34.0, moz:headless: false, moz:platformVersion: 10.0, moz:processID: 20612, moz:profile: C:\Users\T14S-C~1\AppData\L..., moz:shutdownTimeout: 60000, moz:webdriverClick: true, moz:windowless: false, pageLoadStrategy: normal, platformName: Windows 11, proxy: Proxy(), se:bidiEnabled: false, se:cdp: ws://192.168.2.15:4444/sess..., setWindowRect: true, strictFileInteractability: false, timeouts: {implicit: 0, pageLoad: 300000, script: 30000}, unhandledPromptBehavior: dismiss and notify}
Element: [[RemoteWebDriver: firefox on Windows 11 (84a68c61-e28c-4732-ba59-80fe881f0713)] -> css selector: [class='submit']]
Session ID: 84a68c61-e28c-4732-ba59-80fe881f0713
at org.openqa.selenium.remote.codec.w3c.W3CHttpResponseCodec.createException(W3CHttpResponseCodec.java:200)
at org.openqa.selenium.remote.codec.w3c.W3CHttpResponseCodec.decode(W3CHttpResponseCodec.java:133)
at org.openqa.selenium.remote.codec.w3c.W3CHttpResponseCodec.decode(W3CHttpResponseCodec.java:52)
at org.openqa.selenium.remote.HttpCommandExecutor.execute(HttpCommandExecutor.java:191)
at org.openqa.selenium.remote.TracedCommandExecutor.execute(TracedCommandExecutor.java:51)
at org.openqa.selenium.remote.RemoteWebDriver.execute(RemoteWebDriver.java:602)
at org.openqa.selenium.remote.RemoteWebElement.execute(RemoteWebElement.java:224)
at org.openqa.selenium.remote.RemoteWebElement.click(RemoteWebElement.java:77)
at org.openqa.selenium.support.pagefactory.internal.LocatingElementHandler.invoke(LocatingElementHandler.java:51)
at jdk.proxy2/jdk.proxy2.$Proxy39.click(Unknown Source)
at com.clean.ults.ElementController.click(ElementController.java:48)
at com.clean.pages.users.addfolder.AddFolderController.clickOnSaveBtn(AddFolderController.java:33)
at testclass.client.sesweb.FolderTest.VerifyRenameFolder(FolderTest.java:366)
at java.base/java.util.concurrent.ThreadPoolExecutor.runWorker(ThreadPoolExecutor.java:1144)
at java.base/java.util.concurrent.ThreadPoolExecutor$Worker.run(ThreadPoolExecutor.java:642)
at java.base/java.lang.Thread.run(Thread.java:1583)
... Removed 15 stack frames]]>
    </failure>
  </testcase> <!-- VerifyRenameFolder -->
  <testcase classname="testclass.client.sesweb.FolderTest" name="VerifyTheFolderNameAfterCreatedSuccess" time="0.0">
    <skipped/>
  </testcase> <!-- VerifyTheFolderNameAfterCreatedSuccess -->
  <testcase classname="testclass.client.sesweb.FolderTest" name="VerifyViewLogPage" time="0.0">
    <skipped/>
  </testcase> <!-- VerifyViewLogPage -->
  <testcase classname="testclass.client.sesweb.FolderTest" name="addNewFolderInFolderProperties" time="0.0">
    <skipped/>
  </testcase> <!-- addNewFolderInFolderProperties -->
  <testcase classname="testclass.client.sesweb.FolderTest" name="addNewGroupInFolderProperties" time="0.0">
    <skipped/>
  </testcase> <!-- addNewGroupInFolderProperties -->
  <testcase classname="testclass.client.sesweb.FolderTest" name="addNewUserInFolderProperties" time="0.0">
    <skipped/>
  </testcase> <!-- addNewUserInFolderProperties -->
  <testcase classname="testclass.client.sesweb.FolderTest" name="verifyRMCEChallengeResponse" time="0.0">
    <skipped/>
  </testcase> <!-- verifyRMCEChallengeResponse -->
  <testcase classname="testclass.client.sesweb.FolderTest" name="VerifyTheDescriptionAfterCreatedSuccess" time="26.826">
    <skipped/>
  </testcase> <!-- VerifyTheDescriptionAfterCreatedSuccess -->
  <testcase classname="testclass.client.sesweb.ProfileTest" name="AddNeWLinuxProfile" time="22.53"/>
  <testcase classname="testclass.client.sesweb.PackageTest" name="AddNewLinuxEndpointPackage" time="10.357"/>
  <testcase classname="testclass.client.sesweb.ProfileTest" name="AddNeWMacOSProfile" time="9.125"/>
  <testcase classname="testclass.client.sesweb.FolderTest" name="VerifyTheDescriptionAfterCreatedSuccess" time="27.44">
    <skipped/>
  </testcase> <!-- VerifyTheDescriptionAfterCreatedSuccess -->
  <testcase classname="testclass.client.sesweb.PackageTest" name="AddNewMacOSPackage" time="8.615"/>
  <testcase classname="testclass.client.sesweb.ProfileTest" name="AddNewOSAProfile" time="9.183"/>
  <testcase classname="testclass.client.sesweb.PackageTest" name="AddNewOSAPackage" time="10.003"/>
  <testcase classname="testclass.client.sesweb.FolderTest" name="VerifyTheDescriptionAfterCreatedSuccess" time="27.115">
    <failure type="java.lang.AssertionError" message="ERR| Proxy element for: DefaultElementLocator &amp;apos;By.id: Actions_Folder_ViewFolderGeneral&amp;apos; Not displayed. Please recheck the locator">
      <![CDATA[java.lang.AssertionError: ERR| Proxy element for: DefaultElementLocator 'By.id: Actions_Folder_ViewFolderGeneral' Not displayed. Please recheck the locator
at com.clean.ults.ElementController.waitForElementClickAble(ElementController.java:39)
at com.clean.ults.ElementController.click(ElementController.java:47)
at com.clean.pages.users.UsersController.clickOnFolderPropertiesOpt(UsersController.java:85)
at testclass.client.sesweb.FolderTest.VerifyTheDescriptionAfterCreatedSuccess(FolderTest.java:343)
at java.base/java.util.concurrent.ThreadPoolExecutor.runWorker(ThreadPoolExecutor.java:1144)
at java.base/java.util.concurrent.ThreadPoolExecutor$Worker.run(ThreadPoolExecutor.java:642)
at java.base/java.lang.Thread.run(Thread.java:1583)
... Removed 11 stack frames]]>
    </failure>
  </testcase> <!-- VerifyTheDescriptionAfterCreatedSuccess -->
  <testcase classname="testclass.client.sesweb.UsersTest" name="AddNewAutoBootUser" time="3.768">
    <skipped/>
  </testcase> <!-- AddNewAutoBootUser -->
  <testcase classname="testclass.client.sesweb.ProfileTest" name="AddNewWindowsEndpointProfile" time="6.659">
    <skipped/>
  </testcase> <!-- AddNewWindowsEndpointProfile -->
  <testcase classname="testclass.client.sesweb.UsersTest" name="AddNewAutoBootUser" time="3.632">
    <skipped/>
  </testcase> <!-- AddNewAutoBootUser -->
  <testcase classname="testclass.client.sesweb.UsersTest" name="AddNewAutoBootUser" time="3.625">
    <failure type="org.openqa.selenium.ElementClickInterceptedException" message="Element &amp;lt;button id=&amp;quot;new-user-submit&amp;quot; name=&amp;quot;save&amp;quot;&amp;gt; is not clickable at point (1275,570) because another element &amp;lt;html class=&amp;quot;k-ff k-ff124&amp;quot;&amp;gt; obscures it
Build info: version: &amp;apos;4.13.0&amp;apos;, revision: &amp;apos;ba948ece5b*&amp;apos;
System info: os.name: &amp;apos;Windows 11&amp;apos;, os.arch: &amp;apos;amd64&amp;apos;, os.version: &amp;apos;10.0&amp;apos;, java.version: &amp;apos;21.0.1&amp;apos;
Driver info: org.openqa.selenium.remote.RemoteWebDriver
Command: [c24afbaa-c5a1-4561-ad8c-5d4af2f73bd9, clickElement {id=9d62992c-2723-4b84-9e6a-03b2c45da185}]
Capabilities {acceptInsecureCerts: false, browserName: firefox, browserVersion: 124.0, moz:accessibilityChecks: false, moz:buildID: 20240221091558, moz:geckodriverVersion: 0.34.0, moz:headless: false, moz:platformVersion: 10.0, moz:processID: 8880, moz:profile: C:\Users\T14S-C~1\AppData\L..., moz:shutdownTimeout: 60000, moz:webdriverClick: true, moz:windowless: false, pageLoadStrategy: normal, platformName: Windows 11, proxy: Proxy(), se:bidiEnabled: false, se:cdp: ws://192.168.2.15:4444/sess..., setWindowRect: true, strictFileInteractability: false, timeouts: {implicit: 0, pageLoad: 300000, script: 30000}, unhandledPromptBehavior: dismiss and notify}
Element: [[RemoteWebDriver: firefox on Windows 11 (c24afbaa-c5a1-4561-ad8c-5d4af2f73bd9)] -&amp;gt; id: new-user-submit]
Session ID: c24afbaa-c5a1-4561-ad8c-5d4af2f73bd9">
      <![CDATA[org.openqa.selenium.ElementClickInterceptedException: Element <button id="new-user-submit" name="save"> is not clickable at point (1275,570) because another element <html class="k-ff k-ff124"> obscures it
Build info: version: '4.13.0', revision: 'ba948ece5b*'
System info: os.name: 'Windows 11', os.arch: 'amd64', os.version: '10.0', java.version: '21.0.1'
Driver info: org.openqa.selenium.remote.RemoteWebDriver
Command: [c24afbaa-c5a1-4561-ad8c-5d4af2f73bd9, clickElement {id=9d62992c-2723-4b84-9e6a-03b2c45da185}]
Capabilities {acceptInsecureCerts: false, browserName: firefox, browserVersion: 124.0, moz:accessibilityChecks: false, moz:buildID: 20240221091558, moz:geckodriverVersion: 0.34.0, moz:headless: false, moz:platformVersion: 10.0, moz:processID: 8880, moz:profile: C:\Users\T14S-C~1\AppData\L..., moz:shutdownTimeout: 60000, moz:webdriverClick: true, moz:windowless: false, pageLoadStrategy: normal, platformName: Windows 11, proxy: Proxy(), se:bidiEnabled: false, se:cdp: ws://192.168.2.15:4444/sess..., setWindowRect: true, strictFileInteractability: false, timeouts: {implicit: 0, pageLoad: 300000, script: 30000}, unhandledPromptBehavior: dismiss and notify}
Element: [[RemoteWebDriver: firefox on Windows 11 (c24afbaa-c5a1-4561-ad8c-5d4af2f73bd9)] -> id: new-user-submit]
Session ID: c24afbaa-c5a1-4561-ad8c-5d4af2f73bd9
at org.openqa.selenium.remote.codec.w3c.W3CHttpResponseCodec.createException(W3CHttpResponseCodec.java:200)
at org.openqa.selenium.remote.codec.w3c.W3CHttpResponseCodec.decode(W3CHttpResponseCodec.java:133)
at org.openqa.selenium.remote.codec.w3c.W3CHttpResponseCodec.decode(W3CHttpResponseCodec.java:52)
at org.openqa.selenium.remote.HttpCommandExecutor.execute(HttpCommandExecutor.java:191)
at org.openqa.selenium.remote.TracedCommandExecutor.execute(TracedCommandExecutor.java:51)
at org.openqa.selenium.remote.RemoteWebDriver.execute(RemoteWebDriver.java:602)
at org.openqa.selenium.remote.RemoteWebElement.execute(RemoteWebElement.java:224)
at org.openqa.selenium.remote.RemoteWebElement.click(RemoteWebElement.java:77)
at org.openqa.selenium.support.pagefactory.internal.LocatingElementHandler.invoke(LocatingElementHandler.java:51)
at jdk.proxy2/jdk.proxy2.$Proxy39.click(Unknown Source)
at com.clean.ults.ElementController.click(ElementController.java:48)
at com.clean.pages.users.adduser.AddUserController.clickOnSaveBtn(AddUserController.java:84)
at testclass.client.sesweb.UsersTest.AddNewAutoBootUser(UsersTest.java:101)
at java.base/java.util.concurrent.ThreadPoolExecutor.runWorker(ThreadPoolExecutor.java:1144)
at java.base/java.util.concurrent.ThreadPoolExecutor$Worker.run(ThreadPoolExecutor.java:642)
at java.base/java.lang.Thread.run(Thread.java:1583)
... Removed 15 stack frames]]>
    </failure>
  </testcase> <!-- AddNewAutoBootUser -->
  <testcase classname="testclass.client.sesweb.ProfileTest" name="AddNewWindowsEndpointProfile" time="7.377">
    <skipped/>
  </testcase> <!-- AddNewWindowsEndpointProfile -->
  <testcase classname="testclass.client.sesweb.UsersTest" name="AddNewRegularUser" time="3.398">
    <skipped/>
  </testcase> <!-- AddNewRegularUser -->
  <testcase classname="testclass.client.sesweb.UsersTest" name="AddNewRegularUser" time="3.437">
    <skipped/>
  </testcase> <!-- AddNewRegularUser -->
  <testcase classname="testclass.client.sesweb.ProfileTest" name="AddNewWindowsEndpointProfile" time="7.413">
    <failure type="org.openqa.selenium.ElementClickInterceptedException" message="Element &amp;lt;button id=&amp;quot;submit&amp;quot; class=&amp;quot;btn btn-primary k-primary k-button&amp;quot; type=&amp;quot;button&amp;quot;&amp;gt; is not clickable at point (1247,565) because another element &amp;lt;footer id=&amp;quot;footer_copyright&amp;quot;&amp;gt; obscures it
Build info: version: &amp;apos;4.13.0&amp;apos;, revision: &amp;apos;ba948ece5b*&amp;apos;
System info: os.name: &amp;apos;Windows 11&amp;apos;, os.arch: &amp;apos;amd64&amp;apos;, os.version: &amp;apos;10.0&amp;apos;, java.version: &amp;apos;21.0.1&amp;apos;
Driver info: org.openqa.selenium.remote.RemoteWebDriver
Command: [84a68c61-e28c-4732-ba59-80fe881f0713, clickElement {id=916665fb-c156-4954-bb82-aa2f7bce99f2}]
Capabilities {acceptInsecureCerts: false, browserName: firefox, browserVersion: 124.0, moz:accessibilityChecks: false, moz:buildID: 20240221091558, moz:geckodriverVersion: 0.34.0, moz:headless: false, moz:platformVersion: 10.0, moz:processID: 20612, moz:profile: C:\Users\T14S-C~1\AppData\L..., moz:shutdownTimeout: 60000, moz:webdriverClick: true, moz:windowless: false, pageLoadStrategy: normal, platformName: Windows 11, proxy: Proxy(), se:bidiEnabled: false, se:cdp: ws://192.168.2.15:4444/sess..., setWindowRect: true, strictFileInteractability: false, timeouts: {implicit: 0, pageLoad: 300000, script: 30000}, unhandledPromptBehavior: dismiss and notify}
Element: [[RemoteWebDriver: firefox on Windows 11 (84a68c61-e28c-4732-ba59-80fe881f0713)] -&amp;gt; id: submit]
Session ID: 84a68c61-e28c-4732-ba59-80fe881f0713">
      <![CDATA[org.openqa.selenium.ElementClickInterceptedException: Element <button id="submit" class="btn btn-primary k-primary k-button" type="button"> is not clickable at point (1247,565) because another element <footer id="footer_copyright"> obscures it
Build info: version: '4.13.0', revision: 'ba948ece5b*'
System info: os.name: 'Windows 11', os.arch: 'amd64', os.version: '10.0', java.version: '21.0.1'
Driver info: org.openqa.selenium.remote.RemoteWebDriver
Command: [84a68c61-e28c-4732-ba59-80fe881f0713, clickElement {id=916665fb-c156-4954-bb82-aa2f7bce99f2}]
Capabilities {acceptInsecureCerts: false, browserName: firefox, browserVersion: 124.0, moz:accessibilityChecks: false, moz:buildID: 20240221091558, moz:geckodriverVersion: 0.34.0, moz:headless: false, moz:platformVersion: 10.0, moz:processID: 20612, moz:profile: C:\Users\T14S-C~1\AppData\L..., moz:shutdownTimeout: 60000, moz:webdriverClick: true, moz:windowless: false, pageLoadStrategy: normal, platformName: Windows 11, proxy: Proxy(), se:bidiEnabled: false, se:cdp: ws://192.168.2.15:4444/sess..., setWindowRect: true, strictFileInteractability: false, timeouts: {implicit: 0, pageLoad: 300000, script: 30000}, unhandledPromptBehavior: dismiss and notify}
Element: [[RemoteWebDriver: firefox on Windows 11 (84a68c61-e28c-4732-ba59-80fe881f0713)] -> id: submit]
Session ID: 84a68c61-e28c-4732-ba59-80fe881f0713
at org.openqa.selenium.remote.codec.w3c.W3CHttpResponseCodec.createException(W3CHttpResponseCodec.java:200)
at org.openqa.selenium.remote.codec.w3c.W3CHttpResponseCodec.decode(W3CHttpResponseCodec.java:133)
at org.openqa.selenium.remote.codec.w3c.W3CHttpResponseCodec.decode(W3CHttpResponseCodec.java:52)
at org.openqa.selenium.remote.HttpCommandExecutor.execute(HttpCommandExecutor.java:191)
at org.openqa.selenium.remote.TracedCommandExecutor.execute(TracedCommandExecutor.java:51)
at org.openqa.selenium.remote.RemoteWebDriver.execute(RemoteWebDriver.java:602)
at org.openqa.selenium.remote.RemoteWebElement.execute(RemoteWebElement.java:224)
at org.openqa.selenium.remote.RemoteWebElement.click(RemoteWebElement.java:77)
at org.openqa.selenium.support.pagefactory.internal.LocatingElementHandler.invoke(LocatingElementHandler.java:51)
at jdk.proxy2/jdk.proxy2.$Proxy39.click(Unknown Source)
at com.clean.ults.ElementController.click(ElementController.java:48)
at com.clean.pages.profiles.addprofile.AddProfileController.clickOnSubmitBtn(AddProfileController.java:28)
at testclass.client.sesweb.ProfileTest.AddNewWindowsEndpointProfile(ProfileTest.java:88)
at java.base/java.util.concurrent.ThreadPoolExecutor.runWorker(ThreadPoolExecutor.java:1144)
at java.base/java.util.concurrent.ThreadPoolExecutor$Worker.run(ThreadPoolExecutor.java:642)
at java.base/java.lang.Thread.run(Thread.java:1583)
... Removed 15 stack frames]]>
    </failure>
  </testcase> <!-- AddNewWindowsEndpointProfile -->
  <testcase classname="testclass.client.sesweb.UsersTest" name="AddNewRegularUser" time="3.441">
    <failure type="org.openqa.selenium.ElementClickInterceptedException" message="Element &amp;lt;button id=&amp;quot;new-user-submit&amp;quot; name=&amp;quot;save&amp;quot;&amp;gt; is not clickable at point (1275,570) because another element &amp;lt;html class=&amp;quot;k-ff k-ff124&amp;quot;&amp;gt; obscures it
Build info: version: &amp;apos;4.13.0&amp;apos;, revision: &amp;apos;ba948ece5b*&amp;apos;
System info: os.name: &amp;apos;Windows 11&amp;apos;, os.arch: &amp;apos;amd64&amp;apos;, os.version: &amp;apos;10.0&amp;apos;, java.version: &amp;apos;21.0.1&amp;apos;
Driver info: org.openqa.selenium.remote.RemoteWebDriver
Command: [c24afbaa-c5a1-4561-ad8c-5d4af2f73bd9, clickElement {id=bbef04c9-23f3-4678-be49-92468f66e8c8}]
Capabilities {acceptInsecureCerts: false, browserName: firefox, browserVersion: 124.0, moz:accessibilityChecks: false, moz:buildID: 20240221091558, moz:geckodriverVersion: 0.34.0, moz:headless: false, moz:platformVersion: 10.0, moz:processID: 8880, moz:profile: C:\Users\T14S-C~1\AppData\L..., moz:shutdownTimeout: 60000, moz:webdriverClick: true, moz:windowless: false, pageLoadStrategy: normal, platformName: Windows 11, proxy: Proxy(), se:bidiEnabled: false, se:cdp: ws://192.168.2.15:4444/sess..., setWindowRect: true, strictFileInteractability: false, timeouts: {implicit: 0, pageLoad: 300000, script: 30000}, unhandledPromptBehavior: dismiss and notify}
Element: [[RemoteWebDriver: firefox on Windows 11 (c24afbaa-c5a1-4561-ad8c-5d4af2f73bd9)] -&amp;gt; id: new-user-submit]
Session ID: c24afbaa-c5a1-4561-ad8c-5d4af2f73bd9">
      <![CDATA[org.openqa.selenium.ElementClickInterceptedException: Element <button id="new-user-submit" name="save"> is not clickable at point (1275,570) because another element <html class="k-ff k-ff124"> obscures it
Build info: version: '4.13.0', revision: 'ba948ece5b*'
System info: os.name: 'Windows 11', os.arch: 'amd64', os.version: '10.0', java.version: '21.0.1'
Driver info: org.openqa.selenium.remote.RemoteWebDriver
Command: [c24afbaa-c5a1-4561-ad8c-5d4af2f73bd9, clickElement {id=bbef04c9-23f3-4678-be49-92468f66e8c8}]
Capabilities {acceptInsecureCerts: false, browserName: firefox, browserVersion: 124.0, moz:accessibilityChecks: false, moz:buildID: 20240221091558, moz:geckodriverVersion: 0.34.0, moz:headless: false, moz:platformVersion: 10.0, moz:processID: 8880, moz:profile: C:\Users\T14S-C~1\AppData\L..., moz:shutdownTimeout: 60000, moz:webdriverClick: true, moz:windowless: false, pageLoadStrategy: normal, platformName: Windows 11, proxy: Proxy(), se:bidiEnabled: false, se:cdp: ws://192.168.2.15:4444/sess..., setWindowRect: true, strictFileInteractability: false, timeouts: {implicit: 0, pageLoad: 300000, script: 30000}, unhandledPromptBehavior: dismiss and notify}
Element: [[RemoteWebDriver: firefox on Windows 11 (c24afbaa-c5a1-4561-ad8c-5d4af2f73bd9)] -> id: new-user-submit]
Session ID: c24afbaa-c5a1-4561-ad8c-5d4af2f73bd9
at org.openqa.selenium.remote.codec.w3c.W3CHttpResponseCodec.createException(W3CHttpResponseCodec.java:200)
at org.openqa.selenium.remote.codec.w3c.W3CHttpResponseCodec.decode(W3CHttpResponseCodec.java:133)
at org.openqa.selenium.remote.codec.w3c.W3CHttpResponseCodec.decode(W3CHttpResponseCodec.java:52)
at org.openqa.selenium.remote.HttpCommandExecutor.execute(HttpCommandExecutor.java:191)
at org.openqa.selenium.remote.TracedCommandExecutor.execute(TracedCommandExecutor.java:51)
at org.openqa.selenium.remote.RemoteWebDriver.execute(RemoteWebDriver.java:602)
at org.openqa.selenium.remote.RemoteWebElement.execute(RemoteWebElement.java:224)
at org.openqa.selenium.remote.RemoteWebElement.click(RemoteWebElement.java:77)
at org.openqa.selenium.support.pagefactory.internal.LocatingElementHandler.invoke(LocatingElementHandler.java:51)
at jdk.proxy2/jdk.proxy2.$Proxy39.click(Unknown Source)
at com.clean.ults.ElementController.click(ElementController.java:48)
at com.clean.pages.users.adduser.AddUserController.clickOnSaveBtn(AddUserController.java:84)
at testclass.client.sesweb.UsersTest.AddNewRegularUser(UsersTest.java:37)
at java.base/java.util.concurrent.ThreadPoolExecutor.runWorker(ThreadPoolExecutor.java:1144)
at java.base/java.util.concurrent.ThreadPoolExecutor$Worker.run(ThreadPoolExecutor.java:642)
at java.base/java.lang.Thread.run(Thread.java:1583)
... Removed 15 stack frames]]>
    </failure>
  </testcase> <!-- AddNewRegularUser -->
  <testcase classname="testclass.client.sesweb.FolderTest" name="AssignUserToFolder" time="0.0">
    <skipped/>
  </testcase> <!-- AssignUserToFolder -->
  <testcase classname="testclass.client.sesweb.FolderTest" name="RemoveUserFolder" time="0.0">
    <skipped/>
  </testcase> <!-- RemoveUserFolder -->
  <testcase classname="testclass.client.sesweb.PackageTest" name="AddNewWindowsEndpointPackage" time="5.701">
    <skipped/>
  </testcase> <!-- AddNewWindowsEndpointPackage -->
  <testcase classname="testclass.client.sesweb.UsersTest" name="AddNewTempUser" time="3.82">
    <skipped/>
  </testcase> <!-- AddNewTempUser -->
  <testcase classname="testclass.client.sesweb.UsersTest" name="AddNewTempUser" time="3.717">
    <skipped/>
  </testcase> <!-- AddNewTempUser -->
  <testcase classname="testclass.client.sesweb.PackageTest" name="AddNewWindowsEndpointPackage" time="6.407">
    <skipped/>
  </testcase> <!-- AddNewWindowsEndpointPackage -->
  <testcase classname="testclass.client.sesweb.UsersTest" name="AddNewTempUser" time="3.579">
    <failure type="org.openqa.selenium.ElementClickInterceptedException" message="Element &amp;lt;button id=&amp;quot;new-user-submit&amp;quot; name=&amp;quot;save&amp;quot;&amp;gt; is not clickable at point (1275,570) because another element &amp;lt;html class=&amp;quot;k-ff k-ff124&amp;quot;&amp;gt; obscures it
Build info: version: &amp;apos;4.13.0&amp;apos;, revision: &amp;apos;ba948ece5b*&amp;apos;
System info: os.name: &amp;apos;Windows 11&amp;apos;, os.arch: &amp;apos;amd64&amp;apos;, os.version: &amp;apos;10.0&amp;apos;, java.version: &amp;apos;21.0.1&amp;apos;
Driver info: org.openqa.selenium.remote.RemoteWebDriver
Command: [c24afbaa-c5a1-4561-ad8c-5d4af2f73bd9, clickElement {id=ae7b1e30-d3ae-4fb5-a935-bbddc51d86f6}]
Capabilities {acceptInsecureCerts: false, browserName: firefox, browserVersion: 124.0, moz:accessibilityChecks: false, moz:buildID: 20240221091558, moz:geckodriverVersion: 0.34.0, moz:headless: false, moz:platformVersion: 10.0, moz:processID: 8880, moz:profile: C:\Users\T14S-C~1\AppData\L..., moz:shutdownTimeout: 60000, moz:webdriverClick: true, moz:windowless: false, pageLoadStrategy: normal, platformName: Windows 11, proxy: Proxy(), se:bidiEnabled: false, se:cdp: ws://192.168.2.15:4444/sess..., setWindowRect: true, strictFileInteractability: false, timeouts: {implicit: 0, pageLoad: 300000, script: 30000}, unhandledPromptBehavior: dismiss and notify}
Element: [[RemoteWebDriver: firefox on Windows 11 (c24afbaa-c5a1-4561-ad8c-5d4af2f73bd9)] -&amp;gt; id: new-user-submit]
Session ID: c24afbaa-c5a1-4561-ad8c-5d4af2f73bd9">
      <![CDATA[org.openqa.selenium.ElementClickInterceptedException: Element <button id="new-user-submit" name="save"> is not clickable at point (1275,570) because another element <html class="k-ff k-ff124"> obscures it
Build info: version: '4.13.0', revision: 'ba948ece5b*'
System info: os.name: 'Windows 11', os.arch: 'amd64', os.version: '10.0', java.version: '21.0.1'
Driver info: org.openqa.selenium.remote.RemoteWebDriver
Command: [c24afbaa-c5a1-4561-ad8c-5d4af2f73bd9, clickElement {id=ae7b1e30-d3ae-4fb5-a935-bbddc51d86f6}]
Capabilities {acceptInsecureCerts: false, browserName: firefox, browserVersion: 124.0, moz:accessibilityChecks: false, moz:buildID: 20240221091558, moz:geckodriverVersion: 0.34.0, moz:headless: false, moz:platformVersion: 10.0, moz:processID: 8880, moz:profile: C:\Users\T14S-C~1\AppData\L..., moz:shutdownTimeout: 60000, moz:webdriverClick: true, moz:windowless: false, pageLoadStrategy: normal, platformName: Windows 11, proxy: Proxy(), se:bidiEnabled: false, se:cdp: ws://192.168.2.15:4444/sess..., setWindowRect: true, strictFileInteractability: false, timeouts: {implicit: 0, pageLoad: 300000, script: 30000}, unhandledPromptBehavior: dismiss and notify}
Element: [[RemoteWebDriver: firefox on Windows 11 (c24afbaa-c5a1-4561-ad8c-5d4af2f73bd9)] -> id: new-user-submit]
Session ID: c24afbaa-c5a1-4561-ad8c-5d4af2f73bd9
at org.openqa.selenium.remote.codec.w3c.W3CHttpResponseCodec.createException(W3CHttpResponseCodec.java:200)
at org.openqa.selenium.remote.codec.w3c.W3CHttpResponseCodec.decode(W3CHttpResponseCodec.java:133)
at org.openqa.selenium.remote.codec.w3c.W3CHttpResponseCodec.decode(W3CHttpResponseCodec.java:52)
at org.openqa.selenium.remote.HttpCommandExecutor.execute(HttpCommandExecutor.java:191)
at org.openqa.selenium.remote.TracedCommandExecutor.execute(TracedCommandExecutor.java:51)
at org.openqa.selenium.remote.RemoteWebDriver.execute(RemoteWebDriver.java:602)
at org.openqa.selenium.remote.RemoteWebElement.execute(RemoteWebElement.java:224)
at org.openqa.selenium.remote.RemoteWebElement.click(RemoteWebElement.java:77)
at org.openqa.selenium.support.pagefactory.internal.LocatingElementHandler.invoke(LocatingElementHandler.java:51)
at jdk.proxy2/jdk.proxy2.$Proxy39.click(Unknown Source)
at com.clean.ults.ElementController.click(ElementController.java:48)
at com.clean.pages.users.adduser.AddUserController.clickOnSaveBtn(AddUserController.java:84)
at testclass.client.sesweb.UsersTest.AddNewTempUser(UsersTest.java:80)
at java.base/java.util.concurrent.ThreadPoolExecutor.runWorker(ThreadPoolExecutor.java:1144)
at java.base/java.util.concurrent.ThreadPoolExecutor$Worker.run(ThreadPoolExecutor.java:642)
at java.base/java.lang.Thread.run(Thread.java:1583)
... Removed 15 stack frames]]>
    </failure>
  </testcase> <!-- AddNewTempUser -->
  <testcase classname="testclass.client.sesweb.UsersTest" name="ModifyUserAddEmail" time="0.0">
    <skipped/>
  </testcase> <!-- ModifyUserAddEmail -->
  <testcase classname="testclass.client.sesweb.UsersTest" name="addNewRegularUserWithFinalPassword" time="3.694">
    <skipped/>
  </testcase> <!-- addNewRegularUserWithFinalPassword -->
  <testcase classname="testclass.client.sesweb.PackageTest" name="AddNewWindowsEndpointPackage" time="5.71">
    <failure type="org.openqa.selenium.ElementClickInterceptedException" message="Element &amp;lt;button id=&amp;quot;submit&amp;quot; class=&amp;quot;btn btn-primary k-primary k-button&amp;quot; type=&amp;quot;button&amp;quot;&amp;gt; is not clickable at point (1247,565) because another element &amp;lt;footer id=&amp;quot;footer_copyright&amp;quot;&amp;gt; obscures it
Build info: version: &amp;apos;4.13.0&amp;apos;, revision: &amp;apos;ba948ece5b*&amp;apos;
System info: os.name: &amp;apos;Windows 11&amp;apos;, os.arch: &amp;apos;amd64&amp;apos;, os.version: &amp;apos;10.0&amp;apos;, java.version: &amp;apos;21.0.1&amp;apos;
Driver info: org.openqa.selenium.remote.RemoteWebDriver
Command: [84a68c61-e28c-4732-ba59-80fe881f0713, clickElement {id=256914d7-2600-4a3d-8d78-babf90951277}]
Capabilities {acceptInsecureCerts: false, browserName: firefox, browserVersion: 124.0, moz:accessibilityChecks: false, moz:buildID: 20240221091558, moz:geckodriverVersion: 0.34.0, moz:headless: false, moz:platformVersion: 10.0, moz:processID: 20612, moz:profile: C:\Users\T14S-C~1\AppData\L..., moz:shutdownTimeout: 60000, moz:webdriverClick: true, moz:windowless: false, pageLoadStrategy: normal, platformName: Windows 11, proxy: Proxy(), se:bidiEnabled: false, se:cdp: ws://192.168.2.15:4444/sess..., setWindowRect: true, strictFileInteractability: false, timeouts: {implicit: 0, pageLoad: 300000, script: 30000}, unhandledPromptBehavior: dismiss and notify}
Element: [[RemoteWebDriver: firefox on Windows 11 (84a68c61-e28c-4732-ba59-80fe881f0713)] -&amp;gt; css selector: button#submit]
Session ID: 84a68c61-e28c-4732-ba59-80fe881f0713">
      <![CDATA[org.openqa.selenium.ElementClickInterceptedException: Element <button id="submit" class="btn btn-primary k-primary k-button" type="button"> is not clickable at point (1247,565) because another element <footer id="footer_copyright"> obscures it
Build info: version: '4.13.0', revision: 'ba948ece5b*'
System info: os.name: 'Windows 11', os.arch: 'amd64', os.version: '10.0', java.version: '21.0.1'
Driver info: org.openqa.selenium.remote.RemoteWebDriver
Command: [84a68c61-e28c-4732-ba59-80fe881f0713, clickElement {id=256914d7-2600-4a3d-8d78-babf90951277}]
Capabilities {acceptInsecureCerts: false, browserName: firefox, browserVersion: 124.0, moz:accessibilityChecks: false, moz:buildID: 20240221091558, moz:geckodriverVersion: 0.34.0, moz:headless: false, moz:platformVersion: 10.0, moz:processID: 20612, moz:profile: C:\Users\T14S-C~1\AppData\L..., moz:shutdownTimeout: 60000, moz:webdriverClick: true, moz:windowless: false, pageLoadStrategy: normal, platformName: Windows 11, proxy: Proxy(), se:bidiEnabled: false, se:cdp: ws://192.168.2.15:4444/sess..., setWindowRect: true, strictFileInteractability: false, timeouts: {implicit: 0, pageLoad: 300000, script: 30000}, unhandledPromptBehavior: dismiss and notify}
Element: [[RemoteWebDriver: firefox on Windows 11 (84a68c61-e28c-4732-ba59-80fe881f0713)] -> css selector: button#submit]
Session ID: 84a68c61-e28c-4732-ba59-80fe881f0713
at org.openqa.selenium.remote.codec.w3c.W3CHttpResponseCodec.createException(W3CHttpResponseCodec.java:200)
at org.openqa.selenium.remote.codec.w3c.W3CHttpResponseCodec.decode(W3CHttpResponseCodec.java:133)
at org.openqa.selenium.remote.codec.w3c.W3CHttpResponseCodec.decode(W3CHttpResponseCodec.java:52)
at org.openqa.selenium.remote.HttpCommandExecutor.execute(HttpCommandExecutor.java:191)
at org.openqa.selenium.remote.TracedCommandExecutor.execute(TracedCommandExecutor.java:51)
at org.openqa.selenium.remote.RemoteWebDriver.execute(RemoteWebDriver.java:602)
at org.openqa.selenium.remote.RemoteWebElement.execute(RemoteWebElement.java:224)
at org.openqa.selenium.remote.RemoteWebElement.click(RemoteWebElement.java:77)
at org.openqa.selenium.support.pagefactory.internal.LocatingElementHandler.invoke(LocatingElementHandler.java:51)
at jdk.proxy2/jdk.proxy2.$Proxy39.click(Unknown Source)
at com.clean.ults.ElementController.click(ElementController.java:48)
at com.clean.pages.installationpkg.addnewpacakge.AddPkgController.clickOnSubmitBtn(AddPkgController.java:43)
at testclass.client.sesweb.PackageTest.AddNewWindowsEndpointPackage(PackageTest.java:92)
at java.base/java.util.concurrent.ThreadPoolExecutor.runWorker(ThreadPoolExecutor.java:1144)
at java.base/java.util.concurrent.ThreadPoolExecutor$Worker.run(ThreadPoolExecutor.java:642)
at java.base/java.lang.Thread.run(Thread.java:1583)
... Removed 15 stack frames]]>
    </failure>
  </testcase> <!-- AddNewWindowsEndpointPackage -->
  <testcase classname="testclass.client.sesweb.UsersTest" name="addNewRegularUserWithFinalPassword" time="3.594">
    <skipped/>
  </testcase> <!-- addNewRegularUserWithFinalPassword -->
  <testcase classname="testclass.client.sesweb.UsersTest" name="addNewRegularUserWithFinalPassword" time="3.718">
    <failure type="org.openqa.selenium.ElementClickInterceptedException" message="Element &amp;lt;button id=&amp;quot;new-user-submit&amp;quot; name=&amp;quot;save&amp;quot;&amp;gt; is not clickable at point (1275,570) because another element &amp;lt;html class=&amp;quot;k-ff k-ff124&amp;quot;&amp;gt; obscures it
Build info: version: &amp;apos;4.13.0&amp;apos;, revision: &amp;apos;ba948ece5b*&amp;apos;
System info: os.name: &amp;apos;Windows 11&amp;apos;, os.arch: &amp;apos;amd64&amp;apos;, os.version: &amp;apos;10.0&amp;apos;, java.version: &amp;apos;21.0.1&amp;apos;
Driver info: org.openqa.selenium.remote.RemoteWebDriver
Command: [c24afbaa-c5a1-4561-ad8c-5d4af2f73bd9, clickElement {id=113a6df1-03ae-4e79-970b-f828c829e0c8}]
Capabilities {acceptInsecureCerts: false, browserName: firefox, browserVersion: 124.0, moz:accessibilityChecks: false, moz:buildID: 20240221091558, moz:geckodriverVersion: 0.34.0, moz:headless: false, moz:platformVersion: 10.0, moz:processID: 8880, moz:profile: C:\Users\T14S-C~1\AppData\L..., moz:shutdownTimeout: 60000, moz:webdriverClick: true, moz:windowless: false, pageLoadStrategy: normal, platformName: Windows 11, proxy: Proxy(), se:bidiEnabled: false, se:cdp: ws://192.168.2.15:4444/sess..., setWindowRect: true, strictFileInteractability: false, timeouts: {implicit: 0, pageLoad: 300000, script: 30000}, unhandledPromptBehavior: dismiss and notify}
Element: [[RemoteWebDriver: firefox on Windows 11 (c24afbaa-c5a1-4561-ad8c-5d4af2f73bd9)] -&amp;gt; id: new-user-submit]
Session ID: c24afbaa-c5a1-4561-ad8c-5d4af2f73bd9">
      <![CDATA[org.openqa.selenium.ElementClickInterceptedException: Element <button id="new-user-submit" name="save"> is not clickable at point (1275,570) because another element <html class="k-ff k-ff124"> obscures it
Build info: version: '4.13.0', revision: 'ba948ece5b*'
System info: os.name: 'Windows 11', os.arch: 'amd64', os.version: '10.0', java.version: '21.0.1'
Driver info: org.openqa.selenium.remote.RemoteWebDriver
Command: [c24afbaa-c5a1-4561-ad8c-5d4af2f73bd9, clickElement {id=113a6df1-03ae-4e79-970b-f828c829e0c8}]
Capabilities {acceptInsecureCerts: false, browserName: firefox, browserVersion: 124.0, moz:accessibilityChecks: false, moz:buildID: 20240221091558, moz:geckodriverVersion: 0.34.0, moz:headless: false, moz:platformVersion: 10.0, moz:processID: 8880, moz:profile: C:\Users\T14S-C~1\AppData\L..., moz:shutdownTimeout: 60000, moz:webdriverClick: true, moz:windowless: false, pageLoadStrategy: normal, platformName: Windows 11, proxy: Proxy(), se:bidiEnabled: false, se:cdp: ws://192.168.2.15:4444/sess..., setWindowRect: true, strictFileInteractability: false, timeouts: {implicit: 0, pageLoad: 300000, script: 30000}, unhandledPromptBehavior: dismiss and notify}
Element: [[RemoteWebDriver: firefox on Windows 11 (c24afbaa-c5a1-4561-ad8c-5d4af2f73bd9)] -> id: new-user-submit]
Session ID: c24afbaa-c5a1-4561-ad8c-5d4af2f73bd9
at org.openqa.selenium.remote.codec.w3c.W3CHttpResponseCodec.createException(W3CHttpResponseCodec.java:200)
at org.openqa.selenium.remote.codec.w3c.W3CHttpResponseCodec.decode(W3CHttpResponseCodec.java:133)
at org.openqa.selenium.remote.codec.w3c.W3CHttpResponseCodec.decode(W3CHttpResponseCodec.java:52)
at org.openqa.selenium.remote.HttpCommandExecutor.execute(HttpCommandExecutor.java:191)
at org.openqa.selenium.remote.TracedCommandExecutor.execute(TracedCommandExecutor.java:51)
at org.openqa.selenium.remote.RemoteWebDriver.execute(RemoteWebDriver.java:602)
at org.openqa.selenium.remote.RemoteWebElement.execute(RemoteWebElement.java:224)
at org.openqa.selenium.remote.RemoteWebElement.click(RemoteWebElement.java:77)
at org.openqa.selenium.support.pagefactory.internal.LocatingElementHandler.invoke(LocatingElementHandler.java:51)
at jdk.proxy2/jdk.proxy2.$Proxy39.click(Unknown Source)
at com.clean.ults.ElementController.click(ElementController.java:48)
at com.clean.pages.users.adduser.AddUserController.clickOnSaveBtn(AddUserController.java:84)
at testclass.client.sesweb.UsersTest.addNewRegularUserWithFinalPassword(UsersTest.java:59)
at java.base/java.util.concurrent.ThreadPoolExecutor.runWorker(ThreadPoolExecutor.java:1144)
at java.base/java.util.concurrent.ThreadPoolExecutor$Worker.run(ThreadPoolExecutor.java:642)
at java.base/java.lang.Thread.run(Thread.java:1583)
... Removed 15 stack frames]]>
    </failure>
  </testcase> <!-- addNewRegularUserWithFinalPassword -->
  <testcase classname="testclass.client.sesweb.grouptest.ActionFromGroupMenu" name="verifyDeleteGroup" time="7.273">
    <skipped/>
  </testcase> <!-- verifyDeleteGroup -->
  <testcase classname="testclass.client.sesweb.grouptest.GroupTest" name="CreateNewGroup" time="3.372">
    <skipped/>
  </testcase> <!-- CreateNewGroup -->
  <testcase classname="testclass.client.sesweb.grouptest.ActionFromGroupMenu" name="verifyDeleteGroup" time="3.33">
    <skipped/>
  </testcase> <!-- verifyDeleteGroup -->
  <testcase classname="testclass.client.sesweb.grouptest.GroupTest" name="CreateNewGroup" time="3.364">
    <skipped/>
  </testcase> <!-- CreateNewGroup -->
  <testcase classname="testclass.client.sesweb.grouptest.ActionFromGroupMenu" name="verifyDeleteGroup" time="3.366">
    <failure type="org.openqa.selenium.ElementClickInterceptedException" message="Element &amp;lt;button class=&amp;quot;submit&amp;quot; name=&amp;quot;save&amp;quot;&amp;gt; is not clickable at point (1275,351) because another element &amp;lt;html class=&amp;quot;k-ff k-ff124&amp;quot;&amp;gt; obscures it
Build info: version: &amp;apos;4.13.0&amp;apos;, revision: &amp;apos;ba948ece5b*&amp;apos;
System info: os.name: &amp;apos;Windows 11&amp;apos;, os.arch: &amp;apos;amd64&amp;apos;, os.version: &amp;apos;10.0&amp;apos;, java.version: &amp;apos;21.0.1&amp;apos;
Driver info: org.openqa.selenium.remote.RemoteWebDriver
Command: [84a68c61-e28c-4732-ba59-80fe881f0713, clickElement {id=c5bf0981-da63-4fc7-9c1c-b1c3966249a3}]
Capabilities {acceptInsecureCerts: false, browserName: firefox, browserVersion: 124.0, moz:accessibilityChecks: false, moz:buildID: 20240221091558, moz:geckodriverVersion: 0.34.0, moz:headless: false, moz:platformVersion: 10.0, moz:processID: 20612, moz:profile: C:\Users\T14S-C~1\AppData\L..., moz:shutdownTimeout: 60000, moz:webdriverClick: true, moz:windowless: false, pageLoadStrategy: normal, platformName: Windows 11, proxy: Proxy(), se:bidiEnabled: false, se:cdp: ws://192.168.2.15:4444/sess..., setWindowRect: true, strictFileInteractability: false, timeouts: {implicit: 0, pageLoad: 300000, script: 30000}, unhandledPromptBehavior: dismiss and notify}
Element: [[RemoteWebDriver: firefox on Windows 11 (84a68c61-e28c-4732-ba59-80fe881f0713)] -&amp;gt; name: save]
Session ID: 84a68c61-e28c-4732-ba59-80fe881f0713">
      <![CDATA[org.openqa.selenium.ElementClickInterceptedException: Element <button class="submit" name="save"> is not clickable at point (1275,351) because another element <html class="k-ff k-ff124"> obscures it
Build info: version: '4.13.0', revision: 'ba948ece5b*'
System info: os.name: 'Windows 11', os.arch: 'amd64', os.version: '10.0', java.version: '21.0.1'
Driver info: org.openqa.selenium.remote.RemoteWebDriver
Command: [84a68c61-e28c-4732-ba59-80fe881f0713, clickElement {id=c5bf0981-da63-4fc7-9c1c-b1c3966249a3}]
Capabilities {acceptInsecureCerts: false, browserName: firefox, browserVersion: 124.0, moz:accessibilityChecks: false, moz:buildID: 20240221091558, moz:geckodriverVersion: 0.34.0, moz:headless: false, moz:platformVersion: 10.0, moz:processID: 20612, moz:profile: C:\Users\T14S-C~1\AppData\L..., moz:shutdownTimeout: 60000, moz:webdriverClick: true, moz:windowless: false, pageLoadStrategy: normal, platformName: Windows 11, proxy: Proxy(), se:bidiEnabled: false, se:cdp: ws://192.168.2.15:4444/sess..., setWindowRect: true, strictFileInteractability: false, timeouts: {implicit: 0, pageLoad: 300000, script: 30000}, unhandledPromptBehavior: dismiss and notify}
Element: [[RemoteWebDriver: firefox on Windows 11 (84a68c61-e28c-4732-ba59-80fe881f0713)] -> name: save]
Session ID: 84a68c61-e28c-4732-ba59-80fe881f0713
at org.openqa.selenium.remote.codec.w3c.W3CHttpResponseCodec.createException(W3CHttpResponseCodec.java:200)
at org.openqa.selenium.remote.codec.w3c.W3CHttpResponseCodec.decode(W3CHttpResponseCodec.java:133)
at org.openqa.selenium.remote.codec.w3c.W3CHttpResponseCodec.decode(W3CHttpResponseCodec.java:52)
at org.openqa.selenium.remote.HttpCommandExecutor.execute(HttpCommandExecutor.java:191)
at org.openqa.selenium.remote.TracedCommandExecutor.execute(TracedCommandExecutor.java:51)
at org.openqa.selenium.remote.RemoteWebDriver.execute(RemoteWebDriver.java:602)
at org.openqa.selenium.remote.RemoteWebElement.execute(RemoteWebElement.java:224)
at org.openqa.selenium.remote.RemoteWebElement.click(RemoteWebElement.java:77)
at org.openqa.selenium.support.pagefactory.internal.LocatingElementHandler.invoke(LocatingElementHandler.java:51)
at jdk.proxy2/jdk.proxy2.$Proxy39.click(Unknown Source)
at com.clean.ults.ElementController.click(ElementController.java:48)
at com.clean.pages.users.addgroup.AddGroupController.clickOnSaveButton(AddGroupController.java:30)
at testclass.client.sesweb.grouptest.ActionFromGroupMenu.verifyDeleteGroup(ActionFromGroupMenu.java:89)
at java.base/java.util.concurrent.ThreadPoolExecutor.runWorker(ThreadPoolExecutor.java:1144)
at java.base/java.util.concurrent.ThreadPoolExecutor$Worker.run(ThreadPoolExecutor.java:642)
at java.base/java.lang.Thread.run(Thread.java:1583)
... Removed 15 stack frames]]>
    </failure>
  </testcase> <!-- verifyDeleteGroup -->
  <testcase classname="testclass.client.sesweb.grouptest.GroupTest" name="CreateNewGroup" time="3.414">
    <failure type="org.openqa.selenium.ElementClickInterceptedException" message="Element &amp;lt;button class=&amp;quot;submit&amp;quot; name=&amp;quot;save&amp;quot;&amp;gt; is not clickable at point (1275,351) because another element &amp;lt;html class=&amp;quot;k-ff k-ff124&amp;quot;&amp;gt; obscures it
Build info: version: &amp;apos;4.13.0&amp;apos;, revision: &amp;apos;ba948ece5b*&amp;apos;
System info: os.name: &amp;apos;Windows 11&amp;apos;, os.arch: &amp;apos;amd64&amp;apos;, os.version: &amp;apos;10.0&amp;apos;, java.version: &amp;apos;21.0.1&amp;apos;
Driver info: org.openqa.selenium.remote.RemoteWebDriver
Command: [c24afbaa-c5a1-4561-ad8c-5d4af2f73bd9, clickElement {id=f28c6579-6bde-4c38-9b6b-589ffbda10d8}]
Capabilities {acceptInsecureCerts: false, browserName: firefox, browserVersion: 124.0, moz:accessibilityChecks: false, moz:buildID: 20240221091558, moz:geckodriverVersion: 0.34.0, moz:headless: false, moz:platformVersion: 10.0, moz:processID: 8880, moz:profile: C:\Users\T14S-C~1\AppData\L..., moz:shutdownTimeout: 60000, moz:webdriverClick: true, moz:windowless: false, pageLoadStrategy: normal, platformName: Windows 11, proxy: Proxy(), se:bidiEnabled: false, se:cdp: ws://192.168.2.15:4444/sess..., setWindowRect: true, strictFileInteractability: false, timeouts: {implicit: 0, pageLoad: 300000, script: 30000}, unhandledPromptBehavior: dismiss and notify}
Element: [[RemoteWebDriver: firefox on Windows 11 (c24afbaa-c5a1-4561-ad8c-5d4af2f73bd9)] -&amp;gt; name: save]
Session ID: c24afbaa-c5a1-4561-ad8c-5d4af2f73bd9">
      <![CDATA[org.openqa.selenium.ElementClickInterceptedException: Element <button class="submit" name="save"> is not clickable at point (1275,351) because another element <html class="k-ff k-ff124"> obscures it
Build info: version: '4.13.0', revision: 'ba948ece5b*'
System info: os.name: 'Windows 11', os.arch: 'amd64', os.version: '10.0', java.version: '21.0.1'
Driver info: org.openqa.selenium.remote.RemoteWebDriver
Command: [c24afbaa-c5a1-4561-ad8c-5d4af2f73bd9, clickElement {id=f28c6579-6bde-4c38-9b6b-589ffbda10d8}]
Capabilities {acceptInsecureCerts: false, browserName: firefox, browserVersion: 124.0, moz:accessibilityChecks: false, moz:buildID: 20240221091558, moz:geckodriverVersion: 0.34.0, moz:headless: false, moz:platformVersion: 10.0, moz:processID: 8880, moz:profile: C:\Users\T14S-C~1\AppData\L..., moz:shutdownTimeout: 60000, moz:webdriverClick: true, moz:windowless: false, pageLoadStrategy: normal, platformName: Windows 11, proxy: Proxy(), se:bidiEnabled: false, se:cdp: ws://192.168.2.15:4444/sess..., setWindowRect: true, strictFileInteractability: false, timeouts: {implicit: 0, pageLoad: 300000, script: 30000}, unhandledPromptBehavior: dismiss and notify}
Element: [[RemoteWebDriver: firefox on Windows 11 (c24afbaa-c5a1-4561-ad8c-5d4af2f73bd9)] -> name: save]
Session ID: c24afbaa-c5a1-4561-ad8c-5d4af2f73bd9
at org.openqa.selenium.remote.codec.w3c.W3CHttpResponseCodec.createException(W3CHttpResponseCodec.java:200)
at org.openqa.selenium.remote.codec.w3c.W3CHttpResponseCodec.decode(W3CHttpResponseCodec.java:133)
at org.openqa.selenium.remote.codec.w3c.W3CHttpResponseCodec.decode(W3CHttpResponseCodec.java:52)
at org.openqa.selenium.remote.HttpCommandExecutor.execute(HttpCommandExecutor.java:191)
at org.openqa.selenium.remote.TracedCommandExecutor.execute(TracedCommandExecutor.java:51)
at org.openqa.selenium.remote.RemoteWebDriver.execute(RemoteWebDriver.java:602)
at org.openqa.selenium.remote.RemoteWebElement.execute(RemoteWebElement.java:224)
at org.openqa.selenium.remote.RemoteWebElement.click(RemoteWebElement.java:77)
at org.openqa.selenium.support.pagefactory.internal.LocatingElementHandler.invoke(LocatingElementHandler.java:51)
at jdk.proxy2/jdk.proxy2.$Proxy39.click(Unknown Source)
at com.clean.ults.ElementController.click(ElementController.java:48)
at com.clean.pages.users.addgroup.AddGroupController.clickOnSaveButton(AddGroupController.java:30)
at testclass.client.sesweb.grouptest.GroupTest.CreateNewGroup(GroupTest.java:43)
at java.base/java.util.concurrent.ThreadPoolExecutor.runWorker(ThreadPoolExecutor.java:1144)
at java.base/java.util.concurrent.ThreadPoolExecutor$Worker.run(ThreadPoolExecutor.java:642)
at java.base/java.lang.Thread.run(Thread.java:1583)
... Removed 15 stack frames]]>
    </failure>
  </testcase> <!-- CreateNewGroup -->
  <testcase classname="testclass.client.sesweb.grouptest.GroupTest" name="CreateNewGroupToTestUpdate" time="3.353">
    <skipped/>
  </testcase> <!-- CreateNewGroupToTestUpdate -->
  <testcase classname="testclass.client.sesweb.FolderTest" name="AssignGroupToFolder" time="0.0">
    <skipped/>
  </testcase> <!-- AssignGroupToFolder -->
  <testcase classname="testclass.client.sesweb.FolderTest" name="RemoveGroupToFolder" time="0.0">
    <skipped/>
  </testcase> <!-- RemoveGroupToFolder -->
  <testcase classname="testclass.client.sesweb.grouptest.GroupTest" name="CreateNewGroupToTestUpdate" time="3.552">
    <skipped/>
  </testcase> <!-- CreateNewGroupToTestUpdate -->
  <testcase classname="testclass.client.sesweb.grouptest.GroupTest" name="CreateNewGroupToTestUpdate" time="3.234">
    <failure type="org.openqa.selenium.ElementClickInterceptedException" message="Element &amp;lt;button class=&amp;quot;submit&amp;quot; name=&amp;quot;save&amp;quot;&amp;gt; is not clickable at point (1275,351) because another element &amp;lt;html class=&amp;quot;k-ff k-ff124&amp;quot;&amp;gt; obscures it
Build info: version: &amp;apos;4.13.0&amp;apos;, revision: &amp;apos;ba948ece5b*&amp;apos;
System info: os.name: &amp;apos;Windows 11&amp;apos;, os.arch: &amp;apos;amd64&amp;apos;, os.version: &amp;apos;10.0&amp;apos;, java.version: &amp;apos;21.0.1&amp;apos;
Driver info: org.openqa.selenium.remote.RemoteWebDriver
Command: [84a68c61-e28c-4732-ba59-80fe881f0713, clickElement {id=bcedd965-8a79-49b3-87e7-72c1cc5f37ec}]
Capabilities {acceptInsecureCerts: false, browserName: firefox, browserVersion: 124.0, moz:accessibilityChecks: false, moz:buildID: 20240221091558, moz:geckodriverVersion: 0.34.0, moz:headless: false, moz:platformVersion: 10.0, moz:processID: 20612, moz:profile: C:\Users\T14S-C~1\AppData\L..., moz:shutdownTimeout: 60000, moz:webdriverClick: true, moz:windowless: false, pageLoadStrategy: normal, platformName: Windows 11, proxy: Proxy(), se:bidiEnabled: false, se:cdp: ws://192.168.2.15:4444/sess..., setWindowRect: true, strictFileInteractability: false, timeouts: {implicit: 0, pageLoad: 300000, script: 30000}, unhandledPromptBehavior: dismiss and notify}
Element: [[RemoteWebDriver: firefox on Windows 11 (84a68c61-e28c-4732-ba59-80fe881f0713)] -&amp;gt; name: save]
Session ID: 84a68c61-e28c-4732-ba59-80fe881f0713">
      <![CDATA[org.openqa.selenium.ElementClickInterceptedException: Element <button class="submit" name="save"> is not clickable at point (1275,351) because another element <html class="k-ff k-ff124"> obscures it
Build info: version: '4.13.0', revision: 'ba948ece5b*'
System info: os.name: 'Windows 11', os.arch: 'amd64', os.version: '10.0', java.version: '21.0.1'
Driver info: org.openqa.selenium.remote.RemoteWebDriver
Command: [84a68c61-e28c-4732-ba59-80fe881f0713, clickElement {id=bcedd965-8a79-49b3-87e7-72c1cc5f37ec}]
Capabilities {acceptInsecureCerts: false, browserName: firefox, browserVersion: 124.0, moz:accessibilityChecks: false, moz:buildID: 20240221091558, moz:geckodriverVersion: 0.34.0, moz:headless: false, moz:platformVersion: 10.0, moz:processID: 20612, moz:profile: C:\Users\T14S-C~1\AppData\L..., moz:shutdownTimeout: 60000, moz:webdriverClick: true, moz:windowless: false, pageLoadStrategy: normal, platformName: Windows 11, proxy: Proxy(), se:bidiEnabled: false, se:cdp: ws://192.168.2.15:4444/sess..., setWindowRect: true, strictFileInteractability: false, timeouts: {implicit: 0, pageLoad: 300000, script: 30000}, unhandledPromptBehavior: dismiss and notify}
Element: [[RemoteWebDriver: firefox on Windows 11 (84a68c61-e28c-4732-ba59-80fe881f0713)] -> name: save]
Session ID: 84a68c61-e28c-4732-ba59-80fe881f0713
at org.openqa.selenium.remote.codec.w3c.W3CHttpResponseCodec.createException(W3CHttpResponseCodec.java:200)
at org.openqa.selenium.remote.codec.w3c.W3CHttpResponseCodec.decode(W3CHttpResponseCodec.java:133)
at org.openqa.selenium.remote.codec.w3c.W3CHttpResponseCodec.decode(W3CHttpResponseCodec.java:52)
at org.openqa.selenium.remote.HttpCommandExecutor.execute(HttpCommandExecutor.java:191)
at org.openqa.selenium.remote.TracedCommandExecutor.execute(TracedCommandExecutor.java:51)
at org.openqa.selenium.remote.RemoteWebDriver.execute(RemoteWebDriver.java:602)
at org.openqa.selenium.remote.RemoteWebElement.execute(RemoteWebElement.java:224)
at org.openqa.selenium.remote.RemoteWebElement.click(RemoteWebElement.java:77)
at org.openqa.selenium.support.pagefactory.internal.LocatingElementHandler.invoke(LocatingElementHandler.java:51)
at jdk.proxy2/jdk.proxy2.$Proxy39.click(Unknown Source)
at com.clean.ults.ElementController.click(ElementController.java:48)
at com.clean.pages.users.addgroup.AddGroupController.clickOnSaveButton(AddGroupController.java:30)
at testclass.client.sesweb.grouptest.GroupTest.CreateNewGroupToTestUpdate(GroupTest.java:66)
at java.base/java.util.concurrent.ThreadPoolExecutor.runWorker(ThreadPoolExecutor.java:1144)
at java.base/java.util.concurrent.ThreadPoolExecutor$Worker.run(ThreadPoolExecutor.java:642)
at java.base/java.lang.Thread.run(Thread.java:1583)
... Removed 15 stack frames]]>
    </failure>
  </testcase> <!-- CreateNewGroupToTestUpdate -->
  <testcase classname="testclass.client.sesweb.grouptest.ActionFromUserMenu" name="AssignUserToGroup" time="3.742">
    <skipped/>
  </testcase> <!-- AssignUserToGroup -->
  <testcase classname="testclass.client.sesweb.grouptest.ActionFromGroupMenu" name="verifyTheGroupProperties" time="27.201">
    <skipped/>
  </testcase> <!-- verifyTheGroupProperties -->
  <testcase classname="testclass.client.sesweb.grouptest.ActionFromUserMenu" name="AssignUserToGroup" time="24.091">
    <skipped/>
  </testcase> <!-- AssignUserToGroup -->
  <testcase classname="testclass.client.sesweb.grouptest.ActionFromGroupMenu" name="verifyTheGroupProperties" time="26.932">
    <skipped/>
  </testcase> <!-- verifyTheGroupProperties -->
  <testcase classname="testclass.client.sesweb.grouptest.ActionFromUserMenu" name="AssignUserToGroup" time="24.138">
    <failure type="java.lang.AssertionError" message="ERR| Proxy element for: DefaultElementLocator &amp;apos;By.cssSelector: table[data-role]&amp;gt;tbody&amp;apos; Not displayed. Please recheck the locator">
      <![CDATA[java.lang.AssertionError: ERR| Proxy element for: DefaultElementLocator 'By.cssSelector: table[data-role]>tbody' Not displayed. Please recheck the locator
at com.clean.ults.ElementController.waitForElementVisibility(ElementController.java:27)
at com.clean.ults.ElementController.selectElementInTable(ElementController.java:187)
at com.clean.pages.users.assigngroup.AssignGroupController.selectTheGroupToAssign(AssignGroupController.java:18)
at testclass.client.sesweb.grouptest.ActionFromUserMenu.AssignUserToGroup(ActionFromUserMenu.java:41)
at java.base/java.util.concurrent.ThreadPoolExecutor.runWorker(ThreadPoolExecutor.java:1144)
at java.base/java.util.concurrent.ThreadPoolExecutor$Worker.run(ThreadPoolExecutor.java:642)
at java.base/java.lang.Thread.run(Thread.java:1583)
... Removed 11 stack frames]]>
    </failure>
  </testcase> <!-- AssignUserToGroup -->
  <testcase classname="testclass.client.sesweb.grouptest.ActionFromUserMenu" name="verifyAssignKeyToUserBelongGroup" time="0.0">
    <skipped/>
  </testcase> <!-- verifyAssignKeyToUserBelongGroup -->
  <testcase classname="testclass.client.sesweb.grouptest.ActionFromUserMenu" name="verifyAudiLogsPageOfUserBelongGroup" time="0.0">
    <skipped/>
  </testcase> <!-- verifyAudiLogsPageOfUserBelongGroup -->
  <testcase classname="testclass.client.sesweb.grouptest.ActionFromUserMenu" name="verifyMoveUserBelongGroupToAnotherFolder" time="0.001">
    <skipped/>
  </testcase> <!-- verifyMoveUserBelongGroupToAnotherFolder -->
  <testcase classname="testclass.client.sesweb.grouptest.ActionFromUserMenu" name="verifyRemoveUserFromGroup" time="3.233">
    <skipped/>
  </testcase> <!-- verifyRemoveUserFromGroup -->
  <testcase classname="testclass.client.sesweb.grouptest.ActionFromUserMenu" name="verifyRemoveUserFromGroup" time="3.235">
    <skipped/>
  </testcase> <!-- verifyRemoveUserFromGroup -->
  <testcase classname="testclass.client.sesweb.grouptest.ActionFromUserMenu" name="verifyRemoveUserFromGroup" time="3.236">
    <failure type="org.openqa.selenium.ElementClickInterceptedException" message="Element &amp;lt;button id=&amp;quot;new-user-submit&amp;quot; name=&amp;quot;save&amp;quot;&amp;gt; is not clickable at point (1275,570) because another element &amp;lt;html class=&amp;quot;k-ff k-ff124&amp;quot;&amp;gt; obscures it
Build info: version: &amp;apos;4.13.0&amp;apos;, revision: &amp;apos;ba948ece5b*&amp;apos;
System info: os.name: &amp;apos;Windows 11&amp;apos;, os.arch: &amp;apos;amd64&amp;apos;, os.version: &amp;apos;10.0&amp;apos;, java.version: &amp;apos;21.0.1&amp;apos;
Driver info: org.openqa.selenium.remote.RemoteWebDriver
Command: [84a68c61-e28c-4732-ba59-80fe881f0713, clickElement {id=38471944-dde9-40eb-addc-315f7277ae27}]
Capabilities {acceptInsecureCerts: false, browserName: firefox, browserVersion: 124.0, moz:accessibilityChecks: false, moz:buildID: 20240221091558, moz:geckodriverVersion: 0.34.0, moz:headless: false, moz:platformVersion: 10.0, moz:processID: 20612, moz:profile: C:\Users\T14S-C~1\AppData\L..., moz:shutdownTimeout: 60000, moz:webdriverClick: true, moz:windowless: false, pageLoadStrategy: normal, platformName: Windows 11, proxy: Proxy(), se:bidiEnabled: false, se:cdp: ws://192.168.2.15:4444/sess..., setWindowRect: true, strictFileInteractability: false, timeouts: {implicit: 0, pageLoad: 300000, script: 30000}, unhandledPromptBehavior: dismiss and notify}
Element: [[RemoteWebDriver: firefox on Windows 11 (84a68c61-e28c-4732-ba59-80fe881f0713)] -&amp;gt; id: new-user-submit]
Session ID: 84a68c61-e28c-4732-ba59-80fe881f0713">
      <![CDATA[org.openqa.selenium.ElementClickInterceptedException: Element <button id="new-user-submit" name="save"> is not clickable at point (1275,570) because another element <html class="k-ff k-ff124"> obscures it
Build info: version: '4.13.0', revision: 'ba948ece5b*'
System info: os.name: 'Windows 11', os.arch: 'amd64', os.version: '10.0', java.version: '21.0.1'
Driver info: org.openqa.selenium.remote.RemoteWebDriver
Command: [84a68c61-e28c-4732-ba59-80fe881f0713, clickElement {id=38471944-dde9-40eb-addc-315f7277ae27}]
Capabilities {acceptInsecureCerts: false, browserName: firefox, browserVersion: 124.0, moz:accessibilityChecks: false, moz:buildID: 20240221091558, moz:geckodriverVersion: 0.34.0, moz:headless: false, moz:platformVersion: 10.0, moz:processID: 20612, moz:profile: C:\Users\T14S-C~1\AppData\L..., moz:shutdownTimeout: 60000, moz:webdriverClick: true, moz:windowless: false, pageLoadStrategy: normal, platformName: Windows 11, proxy: Proxy(), se:bidiEnabled: false, se:cdp: ws://192.168.2.15:4444/sess..., setWindowRect: true, strictFileInteractability: false, timeouts: {implicit: 0, pageLoad: 300000, script: 30000}, unhandledPromptBehavior: dismiss and notify}
Element: [[RemoteWebDriver: firefox on Windows 11 (84a68c61-e28c-4732-ba59-80fe881f0713)] -> id: new-user-submit]
Session ID: 84a68c61-e28c-4732-ba59-80fe881f0713
at org.openqa.selenium.remote.codec.w3c.W3CHttpResponseCodec.createException(W3CHttpResponseCodec.java:200)
at org.openqa.selenium.remote.codec.w3c.W3CHttpResponseCodec.decode(W3CHttpResponseCodec.java:133)
at org.openqa.selenium.remote.codec.w3c.W3CHttpResponseCodec.decode(W3CHttpResponseCodec.java:52)
at org.openqa.selenium.remote.HttpCommandExecutor.execute(HttpCommandExecutor.java:191)
at org.openqa.selenium.remote.TracedCommandExecutor.execute(TracedCommandExecutor.java:51)
at org.openqa.selenium.remote.RemoteWebDriver.execute(RemoteWebDriver.java:602)
at org.openqa.selenium.remote.RemoteWebElement.execute(RemoteWebElement.java:224)
at org.openqa.selenium.remote.RemoteWebElement.click(RemoteWebElement.java:77)
at org.openqa.selenium.support.pagefactory.internal.LocatingElementHandler.invoke(LocatingElementHandler.java:51)
at jdk.proxy2/jdk.proxy2.$Proxy39.click(Unknown Source)
at com.clean.ults.ElementController.click(ElementController.java:48)
at com.clean.pages.users.adduser.AddUserController.clickOnSaveBtn(AddUserController.java:84)
at testclass.client.sesweb.grouptest.ActionFromUserMenu.verifyRemoveUserFromGroup(ActionFromUserMenu.java:221)
at java.base/java.util.concurrent.ThreadPoolExecutor.runWorker(ThreadPoolExecutor.java:1144)
at java.base/java.util.concurrent.ThreadPoolExecutor$Worker.run(ThreadPoolExecutor.java:642)
at java.base/java.lang.Thread.run(Thread.java:1583)
... Removed 15 stack frames]]>
    </failure>
  </testcase> <!-- verifyRemoveUserFromGroup -->
  <testcase classname="testclass.client.sesweb.grouptest.ActionFromUserMenu" name="verifyDeleteUserBelongGroup" time="0.0">
    <skipped/>
  </testcase> <!-- verifyDeleteUserBelongGroup -->
  <testcase classname="testclass.client.sesweb.grouptest.ActionFromUserMenu" name="verifyUserPropertiesOfUserBelongGroup" time="0.0">
    <skipped/>
  </testcase> <!-- verifyUserPropertiesOfUserBelongGroup -->
  <testcase classname="testclass.client.sesweb.grouptest.GroupTest" name="ChangeTheGroupName" time="0.001">
    <skipped/>
  </testcase> <!-- ChangeTheGroupName -->
  <testcase classname="testclass.client.sesweb.grouptest.ActionFromGroupMenu" name="verifyTheGroupProperties" time="26.93">
    <failure type="java.lang.AssertionError" message="ERR| Proxy element for: DefaultElementLocator &amp;apos;By.id: Actions_Type_Group_Basic&amp;apos; Not displayed. Please recheck the locator">
      <![CDATA[java.lang.AssertionError: ERR| Proxy element for: DefaultElementLocator 'By.id: Actions_Type_Group_Basic' Not displayed. Please recheck the locator
at com.clean.ults.ElementController.waitForElementClickAble(ElementController.java:39)
at com.clean.ults.ElementController.hover(ElementController.java:116)
at com.clean.pages.users.grouppage.GroupController.hoverToGroupMenu(GroupController.java:17)
at testclass.client.sesweb.grouptest.ActionFromGroupMenu.verifyTheGroupProperties(ActionFromGroupMenu.java:38)
at java.base/java.util.concurrent.ThreadPoolExecutor.runWorker(ThreadPoolExecutor.java:1144)
at java.base/java.util.concurrent.ThreadPoolExecutor$Worker.run(ThreadPoolExecutor.java:642)
at java.base/java.lang.Thread.run(Thread.java:1583)
... Removed 11 stack frames]]>
    </failure>
  </testcase> <!-- verifyTheGroupProperties -->
  <testcase classname="testclass.client.sesweb.grouptest.ActionFromGroupMenu" name="verifyMoveGroupToAnotherFolder" time="0.0">
    <skipped/>
  </testcase> <!-- verifyMoveGroupToAnotherFolder -->
  <testcase classname="testclass.client.sesweb.grouptest.ActionFromUserAdvancedMenu" name="verifyCheckPBConnexPage" time="37.686">
    <skipped/>
  </testcase> <!-- verifyCheckPBConnexPage -->
  <testcase classname="testclass.client.sesweb.grouptest.ActionFromUserAdvancedMenu" name="verifyResetFailedPrebootLogins" time="37.578">
    <skipped/>
  </testcase> <!-- verifyResetFailedPrebootLogins -->
  <testcase classname="testclass.client.sesweb.grouptest.ActionFromUserAdvancedMenu" name="verifyCheckPBConnexPage" time="224.952">
    <skipped/>
  </testcase> <!-- verifyCheckPBConnexPage -->
  <testcase classname="testclass.client.sesweb.grouptest.ActionFromUserAdvancedMenu" name="verifyResetFailedPrebootLogins" time="237.02">
    <skipped/>
  </testcase> <!-- verifyResetFailedPrebootLogins -->
  <testcase classname="testclass.client.sesweb.grouptest.ActionFromUserAdvancedMenu" name="verifyCheckPBConnexPage" time="39.025">
    <failure type="java.lang.AssertionError" message="ERR| Proxy element for: DefaultElementLocator &amp;apos;By.id: breadcrumb_User_CheckPBConnex_4&amp;apos; Not displayed. Please recheck the locator">
      <![CDATA[java.lang.AssertionError: ERR| Proxy element for: DefaultElementLocator 'By.id: breadcrumb_User_CheckPBConnex_4' Not displayed. Please recheck the locator
at com.clean.ults.ElementController.waitForElementVisibility(ElementController.java:27)
at com.clean.ults.ElementController.verify(ElementController.java:60)
at com.clean.pages.users.checkpbconnexpage.CheckPBConnexVerifier.isCheckPBConnexPageDisplay(CheckPBConnexVerifier.java:17)
at testclass.client.sesweb.grouptest.ActionFromUserAdvancedMenu.verifyCheckPBConnexPage(ActionFromUserAdvancedMenu.java:70)
at java.base/java.util.concurrent.ThreadPoolExecutor.runWorker(ThreadPoolExecutor.java:1144)
at java.base/java.util.concurrent.ThreadPoolExecutor$Worker.run(ThreadPoolExecutor.java:642)
at java.base/java.lang.Thread.run(Thread.java:1583)
... Removed 11 stack frames]]>
    </failure>
  </testcase> <!-- verifyCheckPBConnexPage -->
  <testcase classname="testclass.client.sesweb.grouptest.ActionFromUserAdvancedMenu" name="verifyResetFailedPrebootLogins" time="37.572">
    <failure type="java.lang.AssertionError" message="ERR| Proxy element for: DefaultElementLocator &amp;apos;By.xpath: //button[text()=&amp;apos;Yes&amp;apos;]&amp;apos; Not displayed. Please recheck the locator">
      <![CDATA[java.lang.AssertionError: ERR| Proxy element for: DefaultElementLocator 'By.xpath: //button[text()='Yes']' Not displayed. Please recheck the locator
at com.clean.ults.ElementController.waitForElementClickAble(ElementController.java:39)
at com.clean.ults.ElementController.click(ElementController.java:47)
at com.clean.pages.users.grouppage.GroupController.clickOnYesBtnOnConfirmationDialog(GroupController.java:77)
at testclass.client.sesweb.grouptest.ActionFromUserAdvancedMenu.verifyResetFailedPrebootLogins(ActionFromUserAdvancedMenu.java:91)
at java.base/java.util.concurrent.ThreadPoolExecutor.runWorker(ThreadPoolExecutor.java:1144)
at java.base/java.util.concurrent.ThreadPoolExecutor$Worker.run(ThreadPoolExecutor.java:642)
at java.base/java.lang.Thread.run(Thread.java:1583)
... Removed 11 stack frames]]>
    </failure>
  </testcase> <!-- verifyResetFailedPrebootLogins -->
  <testcase classname="testclass.client.sesweb.grouptest.ActionFromUserMenu" name="verifyAssignUserToAnotherGroup" time="0.0">
    <skipped/>
  </testcase> <!-- verifyAssignUserToAnotherGroup -->
  <testcase classname="testclass.client.sesweb.grouptest.GroupTest" name="AssignGroupToGroupProperties" time="0.0">
    <skipped/>
  </testcase> <!-- AssignGroupToGroupProperties -->
  <testcase classname="testclass.client.sesweb.grouptest.GroupTest" name="AssignKeyToGroupProperties" time="0.0">
    <skipped/>
  </testcase> <!-- AssignKeyToGroupProperties -->
  <testcase classname="testclass.client.sesweb.grouptest.GroupTest" name="AssignTheSPToGroup" time="0.0">
    <skipped/>
  </testcase> <!-- AssignTheSPToGroup -->
  <testcase classname="testclass.client.sesweb.grouptest.GroupTest" name="ChangeTheDescription" time="0.0">
    <skipped/>
  </testcase> <!-- ChangeTheDescription -->
  <testcase classname="testclass.client.sesweb.grouptest.GroupTest" name="EditPBNPolicyOfGroupProperties" time="0.0">
    <skipped/>
  </testcase> <!-- EditPBNPolicyOfGroupProperties -->
  <testcase classname="testclass.client.sesweb.grouptest.GroupTest" name="EditPermissionOfGroupProperties" time="0.0">
    <skipped/>
  </testcase> <!-- EditPermissionOfGroupProperties -->
  <testcase classname="testclass.client.sesweb.grouptest.GroupTest" name="RemoveGroupToGroupProperties" time="0.0">
    <skipped/>
  </testcase> <!-- RemoveGroupToGroupProperties -->
  <testcase classname="testclass.client.sesweb.grouptest.GroupTest" name="RemoveKeyToGroupProperties" time="0.0">
    <skipped/>
  </testcase> <!-- RemoveKeyToGroupProperties -->
  <testcase classname="testclass.client.sesweb.grouptest.GroupTest" name="RemoveSPToGroupProperties" time="0.0">
    <skipped/>
  </testcase> <!-- RemoveSPToGroupProperties -->
  <testcase classname="testclass.client.sesweb.grouptest.GroupTest" name="VerifyBackFeatureFromGroupProperties" time="0.0">
    <skipped/>
  </testcase> <!-- VerifyBackFeatureFromGroupProperties -->
  <testcase classname="testclass.client.sesweb.grouptest.GroupTest" name="VerifyBackFeatureFromGroupsTab" time="0.0">
    <skipped/>
  </testcase> <!-- VerifyBackFeatureFromGroupsTab -->
  <testcase classname="testclass.client.sesweb.grouptest.GroupTest" name="VerifyBackFeatureFromKeysTab" time="0.0">
    <skipped/>
  </testcase> <!-- VerifyBackFeatureFromKeysTab -->
  <testcase classname="testclass.client.sesweb.grouptest.GroupTest" name="VerifyBackFeatureFromPermissionTab" time="0.0">
    <skipped/>
  </testcase> <!-- VerifyBackFeatureFromPermissionTab -->
  <testcase classname="testclass.client.sesweb.grouptest.ActionFromUserAdvancedMenu" name="verifyTheChallengeResponsePage" time="37.586">
    <skipped/>
  </testcase> <!-- verifyTheChallengeResponsePage -->
  <testcase classname="testclass.client.sesweb.user.viewproperties.GeneralTest" name="verifyAllTextFieldsInUserProperties" time="34.014">
    <skipped/>
  </testcase> <!-- verifyAllTextFieldsInUserProperties -->
  <testcase classname="testclass.client.sesweb.grouptest.ActionFromUserAdvancedMenu" name="verifyTheChallengeResponsePage" time="37.835">
    <skipped/>
  </testcase> <!-- verifyTheChallengeResponsePage -->
  <testcase classname="testclass.client.sesweb.user.viewproperties.GeneralTest" name="verifyAllTextFieldsInUserProperties" time="33.749">
    <skipped/>
  </testcase> <!-- verifyAllTextFieldsInUserProperties -->
  <testcase classname="testclass.client.sesweb.grouptest.ActionFromUserAdvancedMenu" name="verifyTheChallengeResponsePage" time="37.733">
    <failure type="java.lang.AssertionError" message="ERR| Proxy element for: DefaultElementLocator &amp;apos;By.id: breadcrumb_User_ChallengeResponse_4&amp;apos; Not displayed. Please recheck the locator">
      <![CDATA[java.lang.AssertionError: ERR| Proxy element for: DefaultElementLocator 'By.id: breadcrumb_User_ChallengeResponse_4' Not displayed. Please recheck the locator
at com.clean.ults.ElementController.waitForElementVisibility(ElementController.java:27)
at com.clean.ults.ElementController.verify(ElementController.java:60)
at com.clean.pages.users.challengeresponsepage.ChallengeResponseVerifier.isCheckChallengeResponsePageDisplay(ChallengeResponseVerifier.java:17)
at testclass.client.sesweb.grouptest.ActionFromUserAdvancedMenu.verifyTheChallengeResponsePage(ActionFromUserAdvancedMenu.java:42)
at java.base/java.util.concurrent.ThreadPoolExecutor.runWorker(ThreadPoolExecutor.java:1144)
at java.base/java.util.concurrent.ThreadPoolExecutor$Worker.run(ThreadPoolExecutor.java:642)
at java.base/java.lang.Thread.run(Thread.java:1583)
... Removed 11 stack frames]]>
    </failure>
  </testcase> <!-- verifyTheChallengeResponsePage -->
  <testcase classname="testclass.client.sesweb.user.viewproperties.GeneralTest" name="verifyAllTextFieldsInUserProperties" time="33.672">
    <failure type="java.lang.AssertionError" message="ERR| Proxy element for: DefaultElementLocator &amp;apos;By.id: breadcrumb_User_ViewUserGeneral_4&amp;apos; Not displayed. Please recheck the locator">
      <![CDATA[java.lang.AssertionError: ERR| Proxy element for: DefaultElementLocator 'By.id: breadcrumb_User_ViewUserGeneral_4' Not displayed. Please recheck the locator
at com.clean.ults.ElementController.waitForElementVisibility(ElementController.java:27)
at com.clean.ults.ElementController.verify(ElementController.java:60)
at com.clean.pages.users.userproperties.UserPropertiesVerifier.isCheckUserPropertiesGeneralPageDisplay(UserPropertiesVerifier.java:18)
at testclass.client.sesweb.user.viewproperties.GeneralTest.verifyAllTextFieldsInUserProperties(GeneralTest.java:42)
at java.base/java.util.concurrent.ThreadPoolExecutor.runWorker(ThreadPoolExecutor.java:1144)
at java.base/java.util.concurrent.ThreadPoolExecutor$Worker.run(ThreadPoolExecutor.java:642)
at java.base/java.lang.Thread.run(Thread.java:1583)
... Removed 11 stack frames]]>
    </failure>
  </testcase> <!-- verifyAllTextFieldsInUserProperties -->
  <testcase classname="testclass.client.sesweb.user.viewproperties.GeneralTest" name="verifyAssignKeyToUser" time="24.505">
    <skipped/>
  </testcase> <!-- verifyAssignKeyToUser -->
  <testcase classname="testclass.client.sesweb.user.viewproperties.GeneralTest" name="verifyAssignUserToGroup" time="24.468">
    <skipped/>
  </testcase> <!-- verifyAssignUserToGroup -->
  <testcase classname="testclass.client.sesweb.user.viewproperties.GeneralTest" name="verifyAssignKeyToUser" time="24.507">
    <skipped/>
  </testcase> <!-- verifyAssignKeyToUser -->
  <testcase classname="testclass.client.sesweb.user.viewproperties.GeneralTest" name="verifyAssignUserToGroup" time="24.42">
    <skipped/>
  </testcase> <!-- verifyAssignUserToGroup -->
  <testcase classname="testclass.client.sesweb.user.viewproperties.GeneralTest" name="verifyAssignKeyToUser" time="24.515">
    <failure type="java.lang.AssertionError" message="ERR| Proxy element for: DefaultElementLocator &amp;apos;By.cssSelector: table[data-role=&amp;apos;selectable&amp;apos;]&amp;apos; Not displayed. Please recheck the locator">
      <![CDATA[java.lang.AssertionError: ERR| Proxy element for: DefaultElementLocator 'By.cssSelector: table[data-role='selectable']' Not displayed. Please recheck the locator
at com.clean.ults.ElementController.waitForElementVisibility(ElementController.java:27)
at com.clean.ults.ElementController.selectElementInTable(ElementController.java:187)
at com.clean.pages.users.assignKey.AssignKeyController.selectKey(AssignKeyController.java:18)
at testclass.client.sesweb.user.viewproperties.GeneralTest.verifyAssignKeyToUser(GeneralTest.java:177)
at java.base/java.util.concurrent.ThreadPoolExecutor.runWorker(ThreadPoolExecutor.java:1144)
at java.base/java.util.concurrent.ThreadPoolExecutor$Worker.run(ThreadPoolExecutor.java:642)
at java.base/java.lang.Thread.run(Thread.java:1583)
... Removed 11 stack frames]]>
    </failure>
  </testcase> <!-- verifyAssignKeyToUser -->
  <testcase classname="testclass.client.sesweb.user.viewproperties.GeneralTest" name="verifyAssignUserToGroup" time="24.478">
    <failure type="java.lang.AssertionError" message="ERR| Proxy element for: DefaultElementLocator &amp;apos;By.cssSelector: table[data-role]&amp;gt;tbody&amp;apos; Not displayed. Please recheck the locator">
      <![CDATA[java.lang.AssertionError: ERR| Proxy element for: DefaultElementLocator 'By.cssSelector: table[data-role]>tbody' Not displayed. Please recheck the locator
at com.clean.ults.ElementController.waitForElementVisibility(ElementController.java:27)
at com.clean.ults.ElementController.selectElementInTable(ElementController.java:187)
at com.clean.pages.users.assigngroup.AssignGroupController.selectTheGroupToAssign(AssignGroupController.java:18)
at testclass.client.sesweb.user.viewproperties.GeneralTest.verifyAssignUserToGroup(GeneralTest.java:204)
at java.base/java.util.concurrent.ThreadPoolExecutor.runWorker(ThreadPoolExecutor.java:1144)
at java.base/java.util.concurrent.ThreadPoolExecutor$Worker.run(ThreadPoolExecutor.java:642)
at java.base/java.lang.Thread.run(Thread.java:1583)
... Removed 11 stack frames]]>
    </failure>
  </testcase> <!-- verifyAssignUserToGroup -->
  <testcase classname="testclass.client.sesweb.user.viewproperties.GeneralTest" name="verifyDeleteAUserInUSerProperties" time="3.269">
    <skipped/>
  </testcase> <!-- verifyDeleteAUserInUSerProperties -->
  <testcase classname="testclass.client.sesweb.user.viewproperties.GeneralTest" name="verifyDeleteAUserInUSerProperties" time="3.201">
    <skipped/>
  </testcase> <!-- verifyDeleteAUserInUSerProperties -->
  <testcase classname="testclass.client.sesweb.user.viewproperties.GeneralTest" name="verifyDeleteAUserInUSerProperties" time="3.223">
    <failure type="org.openqa.selenium.ElementClickInterceptedException" message="Element &amp;lt;button id=&amp;quot;new-user-submit&amp;quot; name=&amp;quot;save&amp;quot;&amp;gt; is not clickable at point (1275,570) because another element &amp;lt;html class=&amp;quot;k-ff k-ff124&amp;quot;&amp;gt; obscures it
Build info: version: &amp;apos;4.13.0&amp;apos;, revision: &amp;apos;ba948ece5b*&amp;apos;
System info: os.name: &amp;apos;Windows 11&amp;apos;, os.arch: &amp;apos;amd64&amp;apos;, os.version: &amp;apos;10.0&amp;apos;, java.version: &amp;apos;21.0.1&amp;apos;
Driver info: org.openqa.selenium.remote.RemoteWebDriver
Command: [c24afbaa-c5a1-4561-ad8c-5d4af2f73bd9, clickElement {id=a747b450-5b88-434b-ac7b-baccc1af6dd7}]
Capabilities {acceptInsecureCerts: false, browserName: firefox, browserVersion: 124.0, moz:accessibilityChecks: false, moz:buildID: 20240221091558, moz:geckodriverVersion: 0.34.0, moz:headless: false, moz:platformVersion: 10.0, moz:processID: 8880, moz:profile: C:\Users\T14S-C~1\AppData\L..., moz:shutdownTimeout: 60000, moz:webdriverClick: true, moz:windowless: false, pageLoadStrategy: normal, platformName: Windows 11, proxy: Proxy(), se:bidiEnabled: false, se:cdp: ws://192.168.2.15:4444/sess..., setWindowRect: true, strictFileInteractability: false, timeouts: {implicit: 0, pageLoad: 300000, script: 30000}, unhandledPromptBehavior: dismiss and notify}
Element: [[RemoteWebDriver: firefox on Windows 11 (c24afbaa-c5a1-4561-ad8c-5d4af2f73bd9)] -&amp;gt; id: new-user-submit]
Session ID: c24afbaa-c5a1-4561-ad8c-5d4af2f73bd9">
      <![CDATA[org.openqa.selenium.ElementClickInterceptedException: Element <button id="new-user-submit" name="save"> is not clickable at point (1275,570) because another element <html class="k-ff k-ff124"> obscures it
Build info: version: '4.13.0', revision: 'ba948ece5b*'
System info: os.name: 'Windows 11', os.arch: 'amd64', os.version: '10.0', java.version: '21.0.1'
Driver info: org.openqa.selenium.remote.RemoteWebDriver
Command: [c24afbaa-c5a1-4561-ad8c-5d4af2f73bd9, clickElement {id=a747b450-5b88-434b-ac7b-baccc1af6dd7}]
Capabilities {acceptInsecureCerts: false, browserName: firefox, browserVersion: 124.0, moz:accessibilityChecks: false, moz:buildID: 20240221091558, moz:geckodriverVersion: 0.34.0, moz:headless: false, moz:platformVersion: 10.0, moz:processID: 8880, moz:profile: C:\Users\T14S-C~1\AppData\L..., moz:shutdownTimeout: 60000, moz:webdriverClick: true, moz:windowless: false, pageLoadStrategy: normal, platformName: Windows 11, proxy: Proxy(), se:bidiEnabled: false, se:cdp: ws://192.168.2.15:4444/sess..., setWindowRect: true, strictFileInteractability: false, timeouts: {implicit: 0, pageLoad: 300000, script: 30000}, unhandledPromptBehavior: dismiss and notify}
Element: [[RemoteWebDriver: firefox on Windows 11 (c24afbaa-c5a1-4561-ad8c-5d4af2f73bd9)] -> id: new-user-submit]
Session ID: c24afbaa-c5a1-4561-ad8c-5d4af2f73bd9
at org.openqa.selenium.remote.codec.w3c.W3CHttpResponseCodec.createException(W3CHttpResponseCodec.java:200)
at org.openqa.selenium.remote.codec.w3c.W3CHttpResponseCodec.decode(W3CHttpResponseCodec.java:133)
at org.openqa.selenium.remote.codec.w3c.W3CHttpResponseCodec.decode(W3CHttpResponseCodec.java:52)
at org.openqa.selenium.remote.HttpCommandExecutor.execute(HttpCommandExecutor.java:191)
at org.openqa.selenium.remote.TracedCommandExecutor.execute(TracedCommandExecutor.java:51)
at org.openqa.selenium.remote.RemoteWebDriver.execute(RemoteWebDriver.java:602)
at org.openqa.selenium.remote.RemoteWebElement.execute(RemoteWebElement.java:224)
at org.openqa.selenium.remote.RemoteWebElement.click(RemoteWebElement.java:77)
at org.openqa.selenium.support.pagefactory.internal.LocatingElementHandler.invoke(LocatingElementHandler.java:51)
at jdk.proxy2/jdk.proxy2.$Proxy39.click(Unknown Source)
at com.clean.ults.ElementController.click(ElementController.java:48)
at com.clean.pages.users.adduser.AddUserController.clickOnSaveBtn(AddUserController.java:84)
at testclass.client.sesweb.user.viewproperties.GeneralTest.verifyDeleteAUserInUSerProperties(GeneralTest.java:114)
at java.base/java.util.concurrent.ThreadPoolExecutor.runWorker(ThreadPoolExecutor.java:1144)
at java.base/java.util.concurrent.ThreadPoolExecutor$Worker.run(ThreadPoolExecutor.java:642)
at java.base/java.lang.Thread.run(Thread.java:1583)
... Removed 15 stack frames]]>
    </failure>
  </testcase> <!-- verifyDeleteAUserInUSerProperties -->
  <testcase classname="testclass.client.sesweb.user.viewproperties.GeneralTest" name="verifyChangePWDForAdmin" time="21.948">
    <skipped/>
  </testcase> <!-- verifyChangePWDForAdmin -->
  <testcase classname="testclass.client.sesweb.user.viewproperties.GeneralTest" name="verifyChangePWDForAdmin" time="21.864">
    <skipped/>
  </testcase> <!-- verifyChangePWDForAdmin -->
  <testcase classname="testclass.client.sesweb.user.viewproperties.GeneralTest" name="verifyMoveUserToAnotherFolder" time="24.428">
    <skipped/>
  </testcase> <!-- verifyMoveUserToAnotherFolder -->
  <testcase classname="testclass.client.sesweb.user.viewproperties.GeneralTest" name="verifyChangePWDForAdmin" time="21.912">
    <failure type="java.lang.AssertionError" message="ERR| Proxy element for: DefaultElementLocator &amp;apos;By.id: breadcrumb_Folder_ViewFolder_0&amp;apos; Not displayed. Please recheck the locator">
      <![CDATA[java.lang.AssertionError: ERR| Proxy element for: DefaultElementLocator 'By.id: breadcrumb_Folder_ViewFolder_0' Not displayed. Please recheck the locator
at com.clean.ults.ElementController.waitForElementVisibility(ElementController.java:27)
at com.clean.ults.ElementController.verify(ElementController.java:60)
at com.clean.pages.login.LoginVerifier.veirfyLoginSuccessfully(LoginVerifier.java:23)
at com.clean.pages.login.LoginController.loginSESWEB(LoginController.java:42)
at testclass.client.sesweb.user.viewproperties.GeneralTest.verifyChangePWDForAdmin(GeneralTest.java:57)
at java.base/java.util.concurrent.ThreadPoolExecutor.runWorker(ThreadPoolExecutor.java:1144)
at java.base/java.util.concurrent.ThreadPoolExecutor$Worker.run(ThreadPoolExecutor.java:642)
at java.base/java.lang.Thread.run(Thread.java:1583)
... Removed 11 stack frames]]>
    </failure>
  </testcase> <!-- verifyChangePWDForAdmin -->
  <testcase classname="testclass.client.sesweb.user.viewproperties.GeneralTest" name="verifyMoveUserToAnotherFolder" time="24.454">
    <skipped/>
  </testcase> <!-- verifyMoveUserToAnotherFolder -->
  <testcase classname="testclass.client.sesweb.user.viewproperties.GeneralTest" name="verifyMoveUserToAnotherFolder" time="24.435">
    <failure type="java.lang.AssertionError" message="ERR| Proxy element for: DefaultElementLocator &amp;apos;By.id: FF_Folders&amp;apos; Not displayed. Please recheck the locator">
      <![CDATA[java.lang.AssertionError: ERR| Proxy element for: DefaultElementLocator 'By.id: FF_Folders' Not displayed. Please recheck the locator
at com.clean.ults.ElementController.waitForElementVisibility(ElementController.java:27)
at com.clean.ults.ElementController.selectElementInList(ElementController.java:252)
at com.clean.pages.users.movetofolder.MoveToFolderController.selectFolder(MoveToFolderController.java:19)
at testclass.client.sesweb.user.viewproperties.GeneralTest.verifyMoveUserToAnotherFolder(GeneralTest.java:151)
at java.base/java.util.concurrent.ThreadPoolExecutor.runWorker(ThreadPoolExecutor.java:1144)
at java.base/java.util.concurrent.ThreadPoolExecutor$Worker.run(ThreadPoolExecutor.java:642)
at java.base/java.lang.Thread.run(Thread.java:1583)
... Removed 11 stack frames]]>
    </failure>
  </testcase> <!-- verifyMoveUserToAnotherFolder -->
  <testcase classname="testclass.client.LoginTest" name="loginInvalidCredentials" time="1.491"/>
  <testcase classname="testclass.client.LoginTest" name="loginValidCredentials" time="2.435"/>
  <testcase classname="testclass.client.sesweb.user.viewproperties.GeneralTest" name="verifyTheUserInfo" time="33.115">
    <skipped/>
  </testcase> <!-- verifyTheUserInfo -->
  <testcase classname="testclass.client.sesweb.user.viewproperties.GeneralTest" name="verifyTheUserInfo" time="427.663">
    <skipped/>
  </testcase> <!-- verifyTheUserInfo -->
  <testcase classname="testclass.client.sesweb.user.viewproperties.GeneralTest" name="verifyTheUserInfo" time="0.006">
    <failure type="org.openqa.selenium.WebDriverException" message="Unable to route (POST) /session/84a68c61-e28c-4732-ba59-80fe881f0713/url
Build info: version: &amp;apos;4.13.0&amp;apos;, revision: &amp;apos;ba948ece5b*&amp;apos;
System info: os.name: &amp;apos;Windows 11&amp;apos;, os.arch: &amp;apos;amd64&amp;apos;, os.version: &amp;apos;10.0&amp;apos;, java.version: &amp;apos;21.0.1&amp;apos;
Driver info: org.openqa.selenium.remote.RemoteWebDriver
Command: [84a68c61-e28c-4732-ba59-80fe881f0713, get {url=https://nabi.asia}]
Capabilities {acceptInsecureCerts: false, browserName: firefox, browserVersion: 124.0, moz:accessibilityChecks: false, moz:buildID: 20240221091558, moz:geckodriverVersion: 0.34.0, moz:headless: false, moz:platformVersion: 10.0, moz:processID: 20612, moz:profile: C:\Users\T14S-C~1\AppData\L..., moz:shutdownTimeout: 60000, moz:webdriverClick: true, moz:windowless: false, pageLoadStrategy: normal, platformName: Windows 11, proxy: Proxy(), se:bidiEnabled: false, se:cdp: ws://192.168.2.15:4444/sess..., setWindowRect: true, strictFileInteractability: false, timeouts: {implicit: 0, pageLoad: 300000, script: 30000}, unhandledPromptBehavior: dismiss and notify}
Session ID: 84a68c61-e28c-4732-ba59-80fe881f0713">
      <![CDATA[org.openqa.selenium.WebDriverException: Unable to route (POST) /session/84a68c61-e28c-4732-ba59-80fe881f0713/url
Build info: version: '4.13.0', revision: 'ba948ece5b*'
System info: os.name: 'Windows 11', os.arch: 'amd64', os.version: '10.0', java.version: '21.0.1'
Driver info: org.openqa.selenium.remote.RemoteWebDriver
Command: [84a68c61-e28c-4732-ba59-80fe881f0713, get {url=https://nabi.asia}]
Capabilities {acceptInsecureCerts: false, browserName: firefox, browserVersion: 124.0, moz:accessibilityChecks: false, moz:buildID: 20240221091558, moz:geckodriverVersion: 0.34.0, moz:headless: false, moz:platformVersion: 10.0, moz:processID: 20612, moz:profile: C:\Users\T14S-C~1\AppData\L..., moz:shutdownTimeout: 60000, moz:webdriverClick: true, moz:windowless: false, pageLoadStrategy: normal, platformName: Windows 11, proxy: Proxy(), se:bidiEnabled: false, se:cdp: ws://192.168.2.15:4444/sess..., setWindowRect: true, strictFileInteractability: false, timeouts: {implicit: 0, pageLoad: 300000, script: 30000}, unhandledPromptBehavior: dismiss and notify}
Session ID: 84a68c61-e28c-4732-ba59-80fe881f0713
at org.openqa.selenium.remote.codec.w3c.W3CHttpResponseCodec.createException(W3CHttpResponseCodec.java:200)
at org.openqa.selenium.remote.codec.w3c.W3CHttpResponseCodec.decode(W3CHttpResponseCodec.java:133)
at org.openqa.selenium.remote.codec.w3c.W3CHttpResponseCodec.decode(W3CHttpResponseCodec.java:52)
at org.openqa.selenium.remote.HttpCommandExecutor.execute(HttpCommandExecutor.java:191)
at org.openqa.selenium.remote.TracedCommandExecutor.execute(TracedCommandExecutor.java:51)
at org.openqa.selenium.remote.RemoteWebDriver.execute(RemoteWebDriver.java:602)
at org.openqa.selenium.remote.RemoteWebDriver.get(RemoteWebDriver.java:304)
at testclass.client.sesweb.user.viewproperties.GeneralTest.verifyTheUserInfo(GeneralTest.java:82)
at java.base/java.util.concurrent.ThreadPoolExecutor.runWorker(ThreadPoolExecutor.java:1144)
at java.base/java.util.concurrent.ThreadPoolExecutor$Worker.run(ThreadPoolExecutor.java:642)
at java.base/java.lang.Thread.run(Thread.java:1583)
... Removed 13 stack frames]]>
    </failure>
  </testcase> <!-- verifyTheUserInfo -->
  <testcase classname="com.clean.driver.DriverBase" name="@AfterSuite afterSuite" time="0.0">
    <ignored/>
  </testcase> <!-- @AfterSuite afterSuite -->
  <testcase classname="com.clean.driver.DriverBase" name="@BeforeSuite initWebDriverObject" time="0.0">
    <ignored/>
  </testcase> <!-- @BeforeSuite initWebDriverObject -->
  <testcase classname="com.clean.driver.DriverBase" name="@AfterSuite afterSuite" time="0.0">
    <ignored/>
  </testcase> <!-- @AfterSuite afterSuite -->
  <testcase classname="com.clean.driver.DriverBase" name="@BeforeSuite initWebDriverObject" time="0.0">
    <ignored/>
  </testcase> <!-- @BeforeSuite initWebDriverObject -->
  <testcase classname="com.clean.driver.DriverBase" name="@AfterSuite afterSuite" time="0.0">
    <ignored/>
  </testcase> <!-- @AfterSuite afterSuite -->
  <testcase classname="com.clean.driver.DriverBase" name="@AfterSuite afterSuite" time="0.0">
    <ignored/>
  </testcase> <!-- @AfterSuite afterSuite -->
  <testcase classname="com.clean.driver.DriverBase" name="@BeforeSuite initWebDriverObject" time="0.0">
    <ignored/>
  </testcase> <!-- @BeforeSuite initWebDriverObject -->
  <testcase classname="com.clean.driver.DriverBase" name="@BeforeSuite initWebDriverObject" time="0.0">
    <ignored/>
  </testcase> <!-- @BeforeSuite initWebDriverObject -->
  <testcase classname="com.clean.driver.DriverBase" name="@AfterSuite afterSuite" time="0.0">
    <ignored/>
  </testcase> <!-- @AfterSuite afterSuite -->
  <testcase classname="com.clean.driver.DriverBase" name="@BeforeSuite initWebDriverObject" time="0.0">
    <ignored/>
  </testcase> <!-- @BeforeSuite initWebDriverObject -->
  <testcase classname="com.clean.driver.DriverBase" name="@BeforeSuite initWebDriverObject" time="0.0">
    <ignored/>
  </testcase> <!-- @BeforeSuite initWebDriverObject -->
  <testcase classname="com.clean.driver.DriverBase" name="@BeforeSuite initWebDriverObject" time="0.0">
    <ignored/>
  </testcase> <!-- @BeforeSuite initWebDriverObject -->
  <testcase classname="com.clean.driver.DriverBase" name="@BeforeSuite initWebDriverObject" time="0.0">
    <ignored/>
  </testcase> <!-- @BeforeSuite initWebDriverObject -->
  <testcase classname="com.clean.driver.DriverBase" name="@AfterSuite afterSuite" time="0.0">
    <ignored/>
  </testcase> <!-- @AfterSuite afterSuite -->
  <testcase classname="com.clean.driver.DriverBase" name="@AfterSuite afterSuite" time="0.0">
    <ignored/>
  </testcase> <!-- @AfterSuite afterSuite -->
  <testcase classname="com.clean.driver.DriverBase" name="@BeforeSuite initWebDriverObject" time="0.0">
    <ignored/>
  </testcase> <!-- @BeforeSuite initWebDriverObject -->
  <testcase classname="com.clean.driver.DriverBase" name="@BeforeSuite initWebDriverObject" time="0.0">
    <ignored/>
  </testcase> <!-- @BeforeSuite initWebDriverObject -->
  <testcase classname="com.clean.driver.DriverBase" name="@AfterSuite afterSuite" time="0.0">
    <ignored/>
  </testcase> <!-- @AfterSuite afterSuite -->
  <testcase classname="com.clean.driver.DriverBase" name="@AfterSuite afterSuite" time="0.0">
    <ignored/>
  </testcase> <!-- @AfterSuite afterSuite -->
  <testcase classname="com.clean.driver.DriverBase" name="@AfterSuite afterSuite" time="0.0">
    <ignored/>
  </testcase> <!-- @AfterSuite afterSuite -->
</testsuite> <!-- firefox -->
