{"uuid":"d20f72bb-759f-474a-94e2-3eef8d2a3c7a","historyId":"350e49cad8adbdaf4dfb9490419a9204","fullName":"testclass.Test1.loginValidCredentials","labels":[{"name":"package","value":"testclass.Test1"},{"name":"testClass","value":"testclass.Test1"},{"name":"testMethod","value":"loginValidCredentials"},{"name":"parentSuite","value":"WenDriver Instances Testing"},{"name":"suite","value":"Driver Factory Test"},{"name":"subSuite","value":"testclass.Test1"},{"name":"host","value":"T14s"},{"name":"thread","value":"22360@T14s.TestNG-test=Driver Factory Test-2(35)"},{"name":"framework","value":"testng"},{"name":"language","value":"java"}],"links":[],"name":"Login SES.WEB with valid PWD","status":"failed","statusDetails":{"known":false,"muted":false,"flaky":false,"message":"aaaaaa expected [false] but found [true]","trace":"java.lang.AssertionError: aaaaaa expected [false] but found [true]\r\n\tat org.testng.Assert.fail(Assert.java:111)\r\n\tat org.testng.Assert.failNotEquals(Assert.java:1578)\r\n\tat org.testng.Assert.assertFalse(Assert.java:79)\r\n\tat com.clean.ults.ElementController.verify(ElementController.java:49)\r\n\tat com.clean.pages.login.LoginVerifier.veirfyLoginSuccessfully(LoginVerifier.java:25)\r\n\tat testclass.Test1.loginValidCredentials(Test1.java:28)\r\n\tat java.base/jdk.internal.reflect.DirectMethodHandleAccessor.invoke(DirectMethodHandleAccessor.java:103)\r\n\tat java.base/java.lang.reflect.Method.invoke(Method.java:580)\r\n\tat org.testng.internal.invokers.MethodInvocationHelper.invokeMethod(MethodInvocationHelper.java:139)\r\n\tat org.testng.internal.invokers.TestInvoker.invokeMethod(TestInvoker.java:664)\r\n\tat org.testng.internal.invokers.TestInvoker.invokeTestMethod(TestInvoker.java:227)\r\n\tat org.testng.internal.invokers.MethodRunner.runInSequence(MethodRunner.java:50)\r\n\tat org.testng.internal.invokers.TestInvoker$MethodInvocationAgent.invoke(TestInvoker.java:957)\r\n\tat org.testng.internal.invokers.TestInvoker.invokeTestMethods(TestInvoker.java:200)\r\n\tat org.testng.internal.invokers.TestMethodWorker.invokeTestMethods(TestMethodWorker.java:148)\r\n\tat org.testng.internal.invokers.TestMethodWorker.run(TestMethodWorker.java:128)\r\n\tat java.base/java.util.concurrent.ThreadPoolExecutor.runWorker(ThreadPoolExecutor.java:1144)\r\n\tat java.base/java.util.concurrent.ThreadPoolExecutor$Worker.run(ThreadPoolExecutor.java:642)\r\n\tat java.base/java.lang.Thread.run(Thread.java:1583)\r\n"},"stage":"finished","description":"Test case abc xyz","steps":[{"name":"Input the username as: admin","status":"passed","stage":"finished","steps":[],"attachments":[],"parameters":[{"name":"username","value":"admin"}],"start":1698904016246,"stop":1698904016617},{"name":"Input the password as: 1","status":"passed","stage":"finished","steps":[],"attachments":[],"parameters":[{"name":"password","value":"1"}],"start":1698904016618,"stop":1698904016806},{"name":"Click on the Login button","status":"passed","stage":"finished","steps":[],"attachments":[],"parameters":[],"start":1698904016806,"stop":1698904017007},{"name":"Verify login to SES.WEB success. The SES.WED Dashboard page is displayed ","status":"failed","statusDetails":{"known":false,"muted":false,"flaky":false,"message":"aaaaaa expected [false] but found [true]","trace":"java.lang.AssertionError: aaaaaa expected [false] but found [true]\r\n\tat org.testng.Assert.fail(Assert.java:111)\r\n\tat org.testng.Assert.failNotEquals(Assert.java:1578)\r\n\tat org.testng.Assert.assertFalse(Assert.java:79)\r\n\tat com.clean.ults.ElementController.verify(ElementController.java:49)\r\n\tat com.clean.pages.login.LoginVerifier.veirfyLoginSuccessfully(LoginVerifier.java:25)\r\n\tat testclass.Test1.loginValidCredentials(Test1.java:28)\r\n\tat java.base/jdk.internal.reflect.DirectMethodHandleAccessor.invoke(DirectMethodHandleAccessor.java:103)\r\n\tat java.base/java.lang.reflect.Method.invoke(Method.java:580)\r\n\tat org.testng.internal.invokers.MethodInvocationHelper.invokeMethod(MethodInvocationHelper.java:139)\r\n\tat org.testng.internal.invokers.TestInvoker.invokeMethod(TestInvoker.java:664)\r\n\tat org.testng.internal.invokers.TestInvoker.invokeTestMethod(TestInvoker.java:227)\r\n\tat org.testng.internal.invokers.MethodRunner.runInSequence(MethodRunner.java:50)\r\n\tat org.testng.internal.invokers.TestInvoker$MethodInvocationAgent.invoke(TestInvoker.java:957)\r\n\tat org.testng.internal.invokers.TestInvoker.invokeTestMethods(TestInvoker.java:200)\r\n\tat org.testng.internal.invokers.TestMethodWorker.invokeTestMethods(TestMethodWorker.java:148)\r\n\tat org.testng.internal.invokers.TestMethodWorker.run(TestMethodWorker.java:128)\r\n\tat java.base/java.util.concurrent.ThreadPoolExecutor.runWorker(ThreadPoolExecutor.java:1144)\r\n\tat java.base/java.util.concurrent.ThreadPoolExecutor$Worker.run(ThreadPoolExecutor.java:642)\r\n\tat java.base/java.lang.Thread.run(Thread.java:1583)\r\n"},"stage":"finished","steps":[],"attachments":[],"parameters":[],"start":1698904017008,"stop":1698904018344}],"attachments":[],"parameters":[],"start":1698904010963,"stop":1698904018345}