{"uuid":"e89a380f-d807-49f5-8917-70123e279467","historyId":"488bcf835016e8e3d8a93eb46c33a3be","fullName":"testclass.Test1.loginInvalidCredentials","labels":[{"name":"package","value":"testclass.Test1"},{"name":"testClass","value":"testclass.Test1"},{"name":"testMethod","value":"loginInvalidCredentials"},{"name":"parentSuite","value":"WenDriver Instances Testing"},{"name":"suite","value":"Driver Factory Test"},{"name":"subSuite","value":"testclass.Test1"},{"name":"host","value":"T14s"},{"name":"thread","value":"22360@T14s.TestNG-test=Driver Factory Test-1(34)"},{"name":"framework","value":"testng"},{"name":"language","value":"java"}],"links":[],"name":"Login SES.WEB with invalid PWD","status":"failed","statusDetails":{"known":false,"muted":false,"flaky":false,"message":"aaaaaa expected [false] but found [true]","trace":"java.lang.AssertionError: aaaaaa expected [false] but found [true]\r\n\tat org.testng.Assert.fail(Assert.java:111)\r\n\tat org.testng.Assert.failNotEquals(Assert.java:1578)\r\n\tat org.testng.Assert.assertFalse(Assert.java:79)\r\n\tat com.clean.ults.ElementController.verify(ElementController.java:49)\r\n\tat com.clean.pages.login.LoginVerifier.verifyLoginUnsuccessfully(LoginVerifier.java:32)\r\n\tat testclass.Test1.loginInvalidCredentials(Test1.java:43)\r\n\tat java.base/jdk.internal.reflect.DirectMethodHandleAccessor.invoke(DirectMethodHandleAccessor.java:103)\r\n\tat java.base/java.lang.reflect.Method.invoke(Method.java:580)\r\n\tat org.testng.internal.invokers.MethodInvocationHelper.invokeMethod(MethodInvocationHelper.java:139)\r\n\tat org.testng.internal.invokers.TestInvoker.invokeMethod(TestInvoker.java:664)\r\n\tat org.testng.internal.invokers.TestInvoker.invokeTestMethod(TestInvoker.java:227)\r\n\tat org.testng.internal.invokers.MethodRunner.runInSequence(MethodRunner.java:50)\r\n\tat org.testng.internal.invokers.TestInvoker$MethodInvocationAgent.invoke(TestInvoker.java:957)\r\n\tat org.testng.internal.invokers.TestInvoker.invokeTestMethods(TestInvoker.java:200)\r\n\tat org.testng.internal.invokers.TestMethodWorker.invokeTestMethods(TestMethodWorker.java:148)\r\n\tat org.testng.internal.invokers.TestMethodWorker.run(TestMethodWorker.java:128)\r\n\tat java.base/java.util.concurrent.ThreadPoolExecutor.runWorker(ThreadPoolExecutor.java:1144)\r\n\tat java.base/java.util.concurrent.ThreadPoolExecutor$Worker.run(ThreadPoolExecutor.java:642)\r\n\tat java.base/java.lang.Thread.run(Thread.java:1583)\r\n"},"stage":"finished","description":"Test case abc xyz","steps":[{"name":"Input the username as: admin","status":"passed","stage":"finished","steps":[],"attachments":[],"parameters":[{"name":"username","value":"admin"}],"start":1698904016526,"stop":1698904016747},{"name":"Input the password as: 123","status":"passed","stage":"finished","steps":[],"attachments":[],"parameters":[{"name":"password","value":"123"}],"start":1698904016747,"stop":1698904016914},{"name":"Click on the Login button","status":"passed","stage":"finished","steps":[],"attachments":[],"parameters":[],"start":1698904016914,"stop":1698904017084},{"name":"Verify fail to login to SES.WEB with invalid password. The Error is displayed","status":"failed","statusDetails":{"known":false,"muted":false,"flaky":false,"message":"aaaaaa expected [false] but found [true]","trace":"java.lang.AssertionError: aaaaaa expected [false] but found [true]\r\n\tat org.testng.Assert.fail(Assert.java:111)\r\n\tat org.testng.Assert.failNotEquals(Assert.java:1578)\r\n\tat org.testng.Assert.assertFalse(Assert.java:79)\r\n\tat com.clean.ults.ElementController.verify(ElementController.java:49)\r\n\tat com.clean.pages.login.LoginVerifier.verifyLoginUnsuccessfully(LoginVerifier.java:32)\r\n\tat testclass.Test1.loginInvalidCredentials(Test1.java:43)\r\n\tat java.base/jdk.internal.reflect.DirectMethodHandleAccessor.invoke(DirectMethodHandleAccessor.java:103)\r\n\tat java.base/java.lang.reflect.Method.invoke(Method.java:580)\r\n\tat org.testng.internal.invokers.MethodInvocationHelper.invokeMethod(MethodInvocationHelper.java:139)\r\n\tat org.testng.internal.invokers.TestInvoker.invokeMethod(TestInvoker.java:664)\r\n\tat org.testng.internal.invokers.TestInvoker.invokeTestMethod(TestInvoker.java:227)\r\n\tat org.testng.internal.invokers.MethodRunner.runInSequence(MethodRunner.java:50)\r\n\tat org.testng.internal.invokers.TestInvoker$MethodInvocationAgent.invoke(TestInvoker.java:957)\r\n\tat org.testng.internal.invokers.TestInvoker.invokeTestMethods(TestInvoker.java:200)\r\n\tat org.testng.internal.invokers.TestMethodWorker.invokeTestMethods(TestMethodWorker.java:148)\r\n\tat org.testng.internal.invokers.TestMethodWorker.run(TestMethodWorker.java:128)\r\n\tat java.base/java.util.concurrent.ThreadPoolExecutor.runWorker(ThreadPoolExecutor.java:1144)\r\n\tat java.base/java.util.concurrent.ThreadPoolExecutor$Worker.run(ThreadPoolExecutor.java:642)\r\n\tat java.base/java.lang.Thread.run(Thread.java:1583)\r\n"},"stage":"finished","steps":[],"attachments":[],"parameters":[],"start":1698904017084,"stop":1698904017971}],"attachments":[],"parameters":[],"start":1698904010963,"stop":1698904017980}