<?xml version="1.0" encoding="UTF-8"?>
<!-- Generated by org.testng.reporters.JUnitReportReporter -->
<testsuite hostname="T14s" failures="0" tests="20" name="testclass.client.sesweb.grouptest.GroupTest" time="20.440" errors="2" timestamp="2024-03-02T14:28:23 ICT" skipped="18">
  <testcase classname="testclass.client.sesweb.grouptest.GroupTest" name="RemoveKeyToGroupProperties" time="0.003">
    <skipped/>
  </testcase> <!-- RemoveKeyToGroupProperties -->
  <testcase classname="testclass.client.sesweb.grouptest.GroupTest" name="EditPBNPolicyOfGroupProperties" time="0.075">
    <skipped/>
  </testcase> <!-- EditPBNPolicyOfGroupProperties -->
  <testcase classname="testclass.client.sesweb.grouptest.GroupTest" name="AssignKeyToGroupProperties" time="0.002">
    <skipped/>
  </testcase> <!-- AssignKeyToGroupProperties -->
  <testcase classname="testclass.client.sesweb.grouptest.GroupTest" name="ChangeTheDescription" time="0.002">
    <skipped/>
  </testcase> <!-- ChangeTheDescription -->
  <testcase classname="testclass.client.sesweb.grouptest.GroupTest" name="RemoveGroupToGroupProperties" time="0.003">
    <skipped/>
  </testcase> <!-- RemoveGroupToGroupProperties -->
  <testcase classname="testclass.client.sesweb.grouptest.GroupTest" name="CreateNewGroup" time="3.479">
    <error message="Element &lt;button class=&quot;submit&quot; name=&quot;save&quot;&gt; is not clickable at point (1275,351) because another element &lt;html class=&quot;k-ff k-ff124&quot;&gt; obscures it
Build info: version: &#039;4.13.0&#039;, revision: &#039;ba948ece5b*&#039;
System info: os.name: &#039;Windows 11&#039;, os.arch: &#039;amd64&#039;, os.version: &#039;10.0&#039;, java.version: &#039;21.0.1&#039;
Driver info: org.openqa.selenium.remote.RemoteWebDriver
Command: [c24afbaa-c5a1-4561-ad8c-5d4af2f73bd9, clickElement {id=f28c6579-6bde-4c38-9b6b-589ffbda10d8}]
Capabilities {acceptInsecureCerts: false, browserName: firefox, browserVersion: 124.0, moz:accessibilityChecks: false, moz:buildID: 20240221091558, moz:geckodriverVersion: 0.34.0, moz:headless: false, moz:platformVersion: 10.0, moz:processID: 8880, moz:profile: C:\Users\T14S-C~1\AppData\L..., moz:shutdownTimeout: 60000, moz:webdriverClick: true, moz:windowless: false, pageLoadStrategy: normal, platformName: Windows 11, proxy: Proxy(), se:bidiEnabled: false, se:cdp: ws://192.168.2.15:4444/sess..., setWindowRect: true, strictFileInteractability: false, timeouts: {implicit: 0, pageLoad: 300000, script: 30000}, unhandledPromptBehavior: dismiss and notify}
Element: [[RemoteWebDriver: firefox on Windows 11 (c24afbaa-c5a1-4561-ad8c-5d4af2f73bd9)] -&gt; name: save]
Session ID: c24afbaa-c5a1-4561-ad8c-5d4af2f73bd9" type="org.openqa.selenium.ElementClickInterceptedException">
      <![CDATA[org.openqa.selenium.ElementClickInterceptedException: Element <button class="submit" name="save"> is not clickable at point (1275,351) because another element <html class="k-ff k-ff124"> obscures it
Build info: version: '4.13.0', revision: 'ba948ece5b*'
System info: os.name: 'Windows 11', os.arch: 'amd64', os.version: '10.0', java.version: '21.0.1'
Driver info: org.openqa.selenium.remote.RemoteWebDriver
Command: [c24afbaa-c5a1-4561-ad8c-5d4af2f73bd9, clickElement {id=f28c6579-6bde-4c38-9b6b-589ffbda10d8}]
Capabilities {acceptInsecureCerts: false, browserName: firefox, browserVersion: 124.0, moz:accessibilityChecks: false, moz:buildID: 20240221091558, moz:geckodriverVersion: 0.34.0, moz:headless: false, moz:platformVersion: 10.0, moz:processID: 8880, moz:profile: C:\Users\T14S-C~1\AppData\L..., moz:shutdownTimeout: 60000, moz:webdriverClick: true, moz:windowless: false, pageLoadStrategy: normal, platformName: Windows 11, proxy: Proxy(), se:bidiEnabled: false, se:cdp: ws://192.168.2.15:4444/sess..., setWindowRect: true, strictFileInteractability: false, timeouts: {implicit: 0, pageLoad: 300000, script: 30000}, unhandledPromptBehavior: dismiss and notify}
Element: [[RemoteWebDriver: firefox on Windows 11 (c24afbaa-c5a1-4561-ad8c-5d4af2f73bd9)] -> name: save]
Session ID: c24afbaa-c5a1-4561-ad8c-5d4af2f73bd9
at java.base/jdk.internal.reflect.DirectConstructorHandleAccessor.newInstance(DirectConstructorHandleAccessor.java:62)
at java.base/java.lang.reflect.Constructor.newInstanceWithCaller(Constructor.java:502)
at java.base/java.lang.reflect.Constructor.newInstance(Constructor.java:486)
at org.openqa.selenium.remote.codec.w3c.W3CHttpResponseCodec.createException(W3CHttpResponseCodec.java:200)
at org.openqa.selenium.remote.codec.w3c.W3CHttpResponseCodec.decode(W3CHttpResponseCodec.java:133)
at org.openqa.selenium.remote.codec.w3c.W3CHttpResponseCodec.decode(W3CHttpResponseCodec.java:52)
at org.openqa.selenium.remote.HttpCommandExecutor.execute(HttpCommandExecutor.java:191)
at org.openqa.selenium.remote.TracedCommandExecutor.execute(TracedCommandExecutor.java:51)
at org.openqa.selenium.remote.RemoteWebDriver.execute(RemoteWebDriver.java:602)
at org.openqa.selenium.remote.RemoteWebElement.execute(RemoteWebElement.java:224)
at org.openqa.selenium.remote.RemoteWebElement.click(RemoteWebElement.java:77)
at java.base/jdk.internal.reflect.DirectMethodHandleAccessor.invoke(DirectMethodHandleAccessor.java:103)
at java.base/java.lang.reflect.Method.invoke(Method.java:580)
at org.openqa.selenium.support.pagefactory.internal.LocatingElementHandler.invoke(LocatingElementHandler.java:51)
at jdk.proxy2/jdk.proxy2.$Proxy39.click(Unknown Source)
at com.clean.ults.ElementController.click(ElementController.java:48)
at com.clean.pages.users.addgroup.AddGroupController.clickOnSaveButton(AddGroupController.java:30)
at testclass.client.sesweb.grouptest.GroupTest.CreateNewGroup(GroupTest.java:43)
at java.base/jdk.internal.reflect.DirectMethodHandleAccessor.invoke(DirectMethodHandleAccessor.java:103)
at java.base/java.lang.reflect.Method.invoke(Method.java:580)
at org.testng.internal.invokers.MethodInvocationHelper.invokeMethod(MethodInvocationHelper.java:139)
at org.testng.internal.invokers.TestInvoker.invokeMethod(TestInvoker.java:664)
at org.testng.internal.invokers.TestInvoker.retryFailed(TestInvoker.java:248)
at org.testng.internal.invokers.MethodRunner.runInSequence(MethodRunner.java:62)
at org.testng.internal.invokers.TestInvoker$MethodInvocationAgent.invoke(TestInvoker.java:957)
at org.testng.internal.invokers.TestInvoker.invokeTestMethods(TestInvoker.java:200)
at org.testng.internal.invokers.TestMethodWorker.invokeTestMethods(TestMethodWorker.java:148)
at org.testng.internal.invokers.TestMethodWorker.run(TestMethodWorker.java:128)
at java.base/java.util.concurrent.ThreadPoolExecutor.runWorker(ThreadPoolExecutor.java:1144)
at java.base/java.util.concurrent.ThreadPoolExecutor$Worker.run(ThreadPoolExecutor.java:642)
at java.base/java.lang.Thread.run(Thread.java:1583)
]]>
    </error>
  </testcase> <!-- CreateNewGroup -->
  <testcase classname="testclass.client.sesweb.grouptest.GroupTest" name="CreateNewGroup" time="3.372">
    <skipped/>
  </testcase> <!-- CreateNewGroup -->
  <testcase classname="testclass.client.sesweb.grouptest.GroupTest" name="RemoveSPToGroupProperties" time="0.000">
    <skipped/>
  </testcase> <!-- RemoveSPToGroupProperties -->
  <testcase classname="testclass.client.sesweb.grouptest.GroupTest" name="ChangeTheGroupName" time="0.001">
    <skipped/>
  </testcase> <!-- ChangeTheGroupName -->
  <testcase classname="testclass.client.sesweb.grouptest.GroupTest" name="AssignTheSPToGroup" time="0.000">
    <skipped/>
  </testcase> <!-- AssignTheSPToGroup -->
  <testcase classname="testclass.client.sesweb.grouptest.GroupTest" name="CreateNewGroupToTestUpdate" time="3.234">
    <error message="Element &lt;button class=&quot;submit&quot; name=&quot;save&quot;&gt; is not clickable at point (1275,351) because another element &lt;html class=&quot;k-ff k-ff124&quot;&gt; obscures it
Build info: version: &#039;4.13.0&#039;, revision: &#039;ba948ece5b*&#039;
System info: os.name: &#039;Windows 11&#039;, os.arch: &#039;amd64&#039;, os.version: &#039;10.0&#039;, java.version: &#039;21.0.1&#039;
Driver info: org.openqa.selenium.remote.RemoteWebDriver
Command: [84a68c61-e28c-4732-ba59-80fe881f0713, clickElement {id=bcedd965-8a79-49b3-87e7-72c1cc5f37ec}]
Capabilities {acceptInsecureCerts: false, browserName: firefox, browserVersion: 124.0, moz:accessibilityChecks: false, moz:buildID: 20240221091558, moz:geckodriverVersion: 0.34.0, moz:headless: false, moz:platformVersion: 10.0, moz:processID: 20612, moz:profile: C:\Users\T14S-C~1\AppData\L..., moz:shutdownTimeout: 60000, moz:webdriverClick: true, moz:windowless: false, pageLoadStrategy: normal, platformName: Windows 11, proxy: Proxy(), se:bidiEnabled: false, se:cdp: ws://192.168.2.15:4444/sess..., setWindowRect: true, strictFileInteractability: false, timeouts: {implicit: 0, pageLoad: 300000, script: 30000}, unhandledPromptBehavior: dismiss and notify}
Element: [[RemoteWebDriver: firefox on Windows 11 (84a68c61-e28c-4732-ba59-80fe881f0713)] -&gt; name: save]
Session ID: 84a68c61-e28c-4732-ba59-80fe881f0713" type="org.openqa.selenium.ElementClickInterceptedException">
      <![CDATA[org.openqa.selenium.ElementClickInterceptedException: Element <button class="submit" name="save"> is not clickable at point (1275,351) because another element <html class="k-ff k-ff124"> obscures it
Build info: version: '4.13.0', revision: 'ba948ece5b*'
System info: os.name: 'Windows 11', os.arch: 'amd64', os.version: '10.0', java.version: '21.0.1'
Driver info: org.openqa.selenium.remote.RemoteWebDriver
Command: [84a68c61-e28c-4732-ba59-80fe881f0713, clickElement {id=bcedd965-8a79-49b3-87e7-72c1cc5f37ec}]
Capabilities {acceptInsecureCerts: false, browserName: firefox, browserVersion: 124.0, moz:accessibilityChecks: false, moz:buildID: 20240221091558, moz:geckodriverVersion: 0.34.0, moz:headless: false, moz:platformVersion: 10.0, moz:processID: 20612, moz:profile: C:\Users\T14S-C~1\AppData\L..., moz:shutdownTimeout: 60000, moz:webdriverClick: true, moz:windowless: false, pageLoadStrategy: normal, platformName: Windows 11, proxy: Proxy(), se:bidiEnabled: false, se:cdp: ws://192.168.2.15:4444/sess..., setWindowRect: true, strictFileInteractability: false, timeouts: {implicit: 0, pageLoad: 300000, script: 30000}, unhandledPromptBehavior: dismiss and notify}
Element: [[RemoteWebDriver: firefox on Windows 11 (84a68c61-e28c-4732-ba59-80fe881f0713)] -> name: save]
Session ID: 84a68c61-e28c-4732-ba59-80fe881f0713
at java.base/jdk.internal.reflect.DirectConstructorHandleAccessor.newInstance(DirectConstructorHandleAccessor.java:62)
at java.base/java.lang.reflect.Constructor.newInstanceWithCaller(Constructor.java:502)
at java.base/java.lang.reflect.Constructor.newInstance(Constructor.java:486)
at org.openqa.selenium.remote.codec.w3c.W3CHttpResponseCodec.createException(W3CHttpResponseCodec.java:200)
at org.openqa.selenium.remote.codec.w3c.W3CHttpResponseCodec.decode(W3CHttpResponseCodec.java:133)
at org.openqa.selenium.remote.codec.w3c.W3CHttpResponseCodec.decode(W3CHttpResponseCodec.java:52)
at org.openqa.selenium.remote.HttpCommandExecutor.execute(HttpCommandExecutor.java:191)
at org.openqa.selenium.remote.TracedCommandExecutor.execute(TracedCommandExecutor.java:51)
at org.openqa.selenium.remote.RemoteWebDriver.execute(RemoteWebDriver.java:602)
at org.openqa.selenium.remote.RemoteWebElement.execute(RemoteWebElement.java:224)
at org.openqa.selenium.remote.RemoteWebElement.click(RemoteWebElement.java:77)
at java.base/jdk.internal.reflect.DirectMethodHandleAccessor.invoke(DirectMethodHandleAccessor.java:103)
at java.base/java.lang.reflect.Method.invoke(Method.java:580)
at org.openqa.selenium.support.pagefactory.internal.LocatingElementHandler.invoke(LocatingElementHandler.java:51)
at jdk.proxy2/jdk.proxy2.$Proxy39.click(Unknown Source)
at com.clean.ults.ElementController.click(ElementController.java:48)
at com.clean.pages.users.addgroup.AddGroupController.clickOnSaveButton(AddGroupController.java:30)
at testclass.client.sesweb.grouptest.GroupTest.CreateNewGroupToTestUpdate(GroupTest.java:66)
at java.base/jdk.internal.reflect.DirectMethodHandleAccessor.invoke(DirectMethodHandleAccessor.java:103)
at java.base/java.lang.reflect.Method.invoke(Method.java:580)
at org.testng.internal.invokers.MethodInvocationHelper.invokeMethod(MethodInvocationHelper.java:139)
at org.testng.internal.invokers.TestInvoker.invokeMethod(TestInvoker.java:664)
at org.testng.internal.invokers.TestInvoker.retryFailed(TestInvoker.java:248)
at org.testng.internal.invokers.MethodRunner.runInSequence(MethodRunner.java:62)
at org.testng.internal.invokers.TestInvoker$MethodInvocationAgent.invoke(TestInvoker.java:957)
at org.testng.internal.invokers.TestInvoker.invokeTestMethods(TestInvoker.java:200)
at org.testng.internal.invokers.TestMethodWorker.invokeTestMethods(TestMethodWorker.java:148)
at org.testng.internal.invokers.TestMethodWorker.run(TestMethodWorker.java:128)
at java.base/java.util.concurrent.ThreadPoolExecutor.runWorker(ThreadPoolExecutor.java:1144)
at java.base/java.util.concurrent.ThreadPoolExecutor$Worker.run(ThreadPoolExecutor.java:642)
at java.base/java.lang.Thread.run(Thread.java:1583)
]]>
    </error>
  </testcase> <!-- CreateNewGroupToTestUpdate -->
  <testcase classname="testclass.client.sesweb.grouptest.GroupTest" name="VerifyBackFeatureFromGroupsTab" time="0.000">
    <skipped/>
  </testcase> <!-- VerifyBackFeatureFromGroupsTab -->
  <testcase classname="testclass.client.sesweb.grouptest.GroupTest" name="CreateNewGroupToTestUpdate" time="3.552">
    <skipped/>
  </testcase> <!-- CreateNewGroupToTestUpdate -->
  <testcase classname="testclass.client.sesweb.grouptest.GroupTest" name="CreateNewGroup" time="3.364">
    <skipped/>
  </testcase> <!-- CreateNewGroup -->
  <testcase classname="testclass.client.sesweb.grouptest.GroupTest" name="CreateNewGroupToTestUpdate" time="3.353">
    <skipped/>
  </testcase> <!-- CreateNewGroupToTestUpdate -->
  <testcase classname="testclass.client.sesweb.grouptest.GroupTest" name="VerifyBackFeatureFromPermissionTab" time="0.000">
    <skipped/>
  </testcase> <!-- VerifyBackFeatureFromPermissionTab -->
  <testcase classname="testclass.client.sesweb.grouptest.GroupTest" name="VerifyBackFeatureFromGroupProperties" time="0.000">
    <skipped/>
  </testcase> <!-- VerifyBackFeatureFromGroupProperties -->
  <testcase classname="testclass.client.sesweb.grouptest.GroupTest" name="AssignGroupToGroupProperties" time="0.000">
    <skipped/>
  </testcase> <!-- AssignGroupToGroupProperties -->
  <testcase classname="testclass.client.sesweb.grouptest.GroupTest" name="VerifyBackFeatureFromKeysTab" time="0.000">
    <skipped/>
  </testcase> <!-- VerifyBackFeatureFromKeysTab -->
  <testcase classname="testclass.client.sesweb.grouptest.GroupTest" name="EditPermissionOfGroupProperties" time="0.000">
    <skipped/>
  </testcase> <!-- EditPermissionOfGroupProperties -->
</testsuite> <!-- testclass.client.sesweb.grouptest.GroupTest -->
