<?xml version="1.0" encoding="UTF-8"?>
<!-- Generated by org.testng.reporters.JUnitReportReporter -->
<testsuite hostname="T14s" failures="0" tests="6" name="testclass.client.sesweb.ProfileTest" time="62.396" errors="1" timestamp="2024-03-02T14:28:23 ICT" skipped="2">
  <testcase classname="testclass.client.sesweb.ProfileTest" name="AddNewWindowsEndpointProfile" time="7.381">
    <skipped/>
  </testcase> <!-- AddNewWindowsEndpointProfile -->
  <testcase classname="testclass.client.sesweb.ProfileTest" name="AddNeWLinuxProfile" time="22.533"/>
  <testcase classname="testclass.client.sesweb.ProfileTest" name="AddNewWindowsEndpointProfile" time="7.501">
    <error message="Element &lt;button id=&quot;submit&quot; class=&quot;btn btn-primary k-primary k-button&quot; type=&quot;button&quot;&gt; is not clickable at point (1247,565) because another element &lt;footer id=&quot;footer_copyright&quot;&gt; obscures it
Build info: version: &#039;4.13.0&#039;, revision: &#039;ba948ece5b*&#039;
System info: os.name: &#039;Windows 11&#039;, os.arch: &#039;amd64&#039;, os.version: &#039;10.0&#039;, java.version: &#039;21.0.1&#039;
Driver info: org.openqa.selenium.remote.RemoteWebDriver
Command: [84a68c61-e28c-4732-ba59-80fe881f0713, clickElement {id=916665fb-c156-4954-bb82-aa2f7bce99f2}]
Capabilities {acceptInsecureCerts: false, browserName: firefox, browserVersion: 124.0, moz:accessibilityChecks: false, moz:buildID: 20240221091558, moz:geckodriverVersion: 0.34.0, moz:headless: false, moz:platformVersion: 10.0, moz:processID: 20612, moz:profile: C:\Users\T14S-C~1\AppData\L..., moz:shutdownTimeout: 60000, moz:webdriverClick: true, moz:windowless: false, pageLoadStrategy: normal, platformName: Windows 11, proxy: Proxy(), se:bidiEnabled: false, se:cdp: ws://192.168.2.15:4444/sess..., setWindowRect: true, strictFileInteractability: false, timeouts: {implicit: 0, pageLoad: 300000, script: 30000}, unhandledPromptBehavior: dismiss and notify}
Element: [[RemoteWebDriver: firefox on Windows 11 (84a68c61-e28c-4732-ba59-80fe881f0713)] -&gt; id: submit]
Session ID: 84a68c61-e28c-4732-ba59-80fe881f0713" type="org.openqa.selenium.ElementClickInterceptedException">
      <![CDATA[org.openqa.selenium.ElementClickInterceptedException: Element <button id="submit" class="btn btn-primary k-primary k-button" type="button"> is not clickable at point (1247,565) because another element <footer id="footer_copyright"> obscures it
Build info: version: '4.13.0', revision: 'ba948ece5b*'
System info: os.name: 'Windows 11', os.arch: 'amd64', os.version: '10.0', java.version: '21.0.1'
Driver info: org.openqa.selenium.remote.RemoteWebDriver
Command: [84a68c61-e28c-4732-ba59-80fe881f0713, clickElement {id=916665fb-c156-4954-bb82-aa2f7bce99f2}]
Capabilities {acceptInsecureCerts: false, browserName: firefox, browserVersion: 124.0, moz:accessibilityChecks: false, moz:buildID: 20240221091558, moz:geckodriverVersion: 0.34.0, moz:headless: false, moz:platformVersion: 10.0, moz:processID: 20612, moz:profile: C:\Users\T14S-C~1\AppData\L..., moz:shutdownTimeout: 60000, moz:webdriverClick: true, moz:windowless: false, pageLoadStrategy: normal, platformName: Windows 11, proxy: Proxy(), se:bidiEnabled: false, se:cdp: ws://192.168.2.15:4444/sess..., setWindowRect: true, strictFileInteractability: false, timeouts: {implicit: 0, pageLoad: 300000, script: 30000}, unhandledPromptBehavior: dismiss and notify}
Element: [[RemoteWebDriver: firefox on Windows 11 (84a68c61-e28c-4732-ba59-80fe881f0713)] -> id: submit]
Session ID: 84a68c61-e28c-4732-ba59-80fe881f0713
at java.base/jdk.internal.reflect.DirectConstructorHandleAccessor.newInstance(DirectConstructorHandleAccessor.java:62)
at java.base/java.lang.reflect.Constructor.newInstanceWithCaller(Constructor.java:502)
at java.base/java.lang.reflect.Constructor.newInstance(Constructor.java:486)
at org.openqa.selenium.remote.codec.w3c.W3CHttpResponseCodec.createException(W3CHttpResponseCodec.java:200)
at org.openqa.selenium.remote.codec.w3c.W3CHttpResponseCodec.decode(W3CHttpResponseCodec.java:133)
at org.openqa.selenium.remote.codec.w3c.W3CHttpResponseCodec.decode(W3CHttpResponseCodec.java:52)
at org.openqa.selenium.remote.HttpCommandExecutor.execute(HttpCommandExecutor.java:191)
at org.openqa.selenium.remote.TracedCommandExecutor.execute(TracedCommandExecutor.java:51)
at org.openqa.selenium.remote.RemoteWebDriver.execute(RemoteWebDriver.java:602)
at org.openqa.selenium.remote.RemoteWebElement.execute(RemoteWebElement.java:224)
at org.openqa.selenium.remote.RemoteWebElement.click(RemoteWebElement.java:77)
at java.base/jdk.internal.reflect.DirectMethodHandleAccessor.invoke(DirectMethodHandleAccessor.java:103)
at java.base/java.lang.reflect.Method.invoke(Method.java:580)
at org.openqa.selenium.support.pagefactory.internal.LocatingElementHandler.invoke(LocatingElementHandler.java:51)
at jdk.proxy2/jdk.proxy2.$Proxy39.click(Unknown Source)
at com.clean.ults.ElementController.click(ElementController.java:48)
at com.clean.pages.profiles.addprofile.AddProfileController.clickOnSubmitBtn(AddProfileController.java:28)
at testclass.client.sesweb.ProfileTest.AddNewWindowsEndpointProfile(ProfileTest.java:88)
at java.base/jdk.internal.reflect.DirectMethodHandleAccessor.invoke(DirectMethodHandleAccessor.java:103)
at java.base/java.lang.reflect.Method.invoke(Method.java:580)
at org.testng.internal.invokers.MethodInvocationHelper.invokeMethod(MethodInvocationHelper.java:139)
at org.testng.internal.invokers.TestInvoker.invokeMethod(TestInvoker.java:664)
at org.testng.internal.invokers.TestInvoker.retryFailed(TestInvoker.java:248)
at org.testng.internal.invokers.MethodRunner.runInSequence(MethodRunner.java:62)
at org.testng.internal.invokers.TestInvoker$MethodInvocationAgent.invoke(TestInvoker.java:957)
at org.testng.internal.invokers.TestInvoker.invokeTestMethods(TestInvoker.java:200)
at org.testng.internal.invokers.TestMethodWorker.invokeTestMethods(TestMethodWorker.java:148)
at org.testng.internal.invokers.TestMethodWorker.run(TestMethodWorker.java:128)
at java.base/java.util.concurrent.ThreadPoolExecutor.runWorker(ThreadPoolExecutor.java:1144)
at java.base/java.util.concurrent.ThreadPoolExecutor$Worker.run(ThreadPoolExecutor.java:642)
at java.base/java.lang.Thread.run(Thread.java:1583)
]]>
    </error>
  </testcase> <!-- AddNewWindowsEndpointProfile -->
  <testcase classname="testclass.client.sesweb.ProfileTest" name="AddNewOSAProfile" time="9.187"/>
  <testcase classname="testclass.client.sesweb.ProfileTest" name="AddNewWindowsEndpointProfile" time="6.665">
    <skipped/>
  </testcase> <!-- AddNewWindowsEndpointProfile -->
  <testcase classname="testclass.client.sesweb.ProfileTest" name="AddNeWMacOSProfile" time="9.129"/>
</testsuite> <!-- testclass.client.sesweb.ProfileTest -->
