<?xml version="1.0" encoding="UTF-8"?>
<!-- Generated by org.testng.reporters.JUnitReportReporter -->
<testsuite hostname="T14s" failures="0" tests="13" name="testclass.client.sesweb.UsersTest" time="43.770" errors="4" timestamp="2024-03-02T14:28:23 ICT" skipped="9">
  <testcase classname="testclass.client.sesweb.UsersTest" name="addNewRegularUserWithFinalPassword" time="3.800">
    <error message="Element &lt;button id=&quot;new-user-submit&quot; name=&quot;save&quot;&gt; is not clickable at point (1275,570) because another element &lt;html class=&quot;k-ff k-ff124&quot;&gt; obscures it
Build info: version: &#039;4.13.0&#039;, revision: &#039;ba948ece5b*&#039;
System info: os.name: &#039;Windows 11&#039;, os.arch: &#039;amd64&#039;, os.version: &#039;10.0&#039;, java.version: &#039;21.0.1&#039;
Driver info: org.openqa.selenium.remote.RemoteWebDriver
Command: [c24afbaa-c5a1-4561-ad8c-5d4af2f73bd9, clickElement {id=113a6df1-03ae-4e79-970b-f828c829e0c8}]
Capabilities {acceptInsecureCerts: false, browserName: firefox, browserVersion: 124.0, moz:accessibilityChecks: false, moz:buildID: 20240221091558, moz:geckodriverVersion: 0.34.0, moz:headless: false, moz:platformVersion: 10.0, moz:processID: 8880, moz:profile: C:\Users\T14S-C~1\AppData\L..., moz:shutdownTimeout: 60000, moz:webdriverClick: true, moz:windowless: false, pageLoadStrategy: normal, platformName: Windows 11, proxy: Proxy(), se:bidiEnabled: false, se:cdp: ws://192.168.2.15:4444/sess..., setWindowRect: true, strictFileInteractability: false, timeouts: {implicit: 0, pageLoad: 300000, script: 30000}, unhandledPromptBehavior: dismiss and notify}
Element: [[RemoteWebDriver: firefox on Windows 11 (c24afbaa-c5a1-4561-ad8c-5d4af2f73bd9)] -&gt; id: new-user-submit]
Session ID: c24afbaa-c5a1-4561-ad8c-5d4af2f73bd9" type="org.openqa.selenium.ElementClickInterceptedException">
      <![CDATA[org.openqa.selenium.ElementClickInterceptedException: Element <button id="new-user-submit" name="save"> is not clickable at point (1275,570) because another element <html class="k-ff k-ff124"> obscures it
Build info: version: '4.13.0', revision: 'ba948ece5b*'
System info: os.name: 'Windows 11', os.arch: 'amd64', os.version: '10.0', java.version: '21.0.1'
Driver info: org.openqa.selenium.remote.RemoteWebDriver
Command: [c24afbaa-c5a1-4561-ad8c-5d4af2f73bd9, clickElement {id=113a6df1-03ae-4e79-970b-f828c829e0c8}]
Capabilities {acceptInsecureCerts: false, browserName: firefox, browserVersion: 124.0, moz:accessibilityChecks: false, moz:buildID: 20240221091558, moz:geckodriverVersion: 0.34.0, moz:headless: false, moz:platformVersion: 10.0, moz:processID: 8880, moz:profile: C:\Users\T14S-C~1\AppData\L..., moz:shutdownTimeout: 60000, moz:webdriverClick: true, moz:windowless: false, pageLoadStrategy: normal, platformName: Windows 11, proxy: Proxy(), se:bidiEnabled: false, se:cdp: ws://192.168.2.15:4444/sess..., setWindowRect: true, strictFileInteractability: false, timeouts: {implicit: 0, pageLoad: 300000, script: 30000}, unhandledPromptBehavior: dismiss and notify}
Element: [[RemoteWebDriver: firefox on Windows 11 (c24afbaa-c5a1-4561-ad8c-5d4af2f73bd9)] -> id: new-user-submit]
Session ID: c24afbaa-c5a1-4561-ad8c-5d4af2f73bd9
at java.base/jdk.internal.reflect.DirectConstructorHandleAccessor.newInstance(DirectConstructorHandleAccessor.java:62)
at java.base/java.lang.reflect.Constructor.newInstanceWithCaller(Constructor.java:502)
at java.base/java.lang.reflect.Constructor.newInstance(Constructor.java:486)
at org.openqa.selenium.remote.codec.w3c.W3CHttpResponseCodec.createException(W3CHttpResponseCodec.java:200)
at org.openqa.selenium.remote.codec.w3c.W3CHttpResponseCodec.decode(W3CHttpResponseCodec.java:133)
at org.openqa.selenium.remote.codec.w3c.W3CHttpResponseCodec.decode(W3CHttpResponseCodec.java:52)
at org.openqa.selenium.remote.HttpCommandExecutor.execute(HttpCommandExecutor.java:191)
at org.openqa.selenium.remote.TracedCommandExecutor.execute(TracedCommandExecutor.java:51)
at org.openqa.selenium.remote.RemoteWebDriver.execute(RemoteWebDriver.java:602)
at org.openqa.selenium.remote.RemoteWebElement.execute(RemoteWebElement.java:224)
at org.openqa.selenium.remote.RemoteWebElement.click(RemoteWebElement.java:77)
at java.base/jdk.internal.reflect.DirectMethodHandleAccessor.invoke(DirectMethodHandleAccessor.java:103)
at java.base/java.lang.reflect.Method.invoke(Method.java:580)
at org.openqa.selenium.support.pagefactory.internal.LocatingElementHandler.invoke(LocatingElementHandler.java:51)
at jdk.proxy2/jdk.proxy2.$Proxy39.click(Unknown Source)
at com.clean.ults.ElementController.click(ElementController.java:48)
at com.clean.pages.users.adduser.AddUserController.clickOnSaveBtn(AddUserController.java:84)
at testclass.client.sesweb.UsersTest.addNewRegularUserWithFinalPassword(UsersTest.java:59)
at java.base/jdk.internal.reflect.DirectMethodHandleAccessor.invoke(DirectMethodHandleAccessor.java:103)
at java.base/java.lang.reflect.Method.invoke(Method.java:580)
at org.testng.internal.invokers.MethodInvocationHelper.invokeMethod(MethodInvocationHelper.java:139)
at org.testng.internal.invokers.TestInvoker.invokeMethod(TestInvoker.java:664)
at org.testng.internal.invokers.TestInvoker.retryFailed(TestInvoker.java:248)
at org.testng.internal.invokers.MethodRunner.runInSequence(MethodRunner.java:62)
at org.testng.internal.invokers.TestInvoker$MethodInvocationAgent.invoke(TestInvoker.java:957)
at org.testng.internal.invokers.TestInvoker.invokeTestMethods(TestInvoker.java:200)
at org.testng.internal.invokers.TestMethodWorker.invokeTestMethods(TestMethodWorker.java:148)
at org.testng.internal.invokers.TestMethodWorker.run(TestMethodWorker.java:128)
at java.base/java.util.concurrent.ThreadPoolExecutor.runWorker(ThreadPoolExecutor.java:1144)
at java.base/java.util.concurrent.ThreadPoolExecutor$Worker.run(ThreadPoolExecutor.java:642)
at java.base/java.lang.Thread.run(Thread.java:1583)
]]>
    </error>
  </testcase> <!-- addNewRegularUserWithFinalPassword -->
  <testcase classname="testclass.client.sesweb.UsersTest" name="AddNewRegularUser" time="3.443">
    <error message="Element &lt;button id=&quot;new-user-submit&quot; name=&quot;save&quot;&gt; is not clickable at point (1275,570) because another element &lt;html class=&quot;k-ff k-ff124&quot;&gt; obscures it
Build info: version: &#039;4.13.0&#039;, revision: &#039;ba948ece5b*&#039;
System info: os.name: &#039;Windows 11&#039;, os.arch: &#039;amd64&#039;, os.version: &#039;10.0&#039;, java.version: &#039;21.0.1&#039;
Driver info: org.openqa.selenium.remote.RemoteWebDriver
Command: [c24afbaa-c5a1-4561-ad8c-5d4af2f73bd9, clickElement {id=bbef04c9-23f3-4678-be49-92468f66e8c8}]
Capabilities {acceptInsecureCerts: false, browserName: firefox, browserVersion: 124.0, moz:accessibilityChecks: false, moz:buildID: 20240221091558, moz:geckodriverVersion: 0.34.0, moz:headless: false, moz:platformVersion: 10.0, moz:processID: 8880, moz:profile: C:\Users\T14S-C~1\AppData\L..., moz:shutdownTimeout: 60000, moz:webdriverClick: true, moz:windowless: false, pageLoadStrategy: normal, platformName: Windows 11, proxy: Proxy(), se:bidiEnabled: false, se:cdp: ws://192.168.2.15:4444/sess..., setWindowRect: true, strictFileInteractability: false, timeouts: {implicit: 0, pageLoad: 300000, script: 30000}, unhandledPromptBehavior: dismiss and notify}
Element: [[RemoteWebDriver: firefox on Windows 11 (c24afbaa-c5a1-4561-ad8c-5d4af2f73bd9)] -&gt; id: new-user-submit]
Session ID: c24afbaa-c5a1-4561-ad8c-5d4af2f73bd9" type="org.openqa.selenium.ElementClickInterceptedException">
      <![CDATA[org.openqa.selenium.ElementClickInterceptedException: Element <button id="new-user-submit" name="save"> is not clickable at point (1275,570) because another element <html class="k-ff k-ff124"> obscures it
Build info: version: '4.13.0', revision: 'ba948ece5b*'
System info: os.name: 'Windows 11', os.arch: 'amd64', os.version: '10.0', java.version: '21.0.1'
Driver info: org.openqa.selenium.remote.RemoteWebDriver
Command: [c24afbaa-c5a1-4561-ad8c-5d4af2f73bd9, clickElement {id=bbef04c9-23f3-4678-be49-92468f66e8c8}]
Capabilities {acceptInsecureCerts: false, browserName: firefox, browserVersion: 124.0, moz:accessibilityChecks: false, moz:buildID: 20240221091558, moz:geckodriverVersion: 0.34.0, moz:headless: false, moz:platformVersion: 10.0, moz:processID: 8880, moz:profile: C:\Users\T14S-C~1\AppData\L..., moz:shutdownTimeout: 60000, moz:webdriverClick: true, moz:windowless: false, pageLoadStrategy: normal, platformName: Windows 11, proxy: Proxy(), se:bidiEnabled: false, se:cdp: ws://192.168.2.15:4444/sess..., setWindowRect: true, strictFileInteractability: false, timeouts: {implicit: 0, pageLoad: 300000, script: 30000}, unhandledPromptBehavior: dismiss and notify}
Element: [[RemoteWebDriver: firefox on Windows 11 (c24afbaa-c5a1-4561-ad8c-5d4af2f73bd9)] -> id: new-user-submit]
Session ID: c24afbaa-c5a1-4561-ad8c-5d4af2f73bd9
at java.base/jdk.internal.reflect.DirectConstructorHandleAccessor.newInstance(DirectConstructorHandleAccessor.java:62)
at java.base/java.lang.reflect.Constructor.newInstanceWithCaller(Constructor.java:502)
at java.base/java.lang.reflect.Constructor.newInstance(Constructor.java:486)
at org.openqa.selenium.remote.codec.w3c.W3CHttpResponseCodec.createException(W3CHttpResponseCodec.java:200)
at org.openqa.selenium.remote.codec.w3c.W3CHttpResponseCodec.decode(W3CHttpResponseCodec.java:133)
at org.openqa.selenium.remote.codec.w3c.W3CHttpResponseCodec.decode(W3CHttpResponseCodec.java:52)
at org.openqa.selenium.remote.HttpCommandExecutor.execute(HttpCommandExecutor.java:191)
at org.openqa.selenium.remote.TracedCommandExecutor.execute(TracedCommandExecutor.java:51)
at org.openqa.selenium.remote.RemoteWebDriver.execute(RemoteWebDriver.java:602)
at org.openqa.selenium.remote.RemoteWebElement.execute(RemoteWebElement.java:224)
at org.openqa.selenium.remote.RemoteWebElement.click(RemoteWebElement.java:77)
at java.base/jdk.internal.reflect.DirectMethodHandleAccessor.invoke(DirectMethodHandleAccessor.java:103)
at java.base/java.lang.reflect.Method.invoke(Method.java:580)
at org.openqa.selenium.support.pagefactory.internal.LocatingElementHandler.invoke(LocatingElementHandler.java:51)
at jdk.proxy2/jdk.proxy2.$Proxy39.click(Unknown Source)
at com.clean.ults.ElementController.click(ElementController.java:48)
at com.clean.pages.users.adduser.AddUserController.clickOnSaveBtn(AddUserController.java:84)
at testclass.client.sesweb.UsersTest.AddNewRegularUser(UsersTest.java:37)
at java.base/jdk.internal.reflect.DirectMethodHandleAccessor.invoke(DirectMethodHandleAccessor.java:103)
at java.base/java.lang.reflect.Method.invoke(Method.java:580)
at org.testng.internal.invokers.MethodInvocationHelper.invokeMethod(MethodInvocationHelper.java:139)
at org.testng.internal.invokers.TestInvoker.invokeMethod(TestInvoker.java:664)
at org.testng.internal.invokers.TestInvoker.retryFailed(TestInvoker.java:248)
at org.testng.internal.invokers.MethodRunner.runInSequence(MethodRunner.java:62)
at org.testng.internal.invokers.TestInvoker$MethodInvocationAgent.invoke(TestInvoker.java:957)
at org.testng.internal.invokers.TestInvoker.invokeTestMethods(TestInvoker.java:200)
at org.testng.internal.invokers.TestMethodWorker.invokeTestMethods(TestMethodWorker.java:148)
at org.testng.internal.invokers.TestMethodWorker.run(TestMethodWorker.java:128)
at java.base/java.util.concurrent.ThreadPoolExecutor.runWorker(ThreadPoolExecutor.java:1144)
at java.base/java.util.concurrent.ThreadPoolExecutor$Worker.run(ThreadPoolExecutor.java:642)
at java.base/java.lang.Thread.run(Thread.java:1583)
]]>
    </error>
  </testcase> <!-- AddNewRegularUser -->
  <testcase classname="testclass.client.sesweb.UsersTest" name="AddNewAutoBootUser" time="3.635">
    <skipped/>
  </testcase> <!-- AddNewAutoBootUser -->
  <testcase classname="testclass.client.sesweb.UsersTest" name="AddNewAutoBootUser" time="3.630">
    <error message="Element &lt;button id=&quot;new-user-submit&quot; name=&quot;save&quot;&gt; is not clickable at point (1275,570) because another element &lt;html class=&quot;k-ff k-ff124&quot;&gt; obscures it
Build info: version: &#039;4.13.0&#039;, revision: &#039;ba948ece5b*&#039;
System info: os.name: &#039;Windows 11&#039;, os.arch: &#039;amd64&#039;, os.version: &#039;10.0&#039;, java.version: &#039;21.0.1&#039;
Driver info: org.openqa.selenium.remote.RemoteWebDriver
Command: [c24afbaa-c5a1-4561-ad8c-5d4af2f73bd9, clickElement {id=9d62992c-2723-4b84-9e6a-03b2c45da185}]
Capabilities {acceptInsecureCerts: false, browserName: firefox, browserVersion: 124.0, moz:accessibilityChecks: false, moz:buildID: 20240221091558, moz:geckodriverVersion: 0.34.0, moz:headless: false, moz:platformVersion: 10.0, moz:processID: 8880, moz:profile: C:\Users\T14S-C~1\AppData\L..., moz:shutdownTimeout: 60000, moz:webdriverClick: true, moz:windowless: false, pageLoadStrategy: normal, platformName: Windows 11, proxy: Proxy(), se:bidiEnabled: false, se:cdp: ws://192.168.2.15:4444/sess..., setWindowRect: true, strictFileInteractability: false, timeouts: {implicit: 0, pageLoad: 300000, script: 30000}, unhandledPromptBehavior: dismiss and notify}
Element: [[RemoteWebDriver: firefox on Windows 11 (c24afbaa-c5a1-4561-ad8c-5d4af2f73bd9)] -&gt; id: new-user-submit]
Session ID: c24afbaa-c5a1-4561-ad8c-5d4af2f73bd9" type="org.openqa.selenium.ElementClickInterceptedException">
      <![CDATA[org.openqa.selenium.ElementClickInterceptedException: Element <button id="new-user-submit" name="save"> is not clickable at point (1275,570) because another element <html class="k-ff k-ff124"> obscures it
Build info: version: '4.13.0', revision: 'ba948ece5b*'
System info: os.name: 'Windows 11', os.arch: 'amd64', os.version: '10.0', java.version: '21.0.1'
Driver info: org.openqa.selenium.remote.RemoteWebDriver
Command: [c24afbaa-c5a1-4561-ad8c-5d4af2f73bd9, clickElement {id=9d62992c-2723-4b84-9e6a-03b2c45da185}]
Capabilities {acceptInsecureCerts: false, browserName: firefox, browserVersion: 124.0, moz:accessibilityChecks: false, moz:buildID: 20240221091558, moz:geckodriverVersion: 0.34.0, moz:headless: false, moz:platformVersion: 10.0, moz:processID: 8880, moz:profile: C:\Users\T14S-C~1\AppData\L..., moz:shutdownTimeout: 60000, moz:webdriverClick: true, moz:windowless: false, pageLoadStrategy: normal, platformName: Windows 11, proxy: Proxy(), se:bidiEnabled: false, se:cdp: ws://192.168.2.15:4444/sess..., setWindowRect: true, strictFileInteractability: false, timeouts: {implicit: 0, pageLoad: 300000, script: 30000}, unhandledPromptBehavior: dismiss and notify}
Element: [[RemoteWebDriver: firefox on Windows 11 (c24afbaa-c5a1-4561-ad8c-5d4af2f73bd9)] -> id: new-user-submit]
Session ID: c24afbaa-c5a1-4561-ad8c-5d4af2f73bd9
at java.base/jdk.internal.reflect.DirectConstructorHandleAccessor.newInstance(DirectConstructorHandleAccessor.java:62)
at java.base/java.lang.reflect.Constructor.newInstanceWithCaller(Constructor.java:502)
at java.base/java.lang.reflect.Constructor.newInstance(Constructor.java:486)
at org.openqa.selenium.remote.codec.w3c.W3CHttpResponseCodec.createException(W3CHttpResponseCodec.java:200)
at org.openqa.selenium.remote.codec.w3c.W3CHttpResponseCodec.decode(W3CHttpResponseCodec.java:133)
at org.openqa.selenium.remote.codec.w3c.W3CHttpResponseCodec.decode(W3CHttpResponseCodec.java:52)
at org.openqa.selenium.remote.HttpCommandExecutor.execute(HttpCommandExecutor.java:191)
at org.openqa.selenium.remote.TracedCommandExecutor.execute(TracedCommandExecutor.java:51)
at org.openqa.selenium.remote.RemoteWebDriver.execute(RemoteWebDriver.java:602)
at org.openqa.selenium.remote.RemoteWebElement.execute(RemoteWebElement.java:224)
at org.openqa.selenium.remote.RemoteWebElement.click(RemoteWebElement.java:77)
at java.base/jdk.internal.reflect.DirectMethodHandleAccessor.invoke(DirectMethodHandleAccessor.java:103)
at java.base/java.lang.reflect.Method.invoke(Method.java:580)
at org.openqa.selenium.support.pagefactory.internal.LocatingElementHandler.invoke(LocatingElementHandler.java:51)
at jdk.proxy2/jdk.proxy2.$Proxy39.click(Unknown Source)
at com.clean.ults.ElementController.click(ElementController.java:48)
at com.clean.pages.users.adduser.AddUserController.clickOnSaveBtn(AddUserController.java:84)
at testclass.client.sesweb.UsersTest.AddNewAutoBootUser(UsersTest.java:101)
at java.base/jdk.internal.reflect.DirectMethodHandleAccessor.invoke(DirectMethodHandleAccessor.java:103)
at java.base/java.lang.reflect.Method.invoke(Method.java:580)
at org.testng.internal.invokers.MethodInvocationHelper.invokeMethod(MethodInvocationHelper.java:139)
at org.testng.internal.invokers.TestInvoker.invokeMethod(TestInvoker.java:664)
at org.testng.internal.invokers.TestInvoker.retryFailed(TestInvoker.java:248)
at org.testng.internal.invokers.MethodRunner.runInSequence(MethodRunner.java:62)
at org.testng.internal.invokers.TestInvoker$MethodInvocationAgent.invoke(TestInvoker.java:957)
at org.testng.internal.invokers.TestInvoker.invokeTestMethods(TestInvoker.java:200)
at org.testng.internal.invokers.TestMethodWorker.invokeTestMethods(TestMethodWorker.java:148)
at org.testng.internal.invokers.TestMethodWorker.run(TestMethodWorker.java:128)
at java.base/java.util.concurrent.ThreadPoolExecutor.runWorker(ThreadPoolExecutor.java:1144)
at java.base/java.util.concurrent.ThreadPoolExecutor$Worker.run(ThreadPoolExecutor.java:642)
at java.base/java.lang.Thread.run(Thread.java:1583)
]]>
    </error>
  </testcase> <!-- AddNewAutoBootUser -->
  <testcase classname="testclass.client.sesweb.UsersTest" name="AddNewRegularUser" time="3.440">
    <skipped/>
  </testcase> <!-- AddNewRegularUser -->
  <testcase classname="testclass.client.sesweb.UsersTest" name="addNewRegularUserWithFinalPassword" time="3.682">
    <skipped/>
  </testcase> <!-- addNewRegularUserWithFinalPassword -->
  <testcase classname="testclass.client.sesweb.UsersTest" name="AddNewTempUser" time="3.582">
    <error message="Element &lt;button id=&quot;new-user-submit&quot; name=&quot;save&quot;&gt; is not clickable at point (1275,570) because another element &lt;html class=&quot;k-ff k-ff124&quot;&gt; obscures it
Build info: version: &#039;4.13.0&#039;, revision: &#039;ba948ece5b*&#039;
System info: os.name: &#039;Windows 11&#039;, os.arch: &#039;amd64&#039;, os.version: &#039;10.0&#039;, java.version: &#039;21.0.1&#039;
Driver info: org.openqa.selenium.remote.RemoteWebDriver
Command: [c24afbaa-c5a1-4561-ad8c-5d4af2f73bd9, clickElement {id=ae7b1e30-d3ae-4fb5-a935-bbddc51d86f6}]
Capabilities {acceptInsecureCerts: false, browserName: firefox, browserVersion: 124.0, moz:accessibilityChecks: false, moz:buildID: 20240221091558, moz:geckodriverVersion: 0.34.0, moz:headless: false, moz:platformVersion: 10.0, moz:processID: 8880, moz:profile: C:\Users\T14S-C~1\AppData\L..., moz:shutdownTimeout: 60000, moz:webdriverClick: true, moz:windowless: false, pageLoadStrategy: normal, platformName: Windows 11, proxy: Proxy(), se:bidiEnabled: false, se:cdp: ws://192.168.2.15:4444/sess..., setWindowRect: true, strictFileInteractability: false, timeouts: {implicit: 0, pageLoad: 300000, script: 30000}, unhandledPromptBehavior: dismiss and notify}
Element: [[RemoteWebDriver: firefox on Windows 11 (c24afbaa-c5a1-4561-ad8c-5d4af2f73bd9)] -&gt; id: new-user-submit]
Session ID: c24afbaa-c5a1-4561-ad8c-5d4af2f73bd9" type="org.openqa.selenium.ElementClickInterceptedException">
      <![CDATA[org.openqa.selenium.ElementClickInterceptedException: Element <button id="new-user-submit" name="save"> is not clickable at point (1275,570) because another element <html class="k-ff k-ff124"> obscures it
Build info: version: '4.13.0', revision: 'ba948ece5b*'
System info: os.name: 'Windows 11', os.arch: 'amd64', os.version: '10.0', java.version: '21.0.1'
Driver info: org.openqa.selenium.remote.RemoteWebDriver
Command: [c24afbaa-c5a1-4561-ad8c-5d4af2f73bd9, clickElement {id=ae7b1e30-d3ae-4fb5-a935-bbddc51d86f6}]
Capabilities {acceptInsecureCerts: false, browserName: firefox, browserVersion: 124.0, moz:accessibilityChecks: false, moz:buildID: 20240221091558, moz:geckodriverVersion: 0.34.0, moz:headless: false, moz:platformVersion: 10.0, moz:processID: 8880, moz:profile: C:\Users\T14S-C~1\AppData\L..., moz:shutdownTimeout: 60000, moz:webdriverClick: true, moz:windowless: false, pageLoadStrategy: normal, platformName: Windows 11, proxy: Proxy(), se:bidiEnabled: false, se:cdp: ws://192.168.2.15:4444/sess..., setWindowRect: true, strictFileInteractability: false, timeouts: {implicit: 0, pageLoad: 300000, script: 30000}, unhandledPromptBehavior: dismiss and notify}
Element: [[RemoteWebDriver: firefox on Windows 11 (c24afbaa-c5a1-4561-ad8c-5d4af2f73bd9)] -> id: new-user-submit]
Session ID: c24afbaa-c5a1-4561-ad8c-5d4af2f73bd9
at java.base/jdk.internal.reflect.DirectConstructorHandleAccessor.newInstance(DirectConstructorHandleAccessor.java:62)
at java.base/java.lang.reflect.Constructor.newInstanceWithCaller(Constructor.java:502)
at java.base/java.lang.reflect.Constructor.newInstance(Constructor.java:486)
at org.openqa.selenium.remote.codec.w3c.W3CHttpResponseCodec.createException(W3CHttpResponseCodec.java:200)
at org.openqa.selenium.remote.codec.w3c.W3CHttpResponseCodec.decode(W3CHttpResponseCodec.java:133)
at org.openqa.selenium.remote.codec.w3c.W3CHttpResponseCodec.decode(W3CHttpResponseCodec.java:52)
at org.openqa.selenium.remote.HttpCommandExecutor.execute(HttpCommandExecutor.java:191)
at org.openqa.selenium.remote.TracedCommandExecutor.execute(TracedCommandExecutor.java:51)
at org.openqa.selenium.remote.RemoteWebDriver.execute(RemoteWebDriver.java:602)
at org.openqa.selenium.remote.RemoteWebElement.execute(RemoteWebElement.java:224)
at org.openqa.selenium.remote.RemoteWebElement.click(RemoteWebElement.java:77)
at java.base/jdk.internal.reflect.DirectMethodHandleAccessor.invoke(DirectMethodHandleAccessor.java:103)
at java.base/java.lang.reflect.Method.invoke(Method.java:580)
at org.openqa.selenium.support.pagefactory.internal.LocatingElementHandler.invoke(LocatingElementHandler.java:51)
at jdk.proxy2/jdk.proxy2.$Proxy39.click(Unknown Source)
at com.clean.ults.ElementController.click(ElementController.java:48)
at com.clean.pages.users.adduser.AddUserController.clickOnSaveBtn(AddUserController.java:84)
at testclass.client.sesweb.UsersTest.AddNewTempUser(UsersTest.java:80)
at java.base/jdk.internal.reflect.DirectMethodHandleAccessor.invoke(DirectMethodHandleAccessor.java:103)
at java.base/java.lang.reflect.Method.invoke(Method.java:580)
at org.testng.internal.invokers.MethodInvocationHelper.invokeMethod(MethodInvocationHelper.java:139)
at org.testng.internal.invokers.TestInvoker.invokeMethod(TestInvoker.java:664)
at org.testng.internal.invokers.TestInvoker.retryFailed(TestInvoker.java:248)
at org.testng.internal.invokers.MethodRunner.runInSequence(MethodRunner.java:62)
at org.testng.internal.invokers.TestInvoker$MethodInvocationAgent.invoke(TestInvoker.java:957)
at org.testng.internal.invokers.TestInvoker.invokeTestMethods(TestInvoker.java:200)
at org.testng.internal.invokers.TestMethodWorker.invokeTestMethods(TestMethodWorker.java:148)
at org.testng.internal.invokers.TestMethodWorker.run(TestMethodWorker.java:128)
at java.base/java.util.concurrent.ThreadPoolExecutor.runWorker(ThreadPoolExecutor.java:1144)
at java.base/java.util.concurrent.ThreadPoolExecutor$Worker.run(ThreadPoolExecutor.java:642)
at java.base/java.lang.Thread.run(Thread.java:1583)
]]>
    </error>
  </testcase> <!-- AddNewTempUser -->
  <testcase classname="testclass.client.sesweb.UsersTest" name="AddNewRegularUser" time="3.401">
    <skipped/>
  </testcase> <!-- AddNewRegularUser -->
  <testcase classname="testclass.client.sesweb.UsersTest" name="ModifyUserAddEmail" time="0.081">
    <skipped/>
  </testcase> <!-- ModifyUserAddEmail -->
  <testcase classname="testclass.client.sesweb.UsersTest" name="AddNewTempUser" time="3.822">
    <skipped/>
  </testcase> <!-- AddNewTempUser -->
  <testcase classname="testclass.client.sesweb.UsersTest" name="AddNewTempUser" time="3.720">
    <skipped/>
  </testcase> <!-- AddNewTempUser -->
  <testcase classname="testclass.client.sesweb.UsersTest" name="AddNewAutoBootUser" time="3.840">
    <skipped/>
  </testcase> <!-- AddNewAutoBootUser -->
  <testcase classname="testclass.client.sesweb.UsersTest" name="addNewRegularUserWithFinalPassword" time="3.694">
    <skipped/>
  </testcase> <!-- addNewRegularUserWithFinalPassword -->
</testsuite> <!-- testclass.client.sesweb.UsersTest -->
