<?xml version="1.0" encoding="UTF-8"?>
<!-- Generated by org.testng.reporters.JUnitReportReporter -->
<testsuite hostname="T14s" failures="1" tests="35" name="testclass.client.sesweb.FolderTest" time="153.538" errors="5" timestamp="2024-03-02T14:28:23 ICT" skipped="28">
  <testcase classname="testclass.client.sesweb.FolderTest" name="AddNewFolder" time="3.773">
    <error message="Element &lt;button class=&quot;submit&quot; name=&quot;save&quot;&gt; is not clickable at point (1275,351) because another element &lt;html class=&quot;k-ff k-ff124&quot;&gt; obscures it
Build info: version: &#039;4.13.0&#039;, revision: &#039;ba948ece5b*&#039;
System info: os.name: &#039;Windows 11&#039;, os.arch: &#039;amd64&#039;, os.version: &#039;10.0&#039;, java.version: &#039;21.0.1&#039;
Driver info: org.openqa.selenium.remote.RemoteWebDriver
Command: [84a68c61-e28c-4732-ba59-80fe881f0713, clickElement {id=ab2d0201-a0fe-4758-af3e-a541c515af80}]
Capabilities {acceptInsecureCerts: false, browserName: firefox, browserVersion: 124.0, moz:accessibilityChecks: false, moz:buildID: 20240221091558, moz:geckodriverVersion: 0.34.0, moz:headless: false, moz:platformVersion: 10.0, moz:processID: 20612, moz:profile: C:\Users\T14S-C~1\AppData\L..., moz:shutdownTimeout: 60000, moz:webdriverClick: true, moz:windowless: false, pageLoadStrategy: normal, platformName: Windows 11, proxy: Proxy(), se:bidiEnabled: false, se:cdp: ws://192.168.2.15:4444/sess..., setWindowRect: true, strictFileInteractability: false, timeouts: {implicit: 0, pageLoad: 300000, script: 30000}, unhandledPromptBehavior: dismiss and notify}
Element: [[RemoteWebDriver: firefox on Windows 11 (84a68c61-e28c-4732-ba59-80fe881f0713)] -&gt; css selector: [class=&#039;submit&#039;]]
Session ID: 84a68c61-e28c-4732-ba59-80fe881f0713" type="org.openqa.selenium.ElementClickInterceptedException">
      <![CDATA[org.openqa.selenium.ElementClickInterceptedException: Element <button class="submit" name="save"> is not clickable at point (1275,351) because another element <html class="k-ff k-ff124"> obscures it
Build info: version: '4.13.0', revision: 'ba948ece5b*'
System info: os.name: 'Windows 11', os.arch: 'amd64', os.version: '10.0', java.version: '21.0.1'
Driver info: org.openqa.selenium.remote.RemoteWebDriver
Command: [84a68c61-e28c-4732-ba59-80fe881f0713, clickElement {id=ab2d0201-a0fe-4758-af3e-a541c515af80}]
Capabilities {acceptInsecureCerts: false, browserName: firefox, browserVersion: 124.0, moz:accessibilityChecks: false, moz:buildID: 20240221091558, moz:geckodriverVersion: 0.34.0, moz:headless: false, moz:platformVersion: 10.0, moz:processID: 20612, moz:profile: C:\Users\T14S-C~1\AppData\L..., moz:shutdownTimeout: 60000, moz:webdriverClick: true, moz:windowless: false, pageLoadStrategy: normal, platformName: Windows 11, proxy: Proxy(), se:bidiEnabled: false, se:cdp: ws://192.168.2.15:4444/sess..., setWindowRect: true, strictFileInteractability: false, timeouts: {implicit: 0, pageLoad: 300000, script: 30000}, unhandledPromptBehavior: dismiss and notify}
Element: [[RemoteWebDriver: firefox on Windows 11 (84a68c61-e28c-4732-ba59-80fe881f0713)] -> css selector: [class='submit']]
Session ID: 84a68c61-e28c-4732-ba59-80fe881f0713
at java.base/jdk.internal.reflect.DirectConstructorHandleAccessor.newInstance(DirectConstructorHandleAccessor.java:62)
at java.base/java.lang.reflect.Constructor.newInstanceWithCaller(Constructor.java:502)
at java.base/java.lang.reflect.Constructor.newInstance(Constructor.java:486)
at org.openqa.selenium.remote.codec.w3c.W3CHttpResponseCodec.createException(W3CHttpResponseCodec.java:200)
at org.openqa.selenium.remote.codec.w3c.W3CHttpResponseCodec.decode(W3CHttpResponseCodec.java:133)
at org.openqa.selenium.remote.codec.w3c.W3CHttpResponseCodec.decode(W3CHttpResponseCodec.java:52)
at org.openqa.selenium.remote.HttpCommandExecutor.execute(HttpCommandExecutor.java:191)
at org.openqa.selenium.remote.TracedCommandExecutor.execute(TracedCommandExecutor.java:51)
at org.openqa.selenium.remote.RemoteWebDriver.execute(RemoteWebDriver.java:602)
at org.openqa.selenium.remote.RemoteWebElement.execute(RemoteWebElement.java:224)
at org.openqa.selenium.remote.RemoteWebElement.click(RemoteWebElement.java:77)
at java.base/jdk.internal.reflect.DirectMethodHandleAccessor.invoke(DirectMethodHandleAccessor.java:103)
at java.base/java.lang.reflect.Method.invoke(Method.java:580)
at org.openqa.selenium.support.pagefactory.internal.LocatingElementHandler.invoke(LocatingElementHandler.java:51)
at jdk.proxy2/jdk.proxy2.$Proxy39.click(Unknown Source)
at com.clean.ults.ElementController.click(ElementController.java:48)
at com.clean.pages.users.addfolder.AddFolderController.clickOnSaveBtn(AddFolderController.java:33)
at testclass.client.sesweb.FolderTest.AddNewFolder(FolderTest.java:40)
at java.base/jdk.internal.reflect.DirectMethodHandleAccessor.invoke(DirectMethodHandleAccessor.java:103)
at java.base/java.lang.reflect.Method.invoke(Method.java:580)
at org.testng.internal.invokers.MethodInvocationHelper.invokeMethod(MethodInvocationHelper.java:139)
at org.testng.internal.invokers.TestInvoker.invokeMethod(TestInvoker.java:664)
at org.testng.internal.invokers.TestInvoker.retryFailed(TestInvoker.java:248)
at org.testng.internal.invokers.MethodRunner.runInSequence(MethodRunner.java:62)
at org.testng.internal.invokers.TestInvoker$MethodInvocationAgent.invoke(TestInvoker.java:957)
at org.testng.internal.invokers.TestInvoker.invokeTestMethods(TestInvoker.java:200)
at org.testng.internal.invokers.TestMethodWorker.invokeTestMethods(TestMethodWorker.java:148)
at org.testng.internal.invokers.TestMethodWorker.run(TestMethodWorker.java:128)
at java.base/java.util.concurrent.ThreadPoolExecutor.runWorker(ThreadPoolExecutor.java:1144)
at java.base/java.util.concurrent.ThreadPoolExecutor$Worker.run(ThreadPoolExecutor.java:642)
at java.base/java.lang.Thread.run(Thread.java:1583)
]]>
    </error>
  </testcase> <!-- AddNewFolder -->
  <testcase classname="testclass.client.sesweb.FolderTest" name="DeleteFolderInFolderP" time="3.981">
    <skipped/>
  </testcase> <!-- DeleteFolderInFolderP -->
  <testcase classname="testclass.client.sesweb.FolderTest" name="RemoveUserFolder" time="0.009">
    <skipped/>
  </testcase> <!-- RemoveUserFolder -->
  <testcase classname="testclass.client.sesweb.FolderTest" name="CheckExtendIconOnFolderTree" time="3.067"/>
  <testcase classname="testclass.client.sesweb.FolderTest" name="CreateNewFolderWith64Character" time="3.484">
    <skipped/>
  </testcase> <!-- CreateNewFolderWith64Character -->
  <testcase classname="testclass.client.sesweb.FolderTest" name="addNewUserInFolderProperties" time="0.074">
    <skipped/>
  </testcase> <!-- addNewUserInFolderProperties -->
  <testcase classname="testclass.client.sesweb.FolderTest" name="VerifyBackFeatureInUserTab" time="0.091">
    <skipped/>
  </testcase> <!-- VerifyBackFeatureInUserTab -->
  <testcase classname="testclass.client.sesweb.FolderTest" name="SelectFolderAndGotoFolderProperties" time="0.004">
    <skipped/>
  </testcase> <!-- SelectFolderAndGotoFolderProperties -->
  <testcase classname="testclass.client.sesweb.FolderTest" name="VerifyBackFeatureAtGroupTab" time="0.004">
    <skipped/>
  </testcase> <!-- VerifyBackFeatureAtGroupTab -->
  <testcase classname="testclass.client.sesweb.FolderTest" name="VerifyRenameFolder" time="3.262">
    <error message="Element &lt;button class=&quot;submit&quot; name=&quot;save&quot;&gt; is not clickable at point (1275,351) because another element &lt;html class=&quot;k-ff k-ff124&quot;&gt; obscures it
Build info: version: &#039;4.13.0&#039;, revision: &#039;ba948ece5b*&#039;
System info: os.name: &#039;Windows 11&#039;, os.arch: &#039;amd64&#039;, os.version: &#039;10.0&#039;, java.version: &#039;21.0.1&#039;
Driver info: org.openqa.selenium.remote.RemoteWebDriver
Command: [84a68c61-e28c-4732-ba59-80fe881f0713, clickElement {id=3bd0ee9b-49c5-4670-b628-619120c07b4e}]
Capabilities {acceptInsecureCerts: false, browserName: firefox, browserVersion: 124.0, moz:accessibilityChecks: false, moz:buildID: 20240221091558, moz:geckodriverVersion: 0.34.0, moz:headless: false, moz:platformVersion: 10.0, moz:processID: 20612, moz:profile: C:\Users\T14S-C~1\AppData\L..., moz:shutdownTimeout: 60000, moz:webdriverClick: true, moz:windowless: false, pageLoadStrategy: normal, platformName: Windows 11, proxy: Proxy(), se:bidiEnabled: false, se:cdp: ws://192.168.2.15:4444/sess..., setWindowRect: true, strictFileInteractability: false, timeouts: {implicit: 0, pageLoad: 300000, script: 30000}, unhandledPromptBehavior: dismiss and notify}
Element: [[RemoteWebDriver: firefox on Windows 11 (84a68c61-e28c-4732-ba59-80fe881f0713)] -&gt; css selector: [class=&#039;submit&#039;]]
Session ID: 84a68c61-e28c-4732-ba59-80fe881f0713" type="org.openqa.selenium.ElementClickInterceptedException">
      <![CDATA[org.openqa.selenium.ElementClickInterceptedException: Element <button class="submit" name="save"> is not clickable at point (1275,351) because another element <html class="k-ff k-ff124"> obscures it
Build info: version: '4.13.0', revision: 'ba948ece5b*'
System info: os.name: 'Windows 11', os.arch: 'amd64', os.version: '10.0', java.version: '21.0.1'
Driver info: org.openqa.selenium.remote.RemoteWebDriver
Command: [84a68c61-e28c-4732-ba59-80fe881f0713, clickElement {id=3bd0ee9b-49c5-4670-b628-619120c07b4e}]
Capabilities {acceptInsecureCerts: false, browserName: firefox, browserVersion: 124.0, moz:accessibilityChecks: false, moz:buildID: 20240221091558, moz:geckodriverVersion: 0.34.0, moz:headless: false, moz:platformVersion: 10.0, moz:processID: 20612, moz:profile: C:\Users\T14S-C~1\AppData\L..., moz:shutdownTimeout: 60000, moz:webdriverClick: true, moz:windowless: false, pageLoadStrategy: normal, platformName: Windows 11, proxy: Proxy(), se:bidiEnabled: false, se:cdp: ws://192.168.2.15:4444/sess..., setWindowRect: true, strictFileInteractability: false, timeouts: {implicit: 0, pageLoad: 300000, script: 30000}, unhandledPromptBehavior: dismiss and notify}
Element: [[RemoteWebDriver: firefox on Windows 11 (84a68c61-e28c-4732-ba59-80fe881f0713)] -> css selector: [class='submit']]
Session ID: 84a68c61-e28c-4732-ba59-80fe881f0713
at java.base/jdk.internal.reflect.DirectConstructorHandleAccessor.newInstance(DirectConstructorHandleAccessor.java:62)
at java.base/java.lang.reflect.Constructor.newInstanceWithCaller(Constructor.java:502)
at java.base/java.lang.reflect.Constructor.newInstance(Constructor.java:486)
at org.openqa.selenium.remote.codec.w3c.W3CHttpResponseCodec.createException(W3CHttpResponseCodec.java:200)
at org.openqa.selenium.remote.codec.w3c.W3CHttpResponseCodec.decode(W3CHttpResponseCodec.java:133)
at org.openqa.selenium.remote.codec.w3c.W3CHttpResponseCodec.decode(W3CHttpResponseCodec.java:52)
at org.openqa.selenium.remote.HttpCommandExecutor.execute(HttpCommandExecutor.java:191)
at org.openqa.selenium.remote.TracedCommandExecutor.execute(TracedCommandExecutor.java:51)
at org.openqa.selenium.remote.RemoteWebDriver.execute(RemoteWebDriver.java:602)
at org.openqa.selenium.remote.RemoteWebElement.execute(RemoteWebElement.java:224)
at org.openqa.selenium.remote.RemoteWebElement.click(RemoteWebElement.java:77)
at java.base/jdk.internal.reflect.DirectMethodHandleAccessor.invoke(DirectMethodHandleAccessor.java:103)
at java.base/java.lang.reflect.Method.invoke(Method.java:580)
at org.openqa.selenium.support.pagefactory.internal.LocatingElementHandler.invoke(LocatingElementHandler.java:51)
at jdk.proxy2/jdk.proxy2.$Proxy39.click(Unknown Source)
at com.clean.ults.ElementController.click(ElementController.java:48)
at com.clean.pages.users.addfolder.AddFolderController.clickOnSaveBtn(AddFolderController.java:33)
at testclass.client.sesweb.FolderTest.VerifyRenameFolder(FolderTest.java:366)
at java.base/jdk.internal.reflect.DirectMethodHandleAccessor.invoke(DirectMethodHandleAccessor.java:103)
at java.base/java.lang.reflect.Method.invoke(Method.java:580)
at org.testng.internal.invokers.MethodInvocationHelper.invokeMethod(MethodInvocationHelper.java:139)
at org.testng.internal.invokers.TestInvoker.invokeMethod(TestInvoker.java:664)
at org.testng.internal.invokers.TestInvoker.retryFailed(TestInvoker.java:248)
at org.testng.internal.invokers.MethodRunner.runInSequence(MethodRunner.java:62)
at org.testng.internal.invokers.TestInvoker$MethodInvocationAgent.invoke(TestInvoker.java:957)
at org.testng.internal.invokers.TestInvoker.invokeTestMethods(TestInvoker.java:200)
at org.testng.internal.invokers.TestMethodWorker.invokeTestMethods(TestMethodWorker.java:148)
at org.testng.internal.invokers.TestMethodWorker.run(TestMethodWorker.java:128)
at java.base/java.util.concurrent.ThreadPoolExecutor.runWorker(ThreadPoolExecutor.java:1144)
at java.base/java.util.concurrent.ThreadPoolExecutor$Worker.run(ThreadPoolExecutor.java:642)
at java.base/java.lang.Thread.run(Thread.java:1583)
]]>
    </error>
  </testcase> <!-- VerifyRenameFolder -->
  <testcase classname="testclass.client.sesweb.FolderTest" name="VerifyTheDescriptionAfterCreatedSuccess" time="26.831">
    <skipped/>
  </testcase> <!-- VerifyTheDescriptionAfterCreatedSuccess -->
  <testcase classname="testclass.client.sesweb.FolderTest" name="CreateNewFolderWith64Character" time="3.591">
    <error message="Element &lt;button class=&quot;submit&quot; name=&quot;save&quot;&gt; is not clickable at point (1275,351) because another element &lt;html class=&quot;k-ff k-ff124&quot;&gt; obscures it
Build info: version: &#039;4.13.0&#039;, revision: &#039;ba948ece5b*&#039;
System info: os.name: &#039;Windows 11&#039;, os.arch: &#039;amd64&#039;, os.version: &#039;10.0&#039;, java.version: &#039;21.0.1&#039;
Driver info: org.openqa.selenium.remote.RemoteWebDriver
Command: [84a68c61-e28c-4732-ba59-80fe881f0713, clickElement {id=235acfb7-5faa-41dd-84f5-d6f3169d8e3d}]
Capabilities {acceptInsecureCerts: false, browserName: firefox, browserVersion: 124.0, moz:accessibilityChecks: false, moz:buildID: 20240221091558, moz:geckodriverVersion: 0.34.0, moz:headless: false, moz:platformVersion: 10.0, moz:processID: 20612, moz:profile: C:\Users\T14S-C~1\AppData\L..., moz:shutdownTimeout: 60000, moz:webdriverClick: true, moz:windowless: false, pageLoadStrategy: normal, platformName: Windows 11, proxy: Proxy(), se:bidiEnabled: false, se:cdp: ws://192.168.2.15:4444/sess..., setWindowRect: true, strictFileInteractability: false, timeouts: {implicit: 0, pageLoad: 300000, script: 30000}, unhandledPromptBehavior: dismiss and notify}
Element: [[RemoteWebDriver: firefox on Windows 11 (84a68c61-e28c-4732-ba59-80fe881f0713)] -&gt; css selector: [class=&#039;submit&#039;]]
Session ID: 84a68c61-e28c-4732-ba59-80fe881f0713" type="org.openqa.selenium.ElementClickInterceptedException">
      <![CDATA[org.openqa.selenium.ElementClickInterceptedException: Element <button class="submit" name="save"> is not clickable at point (1275,351) because another element <html class="k-ff k-ff124"> obscures it
Build info: version: '4.13.0', revision: 'ba948ece5b*'
System info: os.name: 'Windows 11', os.arch: 'amd64', os.version: '10.0', java.version: '21.0.1'
Driver info: org.openqa.selenium.remote.RemoteWebDriver
Command: [84a68c61-e28c-4732-ba59-80fe881f0713, clickElement {id=235acfb7-5faa-41dd-84f5-d6f3169d8e3d}]
Capabilities {acceptInsecureCerts: false, browserName: firefox, browserVersion: 124.0, moz:accessibilityChecks: false, moz:buildID: 20240221091558, moz:geckodriverVersion: 0.34.0, moz:headless: false, moz:platformVersion: 10.0, moz:processID: 20612, moz:profile: C:\Users\T14S-C~1\AppData\L..., moz:shutdownTimeout: 60000, moz:webdriverClick: true, moz:windowless: false, pageLoadStrategy: normal, platformName: Windows 11, proxy: Proxy(), se:bidiEnabled: false, se:cdp: ws://192.168.2.15:4444/sess..., setWindowRect: true, strictFileInteractability: false, timeouts: {implicit: 0, pageLoad: 300000, script: 30000}, unhandledPromptBehavior: dismiss and notify}
Element: [[RemoteWebDriver: firefox on Windows 11 (84a68c61-e28c-4732-ba59-80fe881f0713)] -> css selector: [class='submit']]
Session ID: 84a68c61-e28c-4732-ba59-80fe881f0713
at java.base/jdk.internal.reflect.DirectConstructorHandleAccessor.newInstance(DirectConstructorHandleAccessor.java:62)
at java.base/java.lang.reflect.Constructor.newInstanceWithCaller(Constructor.java:502)
at java.base/java.lang.reflect.Constructor.newInstance(Constructor.java:486)
at org.openqa.selenium.remote.codec.w3c.W3CHttpResponseCodec.createException(W3CHttpResponseCodec.java:200)
at org.openqa.selenium.remote.codec.w3c.W3CHttpResponseCodec.decode(W3CHttpResponseCodec.java:133)
at org.openqa.selenium.remote.codec.w3c.W3CHttpResponseCodec.decode(W3CHttpResponseCodec.java:52)
at org.openqa.selenium.remote.HttpCommandExecutor.execute(HttpCommandExecutor.java:191)
at org.openqa.selenium.remote.TracedCommandExecutor.execute(TracedCommandExecutor.java:51)
at org.openqa.selenium.remote.RemoteWebDriver.execute(RemoteWebDriver.java:602)
at org.openqa.selenium.remote.RemoteWebElement.execute(RemoteWebElement.java:224)
at org.openqa.selenium.remote.RemoteWebElement.click(RemoteWebElement.java:77)
at java.base/jdk.internal.reflect.DirectMethodHandleAccessor.invoke(DirectMethodHandleAccessor.java:103)
at java.base/java.lang.reflect.Method.invoke(Method.java:580)
at org.openqa.selenium.support.pagefactory.internal.LocatingElementHandler.invoke(LocatingElementHandler.java:51)
at jdk.proxy2/jdk.proxy2.$Proxy39.click(Unknown Source)
at com.clean.ults.ElementController.click(ElementController.java:48)
at com.clean.pages.users.addfolder.AddFolderController.clickOnSaveBtn(AddFolderController.java:33)
at testclass.client.sesweb.FolderTest.CreateNewFolderWith64Character(FolderTest.java:108)
at java.base/jdk.internal.reflect.DirectMethodHandleAccessor.invoke(DirectMethodHandleAccessor.java:103)
at java.base/java.lang.reflect.Method.invoke(Method.java:580)
at org.testng.internal.invokers.MethodInvocationHelper.invokeMethod(MethodInvocationHelper.java:139)
at org.testng.internal.invokers.TestInvoker.invokeMethod(TestInvoker.java:664)
at org.testng.internal.invokers.TestInvoker.retryFailed(TestInvoker.java:248)
at org.testng.internal.invokers.MethodRunner.runInSequence(MethodRunner.java:62)
at org.testng.internal.invokers.TestInvoker$MethodInvocationAgent.invoke(TestInvoker.java:957)
at org.testng.internal.invokers.TestInvoker.invokeTestMethods(TestInvoker.java:200)
at org.testng.internal.invokers.TestMethodWorker.invokeTestMethods(TestMethodWorker.java:148)
at org.testng.internal.invokers.TestMethodWorker.run(TestMethodWorker.java:128)
at java.base/java.util.concurrent.ThreadPoolExecutor.runWorker(ThreadPoolExecutor.java:1144)
at java.base/java.util.concurrent.ThreadPoolExecutor$Worker.run(ThreadPoolExecutor.java:642)
at java.base/java.lang.Thread.run(Thread.java:1583)
]]>
    </error>
  </testcase> <!-- CreateNewFolderWith64Character -->
  <testcase classname="testclass.client.sesweb.FolderTest" name="AssignGroupToFolder" time="0.004">
    <skipped/>
  </testcase> <!-- AssignGroupToFolder -->
  <testcase classname="testclass.client.sesweb.FolderTest" name="addNewFolderInFolderProperties" time="0.003">
    <skipped/>
  </testcase> <!-- addNewFolderInFolderProperties -->
  <testcase classname="testclass.client.sesweb.FolderTest" name="VerifyBackFeatureInKeyTab" time="0.003">
    <skipped/>
  </testcase> <!-- VerifyBackFeatureInKeyTab -->
  <testcase classname="testclass.client.sesweb.FolderTest" name="AddNewFolderWithOneChar" time="4.433">
    <skipped/>
  </testcase> <!-- AddNewFolderWithOneChar -->
  <testcase classname="testclass.client.sesweb.FolderTest" name="VerifyRenameFolder" time="3.142">
    <skipped/>
  </testcase> <!-- VerifyRenameFolder -->
  <testcase classname="testclass.client.sesweb.FolderTest" name="VerifyTheDescriptionAfterCreatedSuccess" time="27.117">
    <failure message="ERR| Proxy element for: DefaultElementLocator &#039;By.id: Actions_Folder_ViewFolderGeneral&#039; Not displayed. Please recheck the locator" type="java.lang.AssertionError">
      <![CDATA[java.lang.AssertionError: ERR| Proxy element for: DefaultElementLocator 'By.id: Actions_Folder_ViewFolderGeneral' Not displayed. Please recheck the locator
at org.testng.Assert.fail(Assert.java:111)
at com.clean.ults.ElementController.waitForElementClickAble(ElementController.java:39)
at com.clean.ults.ElementController.click(ElementController.java:47)
at com.clean.pages.users.UsersController.clickOnFolderPropertiesOpt(UsersController.java:85)
at testclass.client.sesweb.FolderTest.VerifyTheDescriptionAfterCreatedSuccess(FolderTest.java:343)
at java.base/jdk.internal.reflect.DirectMethodHandleAccessor.invoke(DirectMethodHandleAccessor.java:103)
at java.base/java.lang.reflect.Method.invoke(Method.java:580)
at org.testng.internal.invokers.MethodInvocationHelper.invokeMethod(MethodInvocationHelper.java:139)
at org.testng.internal.invokers.TestInvoker.invokeMethod(TestInvoker.java:664)
at org.testng.internal.invokers.TestInvoker.retryFailed(TestInvoker.java:248)
at org.testng.internal.invokers.MethodRunner.runInSequence(MethodRunner.java:62)
at org.testng.internal.invokers.TestInvoker$MethodInvocationAgent.invoke(TestInvoker.java:957)
at org.testng.internal.invokers.TestInvoker.invokeTestMethods(TestInvoker.java:200)
at org.testng.internal.invokers.TestMethodWorker.invokeTestMethods(TestMethodWorker.java:148)
at org.testng.internal.invokers.TestMethodWorker.run(TestMethodWorker.java:128)
at java.base/java.util.concurrent.ThreadPoolExecutor.runWorker(ThreadPoolExecutor.java:1144)
at java.base/java.util.concurrent.ThreadPoolExecutor$Worker.run(ThreadPoolExecutor.java:642)
at java.base/java.lang.Thread.run(Thread.java:1583)
]]>
    </failure>
  </testcase> <!-- VerifyTheDescriptionAfterCreatedSuccess -->
  <testcase classname="testclass.client.sesweb.FolderTest" name="AssignUserToFolder" time="0.005">
    <skipped/>
  </testcase> <!-- AssignUserToFolder -->
  <testcase classname="testclass.client.sesweb.FolderTest" name="VerifyRenameFolder" time="3.290">
    <skipped/>
  </testcase> <!-- VerifyRenameFolder -->
  <testcase classname="testclass.client.sesweb.FolderTest" name="verifyRMCEChallengeResponse" time="0.000">
    <skipped/>
  </testcase> <!-- verifyRMCEChallengeResponse -->
  <testcase classname="testclass.client.sesweb.FolderTest" name="VerifyTheDescriptionAfterCreatedSuccess" time="27.440">
    <skipped/>
  </testcase> <!-- VerifyTheDescriptionAfterCreatedSuccess -->
  <testcase classname="testclass.client.sesweb.FolderTest" name="RemoveKeyInFolder" time="0.000">
    <skipped/>
  </testcase> <!-- RemoveKeyInFolder -->
  <testcase classname="testclass.client.sesweb.FolderTest" name="DeleteFolderInFolderP" time="3.486">
    <error message="Element &lt;button class=&quot;submit&quot; name=&quot;save&quot;&gt; is not clickable at point (1275,351) because another element &lt;html class=&quot;k-ff k-ff124&quot;&gt; obscures it
Build info: version: &#039;4.13.0&#039;, revision: &#039;ba948ece5b*&#039;
System info: os.name: &#039;Windows 11&#039;, os.arch: &#039;amd64&#039;, os.version: &#039;10.0&#039;, java.version: &#039;21.0.1&#039;
Driver info: org.openqa.selenium.remote.RemoteWebDriver
Command: [c24afbaa-c5a1-4561-ad8c-5d4af2f73bd9, clickElement {id=6715fd81-61d2-4be8-be5d-df8121d9a18a}]
Capabilities {acceptInsecureCerts: false, browserName: firefox, browserVersion: 124.0, moz:accessibilityChecks: false, moz:buildID: 20240221091558, moz:geckodriverVersion: 0.34.0, moz:headless: false, moz:platformVersion: 10.0, moz:processID: 8880, moz:profile: C:\Users\T14S-C~1\AppData\L..., moz:shutdownTimeout: 60000, moz:webdriverClick: true, moz:windowless: false, pageLoadStrategy: normal, platformName: Windows 11, proxy: Proxy(), se:bidiEnabled: false, se:cdp: ws://192.168.2.15:4444/sess..., setWindowRect: true, strictFileInteractability: false, timeouts: {implicit: 0, pageLoad: 300000, script: 30000}, unhandledPromptBehavior: dismiss and notify}
Element: [[RemoteWebDriver: firefox on Windows 11 (c24afbaa-c5a1-4561-ad8c-5d4af2f73bd9)] -&gt; css selector: [class=&#039;submit&#039;]]
Session ID: c24afbaa-c5a1-4561-ad8c-5d4af2f73bd9" type="org.openqa.selenium.ElementClickInterceptedException">
      <![CDATA[org.openqa.selenium.ElementClickInterceptedException: Element <button class="submit" name="save"> is not clickable at point (1275,351) because another element <html class="k-ff k-ff124"> obscures it
Build info: version: '4.13.0', revision: 'ba948ece5b*'
System info: os.name: 'Windows 11', os.arch: 'amd64', os.version: '10.0', java.version: '21.0.1'
Driver info: org.openqa.selenium.remote.RemoteWebDriver
Command: [c24afbaa-c5a1-4561-ad8c-5d4af2f73bd9, clickElement {id=6715fd81-61d2-4be8-be5d-df8121d9a18a}]
Capabilities {acceptInsecureCerts: false, browserName: firefox, browserVersion: 124.0, moz:accessibilityChecks: false, moz:buildID: 20240221091558, moz:geckodriverVersion: 0.34.0, moz:headless: false, moz:platformVersion: 10.0, moz:processID: 8880, moz:profile: C:\Users\T14S-C~1\AppData\L..., moz:shutdownTimeout: 60000, moz:webdriverClick: true, moz:windowless: false, pageLoadStrategy: normal, platformName: Windows 11, proxy: Proxy(), se:bidiEnabled: false, se:cdp: ws://192.168.2.15:4444/sess..., setWindowRect: true, strictFileInteractability: false, timeouts: {implicit: 0, pageLoad: 300000, script: 30000}, unhandledPromptBehavior: dismiss and notify}
Element: [[RemoteWebDriver: firefox on Windows 11 (c24afbaa-c5a1-4561-ad8c-5d4af2f73bd9)] -> css selector: [class='submit']]
Session ID: c24afbaa-c5a1-4561-ad8c-5d4af2f73bd9
at java.base/jdk.internal.reflect.DirectConstructorHandleAccessor.newInstance(DirectConstructorHandleAccessor.java:62)
at java.base/java.lang.reflect.Constructor.newInstanceWithCaller(Constructor.java:502)
at java.base/java.lang.reflect.Constructor.newInstance(Constructor.java:486)
at org.openqa.selenium.remote.codec.w3c.W3CHttpResponseCodec.createException(W3CHttpResponseCodec.java:200)
at org.openqa.selenium.remote.codec.w3c.W3CHttpResponseCodec.decode(W3CHttpResponseCodec.java:133)
at org.openqa.selenium.remote.codec.w3c.W3CHttpResponseCodec.decode(W3CHttpResponseCodec.java:52)
at org.openqa.selenium.remote.HttpCommandExecutor.execute(HttpCommandExecutor.java:191)
at org.openqa.selenium.remote.TracedCommandExecutor.execute(TracedCommandExecutor.java:51)
at org.openqa.selenium.remote.RemoteWebDriver.execute(RemoteWebDriver.java:602)
at org.openqa.selenium.remote.RemoteWebElement.execute(RemoteWebElement.java:224)
at org.openqa.selenium.remote.RemoteWebElement.click(RemoteWebElement.java:77)
at java.base/jdk.internal.reflect.DirectMethodHandleAccessor.invoke(DirectMethodHandleAccessor.java:103)
at java.base/java.lang.reflect.Method.invoke(Method.java:580)
at org.openqa.selenium.support.pagefactory.internal.LocatingElementHandler.invoke(LocatingElementHandler.java:51)
at jdk.proxy2/jdk.proxy2.$Proxy39.click(Unknown Source)
at com.clean.ults.ElementController.click(ElementController.java:48)
at com.clean.pages.users.addfolder.AddFolderController.clickOnSaveBtn(AddFolderController.java:33)
at testclass.client.sesweb.FolderTest.DeleteFolderInFolderP(FolderTest.java:268)
at java.base/jdk.internal.reflect.DirectMethodHandleAccessor.invoke(DirectMethodHandleAccessor.java:103)
at java.base/java.lang.reflect.Method.invoke(Method.java:580)
at org.testng.internal.invokers.MethodInvocationHelper.invokeMethod(MethodInvocationHelper.java:139)
at org.testng.internal.invokers.TestInvoker.invokeMethod(TestInvoker.java:664)
at org.testng.internal.invokers.TestInvoker.retryFailed(TestInvoker.java:248)
at org.testng.internal.invokers.MethodRunner.runInSequence(MethodRunner.java:62)
at org.testng.internal.invokers.TestInvoker$MethodInvocationAgent.invoke(TestInvoker.java:957)
at org.testng.internal.invokers.TestInvoker.invokeTestMethods(TestInvoker.java:200)
at org.testng.internal.invokers.TestMethodWorker.invokeTestMethods(TestMethodWorker.java:148)
at org.testng.internal.invokers.TestMethodWorker.run(TestMethodWorker.java:128)
at java.base/java.util.concurrent.ThreadPoolExecutor.runWorker(ThreadPoolExecutor.java:1144)
at java.base/java.util.concurrent.ThreadPoolExecutor$Worker.run(ThreadPoolExecutor.java:642)
at java.base/java.lang.Thread.run(Thread.java:1583)
]]>
    </error>
  </testcase> <!-- DeleteFolderInFolderP -->
  <testcase classname="testclass.client.sesweb.FolderTest" name="addNewGroupInFolderProperties" time="0.000">
    <skipped/>
  </testcase> <!-- addNewGroupInFolderProperties -->
  <testcase classname="testclass.client.sesweb.FolderTest" name="RemoveGroupToFolder" time="0.000">
    <skipped/>
  </testcase> <!-- RemoveGroupToFolder -->
  <testcase classname="testclass.client.sesweb.FolderTest" name="AddNewFolder" time="17.003">
    <skipped/>
  </testcase> <!-- AddNewFolder -->
  <testcase classname="testclass.client.sesweb.FolderTest" name="DeleteFolderInFolderP" time="3.957">
    <skipped/>
  </testcase> <!-- DeleteFolderInFolderP -->
  <testcase classname="testclass.client.sesweb.FolderTest" name="AssignKeyToFolder" time="0.000">
    <skipped/>
  </testcase> <!-- AssignKeyToFolder -->
  <testcase classname="testclass.client.sesweb.FolderTest" name="AddNewFolderWithOneChar" time="3.594">
    <error message="Element &lt;button class=&quot;submit&quot; name=&quot;save&quot;&gt; is not clickable at point (1275,351) because another element &lt;html class=&quot;k-ff k-ff124&quot;&gt; obscures it
Build info: version: &#039;4.13.0&#039;, revision: &#039;ba948ece5b*&#039;
System info: os.name: &#039;Windows 11&#039;, os.arch: &#039;amd64&#039;, os.version: &#039;10.0&#039;, java.version: &#039;21.0.1&#039;
Driver info: org.openqa.selenium.remote.RemoteWebDriver
Command: [84a68c61-e28c-4732-ba59-80fe881f0713, clickElement {id=e6fff987-dd2d-4371-a6eb-6e44ba73f7b8}]
Capabilities {acceptInsecureCerts: false, browserName: firefox, browserVersion: 124.0, moz:accessibilityChecks: false, moz:buildID: 20240221091558, moz:geckodriverVersion: 0.34.0, moz:headless: false, moz:platformVersion: 10.0, moz:processID: 20612, moz:profile: C:\Users\T14S-C~1\AppData\L..., moz:shutdownTimeout: 60000, moz:webdriverClick: true, moz:windowless: false, pageLoadStrategy: normal, platformName: Windows 11, proxy: Proxy(), se:bidiEnabled: false, se:cdp: ws://192.168.2.15:4444/sess..., setWindowRect: true, strictFileInteractability: false, timeouts: {implicit: 0, pageLoad: 300000, script: 30000}, unhandledPromptBehavior: dismiss and notify}
Element: [[RemoteWebDriver: firefox on Windows 11 (84a68c61-e28c-4732-ba59-80fe881f0713)] -&gt; css selector: [class=&#039;submit&#039;]]
Session ID: 84a68c61-e28c-4732-ba59-80fe881f0713" type="org.openqa.selenium.ElementClickInterceptedException">
      <![CDATA[org.openqa.selenium.ElementClickInterceptedException: Element <button class="submit" name="save"> is not clickable at point (1275,351) because another element <html class="k-ff k-ff124"> obscures it
Build info: version: '4.13.0', revision: 'ba948ece5b*'
System info: os.name: 'Windows 11', os.arch: 'amd64', os.version: '10.0', java.version: '21.0.1'
Driver info: org.openqa.selenium.remote.RemoteWebDriver
Command: [84a68c61-e28c-4732-ba59-80fe881f0713, clickElement {id=e6fff987-dd2d-4371-a6eb-6e44ba73f7b8}]
Capabilities {acceptInsecureCerts: false, browserName: firefox, browserVersion: 124.0, moz:accessibilityChecks: false, moz:buildID: 20240221091558, moz:geckodriverVersion: 0.34.0, moz:headless: false, moz:platformVersion: 10.0, moz:processID: 20612, moz:profile: C:\Users\T14S-C~1\AppData\L..., moz:shutdownTimeout: 60000, moz:webdriverClick: true, moz:windowless: false, pageLoadStrategy: normal, platformName: Windows 11, proxy: Proxy(), se:bidiEnabled: false, se:cdp: ws://192.168.2.15:4444/sess..., setWindowRect: true, strictFileInteractability: false, timeouts: {implicit: 0, pageLoad: 300000, script: 30000}, unhandledPromptBehavior: dismiss and notify}
Element: [[RemoteWebDriver: firefox on Windows 11 (84a68c61-e28c-4732-ba59-80fe881f0713)] -> css selector: [class='submit']]
Session ID: 84a68c61-e28c-4732-ba59-80fe881f0713
at java.base/jdk.internal.reflect.DirectConstructorHandleAccessor.newInstance(DirectConstructorHandleAccessor.java:62)
at java.base/java.lang.reflect.Constructor.newInstanceWithCaller(Constructor.java:502)
at java.base/java.lang.reflect.Constructor.newInstance(Constructor.java:486)
at org.openqa.selenium.remote.codec.w3c.W3CHttpResponseCodec.createException(W3CHttpResponseCodec.java:200)
at org.openqa.selenium.remote.codec.w3c.W3CHttpResponseCodec.decode(W3CHttpResponseCodec.java:133)
at org.openqa.selenium.remote.codec.w3c.W3CHttpResponseCodec.decode(W3CHttpResponseCodec.java:52)
at org.openqa.selenium.remote.HttpCommandExecutor.execute(HttpCommandExecutor.java:191)
at org.openqa.selenium.remote.TracedCommandExecutor.execute(TracedCommandExecutor.java:51)
at org.openqa.selenium.remote.RemoteWebDriver.execute(RemoteWebDriver.java:602)
at org.openqa.selenium.remote.RemoteWebElement.execute(RemoteWebElement.java:224)
at org.openqa.selenium.remote.RemoteWebElement.click(RemoteWebElement.java:77)
at java.base/jdk.internal.reflect.DirectMethodHandleAccessor.invoke(DirectMethodHandleAccessor.java:103)
at java.base/java.lang.reflect.Method.invoke(Method.java:580)
at org.openqa.selenium.support.pagefactory.internal.LocatingElementHandler.invoke(LocatingElementHandler.java:51)
at jdk.proxy2/jdk.proxy2.$Proxy39.click(Unknown Source)
at com.clean.ults.ElementController.click(ElementController.java:48)
at com.clean.pages.users.addfolder.AddFolderController.clickOnSaveBtn(AddFolderController.java:33)
at testclass.client.sesweb.FolderTest.AddNewFolderWithOneChar(FolderTest.java:74)
at java.base/jdk.internal.reflect.DirectMethodHandleAccessor.invoke(DirectMethodHandleAccessor.java:103)
at java.base/java.lang.reflect.Method.invoke(Method.java:580)
at org.testng.internal.invokers.MethodInvocationHelper.invokeMethod(MethodInvocationHelper.java:139)
at org.testng.internal.invokers.TestInvoker.invokeMethod(TestInvoker.java:664)
at org.testng.internal.invokers.TestInvoker.retryFailed(TestInvoker.java:248)
at org.testng.internal.invokers.MethodRunner.runInSequence(MethodRunner.java:62)
at org.testng.internal.invokers.TestInvoker$MethodInvocationAgent.invoke(TestInvoker.java:957)
at org.testng.internal.invokers.TestInvoker.invokeTestMethods(TestInvoker.java:200)
at org.testng.internal.invokers.TestMethodWorker.invokeTestMethods(TestMethodWorker.java:148)
at org.testng.internal.invokers.TestMethodWorker.run(TestMethodWorker.java:128)
at java.base/java.util.concurrent.ThreadPoolExecutor.runWorker(ThreadPoolExecutor.java:1144)
at java.base/java.util.concurrent.ThreadPoolExecutor$Worker.run(ThreadPoolExecutor.java:642)
at java.base/java.lang.Thread.run(Thread.java:1583)
]]>
    </error>
  </testcase> <!-- AddNewFolderWithOneChar -->
  <testcase classname="testclass.client.sesweb.FolderTest" name="VerifyViewLogPage" time="0.000">
    <skipped/>
  </testcase> <!-- VerifyViewLogPage -->
  <testcase classname="testclass.client.sesweb.FolderTest" name="VerifyTheFolderNameAfterCreatedSuccess" time="0.000">
    <skipped/>
  </testcase> <!-- VerifyTheFolderNameAfterCreatedSuccess -->
  <testcase classname="testclass.client.sesweb.FolderTest" name="AddNewFolderWithOneChar" time="3.633">
    <skipped/>
  </testcase> <!-- AddNewFolderWithOneChar -->
  <testcase classname="testclass.client.sesweb.FolderTest" name="CreateNewFolderWith64Character" time="4.754">
    <skipped/>
  </testcase> <!-- CreateNewFolderWith64Character -->
  <testcase classname="testclass.client.sesweb.FolderTest" name="AddNewFolder" time="3.503">
    <skipped/>
  </testcase> <!-- AddNewFolder -->
</testsuite> <!-- testclass.client.sesweb.FolderTest -->
