<?xml version="1.0" encoding="UTF-8"?>
<!-- Generated by org.testng.reporters.JUnitReportReporter -->
<testsuite hostname="T14s" failures="1" tests="7" name="testclass.client.sesweb.grouptest.ActionFromGroupMenu" time="95.225" errors="1" timestamp="2024-03-02T14:28:23 ICT" skipped="5">
  <testcase classname="testclass.client.sesweb.grouptest.ActionFromGroupMenu" name="verifyTheGroupProperties" time="26.935">
    <failure message="ERR| Proxy element for: DefaultElementLocator &#039;By.id: Actions_Type_Group_Basic&#039; Not displayed. Please recheck the locator" type="java.lang.AssertionError">
      <![CDATA[java.lang.AssertionError: ERR| Proxy element for: DefaultElementLocator 'By.id: Actions_Type_Group_Basic' Not displayed. Please recheck the locator
at org.testng.Assert.fail(Assert.java:111)
at com.clean.ults.ElementController.waitForElementClickAble(ElementController.java:39)
at com.clean.ults.ElementController.hover(ElementController.java:116)
at com.clean.pages.users.grouppage.GroupController.hoverToGroupMenu(GroupController.java:17)
at testclass.client.sesweb.grouptest.ActionFromGroupMenu.verifyTheGroupProperties(ActionFromGroupMenu.java:38)
at java.base/jdk.internal.reflect.DirectMethodHandleAccessor.invoke(DirectMethodHandleAccessor.java:103)
at java.base/java.lang.reflect.Method.invoke(Method.java:580)
at org.testng.internal.invokers.MethodInvocationHelper.invokeMethod(MethodInvocationHelper.java:139)
at org.testng.internal.invokers.TestInvoker.invokeMethod(TestInvoker.java:664)
at org.testng.internal.invokers.TestInvoker.retryFailed(TestInvoker.java:248)
at org.testng.internal.invokers.MethodRunner.runInSequence(MethodRunner.java:62)
at org.testng.internal.invokers.TestInvoker$MethodInvocationAgent.invoke(TestInvoker.java:957)
at org.testng.internal.invokers.TestInvoker.invokeTestMethods(TestInvoker.java:200)
at org.testng.internal.invokers.TestMethodWorker.invokeTestMethods(TestMethodWorker.java:148)
at org.testng.internal.invokers.TestMethodWorker.run(TestMethodWorker.java:128)
at java.base/java.util.concurrent.ThreadPoolExecutor.runWorker(ThreadPoolExecutor.java:1144)
at java.base/java.util.concurrent.ThreadPoolExecutor$Worker.run(ThreadPoolExecutor.java:642)
at java.base/java.lang.Thread.run(Thread.java:1583)
]]>
    </failure>
  </testcase> <!-- verifyTheGroupProperties -->
  <testcase classname="testclass.client.sesweb.grouptest.ActionFromGroupMenu" name="verifyDeleteGroup" time="7.275">
    <skipped/>
  </testcase> <!-- verifyDeleteGroup -->
  <testcase classname="testclass.client.sesweb.grouptest.ActionFromGroupMenu" name="verifyDeleteGroup" time="3.425">
    <skipped/>
  </testcase> <!-- verifyDeleteGroup -->
  <testcase classname="testclass.client.sesweb.grouptest.ActionFromGroupMenu" name="verifyDeleteGroup" time="3.372">
    <error message="Element &lt;button class=&quot;submit&quot; name=&quot;save&quot;&gt; is not clickable at point (1275,351) because another element &lt;html class=&quot;k-ff k-ff124&quot;&gt; obscures it
Build info: version: &#039;4.13.0&#039;, revision: &#039;ba948ece5b*&#039;
System info: os.name: &#039;Windows 11&#039;, os.arch: &#039;amd64&#039;, os.version: &#039;10.0&#039;, java.version: &#039;21.0.1&#039;
Driver info: org.openqa.selenium.remote.RemoteWebDriver
Command: [84a68c61-e28c-4732-ba59-80fe881f0713, clickElement {id=c5bf0981-da63-4fc7-9c1c-b1c3966249a3}]
Capabilities {acceptInsecureCerts: false, browserName: firefox, browserVersion: 124.0, moz:accessibilityChecks: false, moz:buildID: 20240221091558, moz:geckodriverVersion: 0.34.0, moz:headless: false, moz:platformVersion: 10.0, moz:processID: 20612, moz:profile: C:\Users\T14S-C~1\AppData\L..., moz:shutdownTimeout: 60000, moz:webdriverClick: true, moz:windowless: false, pageLoadStrategy: normal, platformName: Windows 11, proxy: Proxy(), se:bidiEnabled: false, se:cdp: ws://192.168.2.15:4444/sess..., setWindowRect: true, strictFileInteractability: false, timeouts: {implicit: 0, pageLoad: 300000, script: 30000}, unhandledPromptBehavior: dismiss and notify}
Element: [[RemoteWebDriver: firefox on Windows 11 (84a68c61-e28c-4732-ba59-80fe881f0713)] -&gt; name: save]
Session ID: 84a68c61-e28c-4732-ba59-80fe881f0713" type="org.openqa.selenium.ElementClickInterceptedException">
      <![CDATA[org.openqa.selenium.ElementClickInterceptedException: Element <button class="submit" name="save"> is not clickable at point (1275,351) because another element <html class="k-ff k-ff124"> obscures it
Build info: version: '4.13.0', revision: 'ba948ece5b*'
System info: os.name: 'Windows 11', os.arch: 'amd64', os.version: '10.0', java.version: '21.0.1'
Driver info: org.openqa.selenium.remote.RemoteWebDriver
Command: [84a68c61-e28c-4732-ba59-80fe881f0713, clickElement {id=c5bf0981-da63-4fc7-9c1c-b1c3966249a3}]
Capabilities {acceptInsecureCerts: false, browserName: firefox, browserVersion: 124.0, moz:accessibilityChecks: false, moz:buildID: 20240221091558, moz:geckodriverVersion: 0.34.0, moz:headless: false, moz:platformVersion: 10.0, moz:processID: 20612, moz:profile: C:\Users\T14S-C~1\AppData\L..., moz:shutdownTimeout: 60000, moz:webdriverClick: true, moz:windowless: false, pageLoadStrategy: normal, platformName: Windows 11, proxy: Proxy(), se:bidiEnabled: false, se:cdp: ws://192.168.2.15:4444/sess..., setWindowRect: true, strictFileInteractability: false, timeouts: {implicit: 0, pageLoad: 300000, script: 30000}, unhandledPromptBehavior: dismiss and notify}
Element: [[RemoteWebDriver: firefox on Windows 11 (84a68c61-e28c-4732-ba59-80fe881f0713)] -> name: save]
Session ID: 84a68c61-e28c-4732-ba59-80fe881f0713
at java.base/jdk.internal.reflect.DirectConstructorHandleAccessor.newInstance(DirectConstructorHandleAccessor.java:62)
at java.base/java.lang.reflect.Constructor.newInstanceWithCaller(Constructor.java:502)
at java.base/java.lang.reflect.Constructor.newInstance(Constructor.java:486)
at org.openqa.selenium.remote.codec.w3c.W3CHttpResponseCodec.createException(W3CHttpResponseCodec.java:200)
at org.openqa.selenium.remote.codec.w3c.W3CHttpResponseCodec.decode(W3CHttpResponseCodec.java:133)
at org.openqa.selenium.remote.codec.w3c.W3CHttpResponseCodec.decode(W3CHttpResponseCodec.java:52)
at org.openqa.selenium.remote.HttpCommandExecutor.execute(HttpCommandExecutor.java:191)
at org.openqa.selenium.remote.TracedCommandExecutor.execute(TracedCommandExecutor.java:51)
at org.openqa.selenium.remote.RemoteWebDriver.execute(RemoteWebDriver.java:602)
at org.openqa.selenium.remote.RemoteWebElement.execute(RemoteWebElement.java:224)
at org.openqa.selenium.remote.RemoteWebElement.click(RemoteWebElement.java:77)
at java.base/jdk.internal.reflect.DirectMethodHandleAccessor.invoke(DirectMethodHandleAccessor.java:103)
at java.base/java.lang.reflect.Method.invoke(Method.java:580)
at org.openqa.selenium.support.pagefactory.internal.LocatingElementHandler.invoke(LocatingElementHandler.java:51)
at jdk.proxy2/jdk.proxy2.$Proxy39.click(Unknown Source)
at com.clean.ults.ElementController.click(ElementController.java:48)
at com.clean.pages.users.addgroup.AddGroupController.clickOnSaveButton(AddGroupController.java:30)
at testclass.client.sesweb.grouptest.ActionFromGroupMenu.verifyDeleteGroup(ActionFromGroupMenu.java:89)
at java.base/jdk.internal.reflect.DirectMethodHandleAccessor.invoke(DirectMethodHandleAccessor.java:103)
at java.base/java.lang.reflect.Method.invoke(Method.java:580)
at org.testng.internal.invokers.MethodInvocationHelper.invokeMethod(MethodInvocationHelper.java:139)
at org.testng.internal.invokers.TestInvoker.invokeMethod(TestInvoker.java:664)
at org.testng.internal.invokers.TestInvoker.retryFailed(TestInvoker.java:248)
at org.testng.internal.invokers.MethodRunner.runInSequence(MethodRunner.java:62)
at org.testng.internal.invokers.TestInvoker$MethodInvocationAgent.invoke(TestInvoker.java:957)
at org.testng.internal.invokers.TestInvoker.invokeTestMethods(TestInvoker.java:200)
at org.testng.internal.invokers.TestMethodWorker.invokeTestMethods(TestMethodWorker.java:148)
at org.testng.internal.invokers.TestMethodWorker.run(TestMethodWorker.java:128)
at java.base/java.util.concurrent.ThreadPoolExecutor.runWorker(ThreadPoolExecutor.java:1144)
at java.base/java.util.concurrent.ThreadPoolExecutor$Worker.run(ThreadPoolExecutor.java:642)
at java.base/java.lang.Thread.run(Thread.java:1583)
]]>
    </error>
  </testcase> <!-- verifyDeleteGroup -->
  <testcase classname="testclass.client.sesweb.grouptest.ActionFromGroupMenu" name="verifyMoveGroupToAnotherFolder" time="0.080">
    <skipped/>
  </testcase> <!-- verifyMoveGroupToAnotherFolder -->
  <testcase classname="testclass.client.sesweb.grouptest.ActionFromGroupMenu" name="verifyTheGroupProperties" time="27.206">
    <skipped/>
  </testcase> <!-- verifyTheGroupProperties -->
  <testcase classname="testclass.client.sesweb.grouptest.ActionFromGroupMenu" name="verifyTheGroupProperties" time="26.932">
    <skipped/>
  </testcase> <!-- verifyTheGroupProperties -->
</testsuite> <!-- testclass.client.sesweb.grouptest.ActionFromGroupMenu -->
